<html>
<head>
<title>TestNG:  Default test</title>
<link href="../testng.css" rel="stylesheet" type="text/css" />
<link href="../my-testng.css" rel="stylesheet" type="text/css" />

<style type="text/css">
.log { display: none;} 
.stack-trace { display: none;} 
</style>
<script type="text/javascript">
<!--
function flip(e) {
  current = e.style.display;
  if (current == 'block') {
    e.style.display = 'none';
    return 0;
  }
  else {
    e.style.display = 'block';
    return 1;
  }
}

function toggleBox(szDivId, elem, msg1, msg2)
{
  var res = -1;  if (document.getElementById) {
    res = flip(document.getElementById(szDivId));
  }
  else if (document.all) {
    // this is the way old msie versions work
    res = flip(document.all[szDivId]);
  }
  if(elem) {
    if(res == 0) elem.innerHTML = msg1; else elem.innerHTML = msg2;
  }

}

function toggleAllBoxes() {
  if (document.getElementsByTagName) {
    d = document.getElementsByTagName('div');
    for (i = 0; i < d.length; i++) {
      if (d[i].className == 'log') {
        flip(d[i]);
      }
    }
  }
}

// -->
</script>

</head>
<body>
<h2 align='center'>Default test</h2><table border='1' align="center">
<tr>
<td>Tests passed/Failed/Skipped:</td><td>0/3/0</td>
</tr><tr>
<td>Started on:</td><td>Mon Aug 28 11:23:57 IST 2017</td>
</tr>
<tr><td>Total time:</td><td>103 seconds (103507 ms)</td>
</tr><tr>
<td>Included groups:</td><td></td>
</tr><tr>
<td>Excluded groups:</td><td></td>
</tr>
</table><p/>
<small><i>(Hover the method name to see the test class name)</i></small><p/>
<table width='100%' border='1' class='invocation-failed'>
<tr><td colspan='4' align='center'><b>FAILED TESTS</b></td></tr>
<tr><td><b>Test method</b></td>
<td width="30%"><b>Exception</b></td>
<td width="10%"><b>Time (seconds)</b></td>
<td><b>Instance</b></td>
</tr>
<tr>
<td title='com.galenframework.java.USB.tests.SingleVerification.verify_elanFontBlogListiingPage()'><b>verify_elanFontBlogListiingPage</b><br>Test class: com.galenframework.java.USB.tests.SingleVerification<br>Parameters: mobile 574x862</td>
<td><div><pre>com.galenframework.support.LayoutValidationException: /specs/Sprint2/Elan/DESKTOP/Font_FAQ_ELAN.spec, tags: [Mobile]
  - &quot;FAQPageTitle&quot; css property &quot;font-family&quot; is &quot;&quot;roboto-bold&quot;&quot; but should be &quot;roboto-bold&quot; (/specs/Sprint2/Elan/DESKTOP/Font_FAQ_ELAN.spec:72)
  - &quot;FirstFAQTitle&quot; css property &quot;font-family&quot; is &quot;&quot;roboto-medium&quot;&quot; but should be &quot;roboto-bold&quot; (/specs/Sprint2/Elan/DESKTOP/Font_FAQ_ELAN.spec:78)
  - &quot;FirstFAQCollapsedSign&quot; height is 27px instead of 22px (/specs/Sprint2/Elan/DESKTOP/Font_FAQ_ELAN.spec:84)
  - &quot;FirstFAQCollapsedSign&quot; width is 33px instead of 22px (/specs/Sprint2/Elan/DESKTOP/Font_FAQ_ELAN.spec:85)
  - &quot;CollapseContainer&quot; css property &quot;background-color&quot; is &quot;transparent&quot; but should be &quot;rgba(108, 32, 126, 1)&quot; (/specs/Sprint2/Elan/DESKTOP/Font_FAQ_ELAN.spec:88)

	at com.galenframework.support.GalenJavaTestBase.checkLayout(GalenJavaTestBase.java:129)
	at com.galenframework.support.GalenJavaTestBase.checkLayout(GalenJavaTestBase.java:111)
	at com.galenframework.java.USB.tests.SingleVerification.verify_elanFontBlogListiingPage(SingleVerification.java:346)
	at sun.reflect.NativeMethodAccessorImpl.invoke0(Native Method)
	at sun.reflect.NativeMethodAccessorImpl.invoke(NativeMethodAccessorImpl.java:62)
	at sun.reflect.DelegatingMethodAccessorImpl.invoke(DelegatingMethodAccessorImpl.java:43)
	at java.lang.reflect.Method.invoke(Method.java:498)
	at org.testng.internal.MethodInvocationHelper.invokeMethod(MethodInvocationHelper.java:80)
	at org.testng.internal.Invoker.invokeMethod(Invoker.java:715)
	at org.testng.internal.Invoker.invokeTestMethod(Invoker.java:907)
	at org.testng.internal.Invoker.invokeTestMethods(Invoker.java:1237)
	at org.testng.internal.TestMethodWorker.invokeTestMethods(TestMethodWorker.java:127)
	at org.testng.internal.TestMethodWorker.run(TestMethodWorker.java:111)
	at org.testng.TestRunner.privateRun(TestRunner.java:767)
	at org.testng.TestRunner.run(TestRunner.java:617)
	at org.testng.SuiteRunner.runTest(SuiteRunner.java:334)
	at org.testng.SuiteRunner.runSequentially(SuiteRunner.java:329)
	at org.testng.SuiteRunner.privateRun(SuiteRunner.java:291)
	at org.testng.SuiteRunner.run(SuiteRunner.java:240)
	at org.testng.SuiteRunnerWorker.runSuite(SuiteRunnerWorker.java:51)
	at org.testng.SuiteRunnerWorker.run(SuiteRunnerWorker.java:85)
	at org.testng.TestNG.runSuitesSequentially(TestNG.java:1197)
	at org.testng.TestNG.runSuitesLocally(TestNG.java:1122)
	at org.testng.TestNG.run(TestNG.java:1030)
	at org.testng.remote.AbstractRemoteTestNG.run(AbstractRemoteTestNG.java:132)
	at org.testng.remote.RemoteTestNG.initAndRun(RemoteTestNG.java:230)
	at org.testng.remote.RemoteTestNG.main(RemoteTestNG.java:76)
</pre></div><a href='#' onClick='toggleBox("stack-trace892931811", this, "Click to show all stack frames", "Click to hide stack frames")'>Click to show all stack frames</a>
<div class='stack-trace' id='stack-trace892931811'><pre>com.galenframework.support.LayoutValidationException: /specs/Sprint2/Elan/DESKTOP/Font_FAQ_ELAN.spec, tags: [Mobile]
  - &quot;FAQPageTitle&quot; css property &quot;font-family&quot; is &quot;&quot;roboto-bold&quot;&quot; but should be &quot;roboto-bold&quot; (/specs/Sprint2/Elan/DESKTOP/Font_FAQ_ELAN.spec:72)
  - &quot;FirstFAQTitle&quot; css property &quot;font-family&quot; is &quot;&quot;roboto-medium&quot;&quot; but should be &quot;roboto-bold&quot; (/specs/Sprint2/Elan/DESKTOP/Font_FAQ_ELAN.spec:78)
  - &quot;FirstFAQCollapsedSign&quot; height is 27px instead of 22px (/specs/Sprint2/Elan/DESKTOP/Font_FAQ_ELAN.spec:84)
  - &quot;FirstFAQCollapsedSign&quot; width is 33px instead of 22px (/specs/Sprint2/Elan/DESKTOP/Font_FAQ_ELAN.spec:85)
  - &quot;CollapseContainer&quot; css property &quot;background-color&quot; is &quot;transparent&quot; but should be &quot;rgba(108, 32, 126, 1)&quot; (/specs/Sprint2/Elan/DESKTOP/Font_FAQ_ELAN.spec:88)

	at com.galenframework.support.GalenJavaTestBase.checkLayout(GalenJavaTestBase.java:129)
	at com.galenframework.support.GalenJavaTestBase.checkLayout(GalenJavaTestBase.java:111)
	at com.galenframework.java.USB.tests.SingleVerification.verify_elanFontBlogListiingPage(SingleVerification.java:346)
	at sun.reflect.NativeMethodAccessorImpl.invoke0(Native Method)
	at sun.reflect.NativeMethodAccessorImpl.invoke(NativeMethodAccessorImpl.java:62)
	at sun.reflect.DelegatingMethodAccessorImpl.invoke(DelegatingMethodAccessorImpl.java:43)
	at java.lang.reflect.Method.invoke(Method.java:498)
	at org.testng.internal.MethodInvocationHelper.invokeMethod(MethodInvocationHelper.java:80)
	at org.testng.internal.Invoker.invokeMethod(Invoker.java:715)
	at org.testng.internal.Invoker.invokeTestMethod(Invoker.java:907)
	at org.testng.internal.Invoker.invokeTestMethods(Invoker.java:1237)
	at org.testng.internal.TestMethodWorker.invokeTestMethods(TestMethodWorker.java:127)
	at org.testng.internal.TestMethodWorker.run(TestMethodWorker.java:111)
	at org.testng.TestRunner.privateRun(TestRunner.java:767)
	at org.testng.TestRunner.run(TestRunner.java:617)
	at org.testng.SuiteRunner.runTest(SuiteRunner.java:334)
	at org.testng.SuiteRunner.runSequentially(SuiteRunner.java:329)
	at org.testng.SuiteRunner.privateRun(SuiteRunner.java:291)
	at org.testng.SuiteRunner.run(SuiteRunner.java:240)
	at org.testng.SuiteRunnerWorker.runSuite(SuiteRunnerWorker.java:51)
	at org.testng.SuiteRunnerWorker.run(SuiteRunnerWorker.java:85)
	at org.testng.TestNG.runSuitesSequentially(TestNG.java:1197)
	at org.testng.TestNG.runSuitesLocally(TestNG.java:1122)
	at org.testng.TestNG.run(TestNG.java:1030)
	at org.testng.remote.AbstractRemoteTestNG.run(AbstractRemoteTestNG.java:132)
	at org.testng.remote.RemoteTestNG.initAndRun(RemoteTestNG.java:230)
	at org.testng.remote.RemoteTestNG.main(RemoteTestNG.java:76)
</pre></div></td>
<td>27</td>
<td>com.galenframework.java.USB.tests.SingleVerification@3ffc5af1</td></tr>
<tr>
<td title='com.galenframework.java.USB.tests.SingleVerification.verify_elanFontBlogListiingPage()'><b>verify_elanFontBlogListiingPage</b><br>Test class: com.galenframework.java.USB.tests.SingleVerification<br>Parameters: tablet 992x1322</td>
<td><div><pre>com.galenframework.support.LayoutValidationException: /specs/Sprint2/Elan/DESKTOP/Font_FAQ_ELAN.spec, tags: [tablet]
  - &quot;FAQPageTitle&quot; css property &quot;font-family&quot; is &quot;&quot;roboto-bold&quot;&quot; but should be &quot;roboto-bold&quot; (/specs/Sprint2/Elan/DESKTOP/Font_FAQ_ELAN.spec:43)
  - &quot;FirstFAQTitle&quot; css property &quot;font-family&quot; is &quot;&quot;roboto-bold&quot;&quot; but should be &quot;roboto-bold&quot; (/specs/Sprint2/Elan/DESKTOP/Font_FAQ_ELAN.spec:49)
  - &quot;FirstFAQCollapsedSign&quot; height is 27px instead of 22px (/specs/Sprint2/Elan/DESKTOP/Font_FAQ_ELAN.spec:55)
  - &quot;FirstFAQCollapsedSign&quot; width is 33px instead of 22px (/specs/Sprint2/Elan/DESKTOP/Font_FAQ_ELAN.spec:56)
  - &quot;CollapseContainer&quot; css property &quot;background-color&quot; is &quot;transparent&quot; but should be &quot;rgba(108, 32, 126, 1)&quot; (/specs/Sprint2/Elan/DESKTOP/Font_FAQ_ELAN.spec:59)

	at com.galenframework.support.GalenJavaTestBase.checkLayout(GalenJavaTestBase.java:129)
	at com.galenframework.support.GalenJavaTestBase.checkLayout(GalenJavaTestBase.java:111)
	at com.galenframework.java.USB.tests.SingleVerification.verify_elanFontBlogListiingPage(SingleVerification.java:346)
	at sun.reflect.NativeMethodAccessorImpl.invoke0(Native Method)
	at sun.reflect.NativeMethodAccessorImpl.invoke(NativeMethodAccessorImpl.java:62)
	at sun.reflect.DelegatingMethodAccessorImpl.invoke(DelegatingMethodAccessorImpl.java:43)
	at java.lang.reflect.Method.invoke(Method.java:498)
	at org.testng.internal.MethodInvocationHelper.invokeMethod(MethodInvocationHelper.java:80)
	at org.testng.internal.Invoker.invokeMethod(Invoker.java:715)
	at org.testng.internal.Invoker.invokeTestMethod(Invoker.java:907)
	at org.testng.internal.Invoker.invokeTestMethods(Invoker.java:1237)
	at org.testng.internal.TestMethodWorker.invokeTestMethods(TestMethodWorker.java:127)
	at org.testng.internal.TestMethodWorker.run(TestMethodWorker.java:111)
	at org.testng.TestRunner.privateRun(TestRunner.java:767)
	at org.testng.TestRunner.run(TestRunner.java:617)
	at org.testng.SuiteRunner.runTest(SuiteRunner.java:334)
	at org.testng.SuiteRunner.runSequentially(SuiteRunner.java:329)
	at org.testng.SuiteRunner.privateRun(SuiteRunner.java:291)
	at org.testng.SuiteRunner.run(SuiteRunner.java:240)
	at org.testng.SuiteRunnerWorker.runSuite(SuiteRunnerWorker.java:51)
	at org.testng.SuiteRunnerWorker.run(SuiteRunnerWorker.java:85)
	at org.testng.TestNG.runSuitesSequentially(TestNG.java:1197)
	at org.testng.TestNG.runSuitesLocally(TestNG.java:1122)
	at org.testng.TestNG.run(TestNG.java:1030)
	at org.testng.remote.AbstractRemoteTestNG.run(AbstractRemoteTestNG.java:132)
	at org.testng.remote.RemoteTestNG.initAndRun(RemoteTestNG.java:230)
	at org.testng.remote.RemoteTestNG.main(RemoteTestNG.java:76)
</pre></div><a href='#' onClick='toggleBox("stack-trace1972143064", this, "Click to show all stack frames", "Click to hide stack frames")'>Click to show all stack frames</a>
<div class='stack-trace' id='stack-trace1972143064'><pre>com.galenframework.support.LayoutValidationException: /specs/Sprint2/Elan/DESKTOP/Font_FAQ_ELAN.spec, tags: [tablet]
  - &quot;FAQPageTitle&quot; css property &quot;font-family&quot; is &quot;&quot;roboto-bold&quot;&quot; but should be &quot;roboto-bold&quot; (/specs/Sprint2/Elan/DESKTOP/Font_FAQ_ELAN.spec:43)
  - &quot;FirstFAQTitle&quot; css property &quot;font-family&quot; is &quot;&quot;roboto-bold&quot;&quot; but should be &quot;roboto-bold&quot; (/specs/Sprint2/Elan/DESKTOP/Font_FAQ_ELAN.spec:49)
  - &quot;FirstFAQCollapsedSign&quot; height is 27px instead of 22px (/specs/Sprint2/Elan/DESKTOP/Font_FAQ_ELAN.spec:55)
  - &quot;FirstFAQCollapsedSign&quot; width is 33px instead of 22px (/specs/Sprint2/Elan/DESKTOP/Font_FAQ_ELAN.spec:56)
  - &quot;CollapseContainer&quot; css property &quot;background-color&quot; is &quot;transparent&quot; but should be &quot;rgba(108, 32, 126, 1)&quot; (/specs/Sprint2/Elan/DESKTOP/Font_FAQ_ELAN.spec:59)

	at com.galenframework.support.GalenJavaTestBase.checkLayout(GalenJavaTestBase.java:129)
	at com.galenframework.support.GalenJavaTestBase.checkLayout(GalenJavaTestBase.java:111)
	at com.galenframework.java.USB.tests.SingleVerification.verify_elanFontBlogListiingPage(SingleVerification.java:346)
	at sun.reflect.NativeMethodAccessorImpl.invoke0(Native Method)
	at sun.reflect.NativeMethodAccessorImpl.invoke(NativeMethodAccessorImpl.java:62)
	at sun.reflect.DelegatingMethodAccessorImpl.invoke(DelegatingMethodAccessorImpl.java:43)
	at java.lang.reflect.Method.invoke(Method.java:498)
	at org.testng.internal.MethodInvocationHelper.invokeMethod(MethodInvocationHelper.java:80)
	at org.testng.internal.Invoker.invokeMethod(Invoker.java:715)
	at org.testng.internal.Invoker.invokeTestMethod(Invoker.java:907)
	at org.testng.internal.Invoker.invokeTestMethods(Invoker.java:1237)
	at org.testng.internal.TestMethodWorker.invokeTestMethods(TestMethodWorker.java:127)
	at org.testng.internal.TestMethodWorker.run(TestMethodWorker.java:111)
	at org.testng.TestRunner.privateRun(TestRunner.java:767)
	at org.testng.TestRunner.run(TestRunner.java:617)
	at org.testng.SuiteRunner.runTest(SuiteRunner.java:334)
	at org.testng.SuiteRunner.runSequentially(SuiteRunner.java:329)
	at org.testng.SuiteRunner.privateRun(SuiteRunner.java:291)
	at org.testng.SuiteRunner.run(SuiteRunner.java:240)
	at org.testng.SuiteRunnerWorker.runSuite(SuiteRunnerWorker.java:51)
	at org.testng.SuiteRunnerWorker.run(SuiteRunnerWorker.java:85)
	at org.testng.TestNG.runSuitesSequentially(TestNG.java:1197)
	at org.testng.TestNG.runSuitesLocally(TestNG.java:1122)
	at org.testng.TestNG.run(TestNG.java:1030)
	at org.testng.remote.AbstractRemoteTestNG.run(AbstractRemoteTestNG.java:132)
	at org.testng.remote.RemoteTestNG.initAndRun(RemoteTestNG.java:230)
	at org.testng.remote.RemoteTestNG.main(RemoteTestNG.java:76)
</pre></div></td>
<td>27</td>
<td>com.galenframework.java.USB.tests.SingleVerification@3ffc5af1</td></tr>
<tr>
<td title='com.galenframework.java.USB.tests.SingleVerification.verify_elanFontBlogListiingPage()'><b>verify_elanFontBlogListiingPage</b><br>Test class: com.galenframework.java.USB.tests.SingleVerification<br>Parameters: desktop 1200x900</td>
<td><div><pre>com.galenframework.support.LayoutValidationException: /specs/Sprint2/Elan/DESKTOP/Font_FAQ_ELAN.spec, tags: [Desktop]
  - &quot;FAQPageTitle&quot; css property &quot;font-family&quot; is &quot;&quot;roboto-bold&quot;&quot; but should be &quot;roboto-bold&quot; (/specs/Sprint2/Elan/DESKTOP/Font_FAQ_ELAN.spec:15)
  - &quot;FirstFAQTitle&quot; css property &quot;font-family&quot; is &quot;&quot;roboto-bold&quot;&quot; but should be &quot;roboto-bold&quot; (/specs/Sprint2/Elan/DESKTOP/Font_FAQ_ELAN.spec:21)
  - &quot;FirstFAQCollapsedSign&quot; css property &quot;color&quot; is &quot;rgba(255, 255, 255, 1)&quot; but should be &quot;#FFFFFF&quot; (/specs/Sprint2/Elan/DESKTOP/Font_FAQ_ELAN.spec:26)
  - &quot;FirstFAQCollapsedSign&quot; height is 27px instead of 22px (/specs/Sprint2/Elan/DESKTOP/Font_FAQ_ELAN.spec:27)
  - &quot;FirstFAQCollapsedSign&quot; width is 33px instead of 22px (/specs/Sprint2/Elan/DESKTOP/Font_FAQ_ELAN.spec:28)
  - &quot;CollapseContainer&quot; css property &quot;background-color&quot; is &quot;transparent&quot; but should be &quot;rgba(108, 32, 126, 1)&quot; (/specs/Sprint2/Elan/DESKTOP/Font_FAQ_ELAN.spec:31)

	at com.galenframework.support.GalenJavaTestBase.checkLayout(GalenJavaTestBase.java:129)
	at com.galenframework.support.GalenJavaTestBase.checkLayout(GalenJavaTestBase.java:111)
	at com.galenframework.java.USB.tests.SingleVerification.verify_elanFontBlogListiingPage(SingleVerification.java:346)
	at sun.reflect.NativeMethodAccessorImpl.invoke0(Native Method)
	at sun.reflect.NativeMethodAccessorImpl.invoke(NativeMethodAccessorImpl.java:62)
	at sun.reflect.DelegatingMethodAccessorImpl.invoke(DelegatingMethodAccessorImpl.java:43)
	at java.lang.reflect.Method.invoke(Method.java:498)
	at org.testng.internal.MethodInvocationHelper.invokeMethod(MethodInvocationHelper.java:80)
	at org.testng.internal.Invoker.invokeMethod(Invoker.java:715)
	at org.testng.internal.Invoker.invokeTestMethod(Invoker.java:907)
	at org.testng.internal.Invoker.invokeTestMethods(Invoker.java:1237)
	at org.testng.internal.TestMethodWorker.invokeTestMethods(TestMethodWorker.java:127)
	at org.testng.internal.TestMethodWorker.run(TestMethodWorker.java:111)
	at org.testng.TestRunner.privateRun(TestRunner.java:767)
	at org.testng.TestRunner.run(TestRunner.java:617)
	at org.testng.SuiteRunner.runTest(SuiteRunner.java:334)
	at org.testng.SuiteRunner.runSequentially(SuiteRunner.java:329)
	at org.testng.SuiteRunner.privateRun(SuiteRunner.java:291)
	at org.testng.SuiteRunner.run(SuiteRunner.java:240)
	at org.testng.SuiteRunnerWorker.runSuite(SuiteRunnerWorker.java:51)
	at org.testng.SuiteRunnerWorker.run(SuiteRunnerWorker.java:85)
	at org.testng.TestNG.runSuitesSequentially(TestNG.java:1197)
	at org.testng.TestNG.runSuitesLocally(TestNG.java:1122)
	at org.testng.TestNG.run(TestNG.java:1030)
	at org.testng.remote.AbstractRemoteTestNG.run(AbstractRemoteTestNG.java:132)
	at org.testng.remote.RemoteTestNG.initAndRun(RemoteTestNG.java:230)
	at org.testng.remote.RemoteTestNG.main(RemoteTestNG.java:76)
</pre></div><a href='#' onClick='toggleBox("stack-trace331596257", this, "Click to show all stack frames", "Click to hide stack frames")'>Click to show all stack frames</a>
<div class='stack-trace' id='stack-trace331596257'><pre>com.galenframework.support.LayoutValidationException: /specs/Sprint2/Elan/DESKTOP/Font_FAQ_ELAN.spec, tags: [Desktop]
  - &quot;FAQPageTitle&quot; css property &quot;font-family&quot; is &quot;&quot;roboto-bold&quot;&quot; but should be &quot;roboto-bold&quot; (/specs/Sprint2/Elan/DESKTOP/Font_FAQ_ELAN.spec:15)
  - &quot;FirstFAQTitle&quot; css property &quot;font-family&quot; is &quot;&quot;roboto-bold&quot;&quot; but should be &quot;roboto-bold&quot; (/specs/Sprint2/Elan/DESKTOP/Font_FAQ_ELAN.spec:21)
  - &quot;FirstFAQCollapsedSign&quot; css property &quot;color&quot; is &quot;rgba(255, 255, 255, 1)&quot; but should be &quot;#FFFFFF&quot; (/specs/Sprint2/Elan/DESKTOP/Font_FAQ_ELAN.spec:26)
  - &quot;FirstFAQCollapsedSign&quot; height is 27px instead of 22px (/specs/Sprint2/Elan/DESKTOP/Font_FAQ_ELAN.spec:27)
  - &quot;FirstFAQCollapsedSign&quot; width is 33px instead of 22px (/specs/Sprint2/Elan/DESKTOP/Font_FAQ_ELAN.spec:28)
  - &quot;CollapseContainer&quot; css property &quot;background-color&quot; is &quot;transparent&quot; but should be &quot;rgba(108, 32, 126, 1)&quot; (/specs/Sprint2/Elan/DESKTOP/Font_FAQ_ELAN.spec:31)

	at com.galenframework.support.GalenJavaTestBase.checkLayout(GalenJavaTestBase.java:129)
	at com.galenframework.support.GalenJavaTestBase.checkLayout(GalenJavaTestBase.java:111)
	at com.galenframework.java.USB.tests.SingleVerification.verify_elanFontBlogListiingPage(SingleVerification.java:346)
	at sun.reflect.NativeMethodAccessorImpl.invoke0(Native Method)
	at sun.reflect.NativeMethodAccessorImpl.invoke(NativeMethodAccessorImpl.java:62)
	at sun.reflect.DelegatingMethodAccessorImpl.invoke(DelegatingMethodAccessorImpl.java:43)
	at java.lang.reflect.Method.invoke(Method.java:498)
	at org.testng.internal.MethodInvocationHelper.invokeMethod(MethodInvocationHelper.java:80)
	at org.testng.internal.Invoker.invokeMethod(Invoker.java:715)
	at org.testng.internal.Invoker.invokeTestMethod(Invoker.java:907)
	at org.testng.internal.Invoker.invokeTestMethods(Invoker.java:1237)
	at org.testng.internal.TestMethodWorker.invokeTestMethods(TestMethodWorker.java:127)
	at org.testng.internal.TestMethodWorker.run(TestMethodWorker.java:111)
	at org.testng.TestRunner.privateRun(TestRunner.java:767)
	at org.testng.TestRunner.run(TestRunner.java:617)
	at org.testng.SuiteRunner.runTest(SuiteRunner.java:334)
	at org.testng.SuiteRunner.runSequentially(SuiteRunner.java:329)
	at org.testng.SuiteRunner.privateRun(SuiteRunner.java:291)
	at org.testng.SuiteRunner.run(SuiteRunner.java:240)
	at org.testng.SuiteRunnerWorker.runSuite(SuiteRunnerWorker.java:51)
	at org.testng.SuiteRunnerWorker.run(SuiteRunnerWorker.java:85)
	at org.testng.TestNG.runSuitesSequentially(TestNG.java:1197)
	at org.testng.TestNG.runSuitesLocally(TestNG.java:1122)
	at org.testng.TestNG.run(TestNG.java:1030)
	at org.testng.remote.AbstractRemoteTestNG.run(AbstractRemoteTestNG.java:132)
	at org.testng.remote.RemoteTestNG.initAndRun(RemoteTestNG.java:230)
	at org.testng.remote.RemoteTestNG.main(RemoteTestNG.java:76)
</pre></div></td>
<td>27</td>
<td>com.galenframework.java.USB.tests.SingleVerification@3ffc5af1</td></tr>
</table><p>
</body>
</html>