<?xml version="1.0" encoding="UTF-8"?>
<testng-results skipped="0" failed="3" total="3" passed="0">
  <reporter-output>
  </reporter-output>
  <suite name="Default suite" duration-ms="103507" started-at="2017-08-28T05:53:57Z" finished-at="2017-08-28T05:55:40Z">
    <groups>
    </groups>
    <test name="Default test" duration-ms="103507" started-at="2017-08-28T05:53:57Z" finished-at="2017-08-28T05:55:40Z">
      <class name="com.galenframework.java.USB.tests.SingleVerification">
        <test-method status="PASS" signature="initDriver([Ljava.lang.Object;)[pri:0, instance:com.galenframework.java.USB.tests.SingleVerification@3ffc5af1]" name="initDriver" is-config="true" duration-ms="7148" started-at="2017-08-28T11:23:57Z" finished-at="2017-08-28T11:24:04Z">
          <params>
            <param index="0">
              <value>
                <![CDATA[[Ljava.lang.Object;@12dae582]]>
              </value>
            </param>
          </params>
          <reporter-output>
          </reporter-output>
        </test-method> <!-- initDriver -->
        <test-method status="PASS" signature="initReport(java.lang.reflect.Method, [Ljava.lang.Object;)[pri:0, instance:com.galenframework.java.USB.tests.SingleVerification@3ffc5af1]" name="initReport" is-config="true" duration-ms="4" started-at="2017-08-28T11:24:04Z" finished-at="2017-08-28T11:24:04Z">
          <params>
            <param index="0">
              <value>
                <![CDATA[public void com.galenframework.java.USB.tests.SingleVerification.verify_elanFontBlogListiingPage(com.galenframework.java.USB.components.GalenTestBase$TestDevice) throws java.io.IOException]]>
              </value>
            </param>
            <param index="1">
              <value>
                <![CDATA[[Ljava.lang.Object;@12dae582]]>
              </value>
            </param>
          </params>
          <reporter-output>
          </reporter-output>
        </test-method> <!-- initReport -->
        <test-method status="FAIL" signature="verify_elanFontBlogListiingPage(com.galenframework.java.USB.components.GalenTestBase$TestDevice)[pri:0, instance:com.galenframework.java.USB.tests.SingleVerification@3ffc5af1]" name="verify_elanFontBlogListiingPage" duration-ms="27624" started-at="2017-08-28T11:24:04Z" data-provider="devices" finished-at="2017-08-28T11:24:32Z">
          <params>
            <param index="0">
              <value>
                <![CDATA[mobile 574x862]]>
              </value>
            </param>
          </params>
          <exception class="com.galenframework.support.LayoutValidationException">
            <message>
              <![CDATA[/specs/Sprint2/Elan/DESKTOP/Font_FAQ_ELAN.spec, tags: [Mobile]
  - "FAQPageTitle" css property "font-family" is ""roboto-bold"" but should be "roboto-bold" (/specs/Sprint2/Elan/DESKTOP/Font_FAQ_ELAN.spec:72)
  - "FirstFAQTitle" css property "font-family" is ""roboto-medium"" but should be "roboto-bold" (/specs/Sprint2/Elan/DESKTOP/Font_FAQ_ELAN.spec:78)
  - "FirstFAQCollapsedSign" height is 27px instead of 22px (/specs/Sprint2/Elan/DESKTOP/Font_FAQ_ELAN.spec:84)
  - "FirstFAQCollapsedSign" width is 33px instead of 22px (/specs/Sprint2/Elan/DESKTOP/Font_FAQ_ELAN.spec:85)
  - "CollapseContainer" css property "background-color" is "transparent" but should be "rgba(108, 32, 126, 1)" (/specs/Sprint2/Elan/DESKTOP/Font_FAQ_ELAN.spec:88)
]]>
            </message>
            <full-stacktrace>
              <![CDATA[com.galenframework.support.LayoutValidationException: /specs/Sprint2/Elan/DESKTOP/Font_FAQ_ELAN.spec, tags: [Mobile]
  - "FAQPageTitle" css property "font-family" is ""roboto-bold"" but should be "roboto-bold" (/specs/Sprint2/Elan/DESKTOP/Font_FAQ_ELAN.spec:72)
  - "FirstFAQTitle" css property "font-family" is ""roboto-medium"" but should be "roboto-bold" (/specs/Sprint2/Elan/DESKTOP/Font_FAQ_ELAN.spec:78)
  - "FirstFAQCollapsedSign" height is 27px instead of 22px (/specs/Sprint2/Elan/DESKTOP/Font_FAQ_ELAN.spec:84)
  - "FirstFAQCollapsedSign" width is 33px instead of 22px (/specs/Sprint2/Elan/DESKTOP/Font_FAQ_ELAN.spec:85)
  - "CollapseContainer" css property "background-color" is "transparent" but should be "rgba(108, 32, 126, 1)" (/specs/Sprint2/Elan/DESKTOP/Font_FAQ_ELAN.spec:88)

	at com.galenframework.support.GalenJavaTestBase.checkLayout(GalenJavaTestBase.java:129)
	at com.galenframework.support.GalenJavaTestBase.checkLayout(GalenJavaTestBase.java:111)
	at com.galenframework.java.USB.tests.SingleVerification.verify_elanFontBlogListiingPage(SingleVerification.java:346)
	at sun.reflect.NativeMethodAccessorImpl.invoke0(Native Method)
	at sun.reflect.NativeMethodAccessorImpl.invoke(NativeMethodAccessorImpl.java:62)
	at sun.reflect.DelegatingMethodAccessorImpl.invoke(DelegatingMethodAccessorImpl.java:43)
	at java.lang.reflect.Method.invoke(Method.java:498)
	at org.testng.internal.MethodInvocationHelper.invokeMethod(MethodInvocationHelper.java:80)
	at org.testng.internal.Invoker.invokeMethod(Invoker.java:715)
	at org.testng.internal.Invoker.invokeTestMethod(Invoker.java:907)
	at org.testng.internal.Invoker.invokeTestMethods(Invoker.java:1237)
	at org.testng.internal.TestMethodWorker.invokeTestMethods(TestMethodWorker.java:127)
	at org.testng.internal.TestMethodWorker.run(TestMethodWorker.java:111)
	at org.testng.TestRunner.privateRun(TestRunner.java:767)
	at org.testng.TestRunner.run(TestRunner.java:617)
	at org.testng.SuiteRunner.runTest(SuiteRunner.java:334)
	at org.testng.SuiteRunner.runSequentially(SuiteRunner.java:329)
	at org.testng.SuiteRunner.privateRun(SuiteRunner.java:291)
	at org.testng.SuiteRunner.run(SuiteRunner.java:240)
	at org.testng.SuiteRunnerWorker.runSuite(SuiteRunnerWorker.java:51)
	at org.testng.SuiteRunnerWorker.run(SuiteRunnerWorker.java:85)
	at org.testng.TestNG.runSuitesSequentially(TestNG.java:1197)
	at org.testng.TestNG.runSuitesLocally(TestNG.java:1122)
	at org.testng.TestNG.run(TestNG.java:1030)
	at org.testng.remote.AbstractRemoteTestNG.run(AbstractRemoteTestNG.java:132)
	at org.testng.remote.RemoteTestNG.initAndRun(RemoteTestNG.java:230)
	at org.testng.remote.RemoteTestNG.main(RemoteTestNG.java:76)
]]>
            </full-stacktrace>
          </exception> <!-- com.galenframework.support.LayoutValidationException -->
          <reporter-output>
          </reporter-output>
        </test-method> <!-- verify_elanFontBlogListiingPage -->
        <test-method status="PASS" signature="provideTestEndDate()[pri:0, instance:com.galenframework.java.USB.tests.SingleVerification@3ffc5af1]" name="provideTestEndDate" is-config="true" duration-ms="0" started-at="2017-08-28T11:24:32Z" finished-at="2017-08-28T11:24:32Z">
          <reporter-output>
          </reporter-output>
        </test-method> <!-- provideTestEndDate -->
        <test-method status="PASS" signature="quitDriver()[pri:0, instance:com.galenframework.java.USB.tests.SingleVerification@3ffc5af1]" name="quitDriver" is-config="true" duration-ms="732" started-at="2017-08-28T11:24:32Z" finished-at="2017-08-28T11:24:32Z">
          <reporter-output>
          </reporter-output>
        </test-method> <!-- quitDriver -->
        <test-method status="PASS" signature="initDriver([Ljava.lang.Object;)[pri:0, instance:com.galenframework.java.USB.tests.SingleVerification@3ffc5af1]" name="initDriver" is-config="true" duration-ms="6055" started-at="2017-08-28T11:24:32Z" finished-at="2017-08-28T11:24:39Z">
          <params>
            <param index="0">
              <value>
                <![CDATA[[Ljava.lang.Object;@5b057c8c]]>
              </value>
            </param>
          </params>
          <reporter-output>
          </reporter-output>
        </test-method> <!-- initDriver -->
        <test-method status="PASS" signature="initReport(java.lang.reflect.Method, [Ljava.lang.Object;)[pri:0, instance:com.galenframework.java.USB.tests.SingleVerification@3ffc5af1]" name="initReport" is-config="true" duration-ms="1" started-at="2017-08-28T11:24:39Z" finished-at="2017-08-28T11:24:39Z">
          <params>
            <param index="0">
              <value>
                <![CDATA[public void com.galenframework.java.USB.tests.SingleVerification.verify_elanFontBlogListiingPage(com.galenframework.java.USB.components.GalenTestBase$TestDevice) throws java.io.IOException]]>
              </value>
            </param>
            <param index="1">
              <value>
                <![CDATA[[Ljava.lang.Object;@5b057c8c]]>
              </value>
            </param>
          </params>
          <reporter-output>
          </reporter-output>
        </test-method> <!-- initReport -->
        <test-method status="FAIL" signature="verify_elanFontBlogListiingPage(com.galenframework.java.USB.components.GalenTestBase$TestDevice)[pri:0, instance:com.galenframework.java.USB.tests.SingleVerification@3ffc5af1]" name="verify_elanFontBlogListiingPage" duration-ms="27272" started-at="2017-08-28T11:24:39Z" data-provider="devices" finished-at="2017-08-28T11:25:06Z">
          <params>
            <param index="0">
              <value>
                <![CDATA[tablet 992x1322]]>
              </value>
            </param>
          </params>
          <exception class="com.galenframework.support.LayoutValidationException">
            <message>
              <![CDATA[/specs/Sprint2/Elan/DESKTOP/Font_FAQ_ELAN.spec, tags: [tablet]
  - "FAQPageTitle" css property "font-family" is ""roboto-bold"" but should be "roboto-bold" (/specs/Sprint2/Elan/DESKTOP/Font_FAQ_ELAN.spec:43)
  - "FirstFAQTitle" css property "font-family" is ""roboto-bold"" but should be "roboto-bold" (/specs/Sprint2/Elan/DESKTOP/Font_FAQ_ELAN.spec:49)
  - "FirstFAQCollapsedSign" height is 27px instead of 22px (/specs/Sprint2/Elan/DESKTOP/Font_FAQ_ELAN.spec:55)
  - "FirstFAQCollapsedSign" width is 33px instead of 22px (/specs/Sprint2/Elan/DESKTOP/Font_FAQ_ELAN.spec:56)
  - "CollapseContainer" css property "background-color" is "transparent" but should be "rgba(108, 32, 126, 1)" (/specs/Sprint2/Elan/DESKTOP/Font_FAQ_ELAN.spec:59)
]]>
            </message>
            <full-stacktrace>
              <![CDATA[com.galenframework.support.LayoutValidationException: /specs/Sprint2/Elan/DESKTOP/Font_FAQ_ELAN.spec, tags: [tablet]
  - "FAQPageTitle" css property "font-family" is ""roboto-bold"" but should be "roboto-bold" (/specs/Sprint2/Elan/DESKTOP/Font_FAQ_ELAN.spec:43)
  - "FirstFAQTitle" css property "font-family" is ""roboto-bold"" but should be "roboto-bold" (/specs/Sprint2/Elan/DESKTOP/Font_FAQ_ELAN.spec:49)
  - "FirstFAQCollapsedSign" height is 27px instead of 22px (/specs/Sprint2/Elan/DESKTOP/Font_FAQ_ELAN.spec:55)
  - "FirstFAQCollapsedSign" width is 33px instead of 22px (/specs/Sprint2/Elan/DESKTOP/Font_FAQ_ELAN.spec:56)
  - "CollapseContainer" css property "background-color" is "transparent" but should be "rgba(108, 32, 126, 1)" (/specs/Sprint2/Elan/DESKTOP/Font_FAQ_ELAN.spec:59)

	at com.galenframework.support.GalenJavaTestBase.checkLayout(GalenJavaTestBase.java:129)
	at com.galenframework.support.GalenJavaTestBase.checkLayout(GalenJavaTestBase.java:111)
	at com.galenframework.java.USB.tests.SingleVerification.verify_elanFontBlogListiingPage(SingleVerification.java:346)
	at sun.reflect.NativeMethodAccessorImpl.invoke0(Native Method)
	at sun.reflect.NativeMethodAccessorImpl.invoke(NativeMethodAccessorImpl.java:62)
	at sun.reflect.DelegatingMethodAccessorImpl.invoke(DelegatingMethodAccessorImpl.java:43)
	at java.lang.reflect.Method.invoke(Method.java:498)
	at org.testng.internal.MethodInvocationHelper.invokeMethod(MethodInvocationHelper.java:80)
	at org.testng.internal.Invoker.invokeMethod(Invoker.java:715)
	at org.testng.internal.Invoker.invokeTestMethod(Invoker.java:907)
	at org.testng.internal.Invoker.invokeTestMethods(Invoker.java:1237)
	at org.testng.internal.TestMethodWorker.invokeTestMethods(TestMethodWorker.java:127)
	at org.testng.internal.TestMethodWorker.run(TestMethodWorker.java:111)
	at org.testng.TestRunner.privateRun(TestRunner.java:767)
	at org.testng.TestRunner.run(TestRunner.java:617)
	at org.testng.SuiteRunner.runTest(SuiteRunner.java:334)
	at org.testng.SuiteRunner.runSequentially(SuiteRunner.java:329)
	at org.testng.SuiteRunner.privateRun(SuiteRunner.java:291)
	at org.testng.SuiteRunner.run(SuiteRunner.java:240)
	at org.testng.SuiteRunnerWorker.runSuite(SuiteRunnerWorker.java:51)
	at org.testng.SuiteRunnerWorker.run(SuiteRunnerWorker.java:85)
	at org.testng.TestNG.runSuitesSequentially(TestNG.java:1197)
	at org.testng.TestNG.runSuitesLocally(TestNG.java:1122)
	at org.testng.TestNG.run(TestNG.java:1030)
	at org.testng.remote.AbstractRemoteTestNG.run(AbstractRemoteTestNG.java:132)
	at org.testng.remote.RemoteTestNG.initAndRun(RemoteTestNG.java:230)
	at org.testng.remote.RemoteTestNG.main(RemoteTestNG.java:76)
]]>
            </full-stacktrace>
          </exception> <!-- com.galenframework.support.LayoutValidationException -->
          <reporter-output>
          </reporter-output>
        </test-method> <!-- verify_elanFontBlogListiingPage -->
        <test-method status="PASS" signature="provideTestEndDate()[pri:0, instance:com.galenframework.java.USB.tests.SingleVerification@3ffc5af1]" name="provideTestEndDate" is-config="true" duration-ms="1" started-at="2017-08-28T11:25:06Z" finished-at="2017-08-28T11:25:06Z">
          <reporter-output>
          </reporter-output>
        </test-method> <!-- provideTestEndDate -->
        <test-method status="PASS" signature="quitDriver()[pri:0, instance:com.galenframework.java.USB.tests.SingleVerification@3ffc5af1]" name="quitDriver" is-config="true" duration-ms="556" started-at="2017-08-28T11:25:06Z" finished-at="2017-08-28T11:25:06Z">
          <reporter-output>
          </reporter-output>
        </test-method> <!-- quitDriver -->
        <test-method status="PASS" signature="initDriver([Ljava.lang.Object;)[pri:0, instance:com.galenframework.java.USB.tests.SingleVerification@3ffc5af1]" name="initDriver" is-config="true" duration-ms="6045" started-at="2017-08-28T11:25:06Z" finished-at="2017-08-28T11:25:12Z">
          <params>
            <param index="0">
              <value>
                <![CDATA[[Ljava.lang.Object;@1eb6749b]]>
              </value>
            </param>
          </params>
          <reporter-output>
          </reporter-output>
        </test-method> <!-- initDriver -->
        <test-method status="FAIL" signature="verify_elanFontBlogListiingPage(com.galenframework.java.USB.components.GalenTestBase$TestDevice)[pri:0, instance:com.galenframework.java.USB.tests.SingleVerification@3ffc5af1]" name="verify_elanFontBlogListiingPage" duration-ms="27499" started-at="2017-08-28T11:25:12Z" data-provider="devices" finished-at="2017-08-28T11:25:40Z">
          <params>
            <param index="0">
              <value>
                <![CDATA[desktop 1200x900]]>
              </value>
            </param>
          </params>
          <exception class="com.galenframework.support.LayoutValidationException">
            <message>
              <![CDATA[/specs/Sprint2/Elan/DESKTOP/Font_FAQ_ELAN.spec, tags: [Desktop]
  - "FAQPageTitle" css property "font-family" is ""roboto-bold"" but should be "roboto-bold" (/specs/Sprint2/Elan/DESKTOP/Font_FAQ_ELAN.spec:15)
  - "FirstFAQTitle" css property "font-family" is ""roboto-bold"" but should be "roboto-bold" (/specs/Sprint2/Elan/DESKTOP/Font_FAQ_ELAN.spec:21)
  - "FirstFAQCollapsedSign" css property "color" is "rgba(255, 255, 255, 1)" but should be "#FFFFFF" (/specs/Sprint2/Elan/DESKTOP/Font_FAQ_ELAN.spec:26)
  - "FirstFAQCollapsedSign" height is 27px instead of 22px (/specs/Sprint2/Elan/DESKTOP/Font_FAQ_ELAN.spec:27)
  - "FirstFAQCollapsedSign" width is 33px instead of 22px (/specs/Sprint2/Elan/DESKTOP/Font_FAQ_ELAN.spec:28)
  - "CollapseContainer" css property "background-color" is "transparent" but should be "rgba(108, 32, 126, 1)" (/specs/Sprint2/Elan/DESKTOP/Font_FAQ_ELAN.spec:31)
]]>
            </message>
            <full-stacktrace>
              <![CDATA[com.galenframework.support.LayoutValidationException: /specs/Sprint2/Elan/DESKTOP/Font_FAQ_ELAN.spec, tags: [Desktop]
  - "FAQPageTitle" css property "font-family" is ""roboto-bold"" but should be "roboto-bold" (/specs/Sprint2/Elan/DESKTOP/Font_FAQ_ELAN.spec:15)
  - "FirstFAQTitle" css property "font-family" is ""roboto-bold"" but should be "roboto-bold" (/specs/Sprint2/Elan/DESKTOP/Font_FAQ_ELAN.spec:21)
  - "FirstFAQCollapsedSign" css property "color" is "rgba(255, 255, 255, 1)" but should be "#FFFFFF" (/specs/Sprint2/Elan/DESKTOP/Font_FAQ_ELAN.spec:26)
  - "FirstFAQCollapsedSign" height is 27px instead of 22px (/specs/Sprint2/Elan/DESKTOP/Font_FAQ_ELAN.spec:27)
  - "FirstFAQCollapsedSign" width is 33px instead of 22px (/specs/Sprint2/Elan/DESKTOP/Font_FAQ_ELAN.spec:28)
  - "CollapseContainer" css property "background-color" is "transparent" but should be "rgba(108, 32, 126, 1)" (/specs/Sprint2/Elan/DESKTOP/Font_FAQ_ELAN.spec:31)

	at com.galenframework.support.GalenJavaTestBase.checkLayout(GalenJavaTestBase.java:129)
	at com.galenframework.support.GalenJavaTestBase.checkLayout(GalenJavaTestBase.java:111)
	at com.galenframework.java.USB.tests.SingleVerification.verify_elanFontBlogListiingPage(SingleVerification.java:346)
	at sun.reflect.NativeMethodAccessorImpl.invoke0(Native Method)
	at sun.reflect.NativeMethodAccessorImpl.invoke(NativeMethodAccessorImpl.java:62)
	at sun.reflect.DelegatingMethodAccessorImpl.invoke(DelegatingMethodAccessorImpl.java:43)
	at java.lang.reflect.Method.invoke(Method.java:498)
	at org.testng.internal.MethodInvocationHelper.invokeMethod(MethodInvocationHelper.java:80)
	at org.testng.internal.Invoker.invokeMethod(Invoker.java:715)
	at org.testng.internal.Invoker.invokeTestMethod(Invoker.java:907)
	at org.testng.internal.Invoker.invokeTestMethods(Invoker.java:1237)
	at org.testng.internal.TestMethodWorker.invokeTestMethods(TestMethodWorker.java:127)
	at org.testng.internal.TestMethodWorker.run(TestMethodWorker.java:111)
	at org.testng.TestRunner.privateRun(TestRunner.java:767)
	at org.testng.TestRunner.run(TestRunner.java:617)
	at org.testng.SuiteRunner.runTest(SuiteRunner.java:334)
	at org.testng.SuiteRunner.runSequentially(SuiteRunner.java:329)
	at org.testng.SuiteRunner.privateRun(SuiteRunner.java:291)
	at org.testng.SuiteRunner.run(SuiteRunner.java:240)
	at org.testng.SuiteRunnerWorker.runSuite(SuiteRunnerWorker.java:51)
	at org.testng.SuiteRunnerWorker.run(SuiteRunnerWorker.java:85)
	at org.testng.TestNG.runSuitesSequentially(TestNG.java:1197)
	at org.testng.TestNG.runSuitesLocally(TestNG.java:1122)
	at org.testng.TestNG.run(TestNG.java:1030)
	at org.testng.remote.AbstractRemoteTestNG.run(AbstractRemoteTestNG.java:132)
	at org.testng.remote.RemoteTestNG.initAndRun(RemoteTestNG.java:230)
	at org.testng.remote.RemoteTestNG.main(RemoteTestNG.java:76)
]]>
            </full-stacktrace>
          </exception> <!-- com.galenframework.support.LayoutValidationException -->
          <reporter-output>
          </reporter-output>
        </test-method> <!-- verify_elanFontBlogListiingPage -->
        <test-method status="PASS" signature="initReport(java.lang.reflect.Method, [Ljava.lang.Object;)[pri:0, instance:com.galenframework.java.USB.tests.SingleVerification@3ffc5af1]" name="initReport" is-config="true" duration-ms="0" started-at="2017-08-28T11:25:12Z" finished-at="2017-08-28T11:25:12Z">
          <params>
            <param index="0">
              <value>
                <![CDATA[public void com.galenframework.java.USB.tests.SingleVerification.verify_elanFontBlogListiingPage(com.galenframework.java.USB.components.GalenTestBase$TestDevice) throws java.io.IOException]]>
              </value>
            </param>
            <param index="1">
              <value>
                <![CDATA[[Ljava.lang.Object;@1eb6749b]]>
              </value>
            </param>
          </params>
          <reporter-output>
          </reporter-output>
        </test-method> <!-- initReport -->
        <test-method status="PASS" signature="quitDriver()[pri:0, instance:com.galenframework.java.USB.tests.SingleVerification@3ffc5af1]" name="quitDriver" is-config="true" duration-ms="551" started-at="2017-08-28T11:25:40Z" finished-at="2017-08-28T11:25:40Z">
          <reporter-output>
          </reporter-output>
        </test-method> <!-- quitDriver -->
        <test-method status="PASS" signature="provideTestEndDate()[pri:0, instance:com.galenframework.java.USB.tests.SingleVerification@3ffc5af1]" name="provideTestEndDate" is-config="true" duration-ms="0" started-at="2017-08-28T11:25:40Z" finished-at="2017-08-28T11:25:40Z">
          <reporter-output>
          </reporter-output>
        </test-method> <!-- provideTestEndDate -->
      </class> <!-- com.galenframework.java.USB.tests.SingleVerification -->
    </test> <!-- Default test -->
  </suite> <!-- Default suite -->
</testng-results>
