<?xml version="1.0" encoding="UTF-8"?>
<!-- Generated by org.testng.reporters.JUnitReportReporter -->
<testsuite hostname="delsban3586781" name="com.galenframework.java.USB.tests.SingleVerification" tests="3" failures="3" timestamp="28 Aug 2017 05:55:41 GMT" time="103.488" errors="0">
  <testcase name="verify_elanFontBlogListiingPage" time="34.104" classname="com.galenframework.java.USB.tests.SingleVerification">
    <failure type="com.galenframework.support.LayoutValidationException" message="/specs/Sprint2/Elan/DESKTOP/Font_FAQ_ELAN.spec, tags: [Desktop]
  - &quot;FAQPageTitle&quot; css property &quot;font-family&quot; is &quot;&quot;roboto-bold&quot;&quot; but should be &quot;roboto-bold&quot; (/specs/Sprint2/Elan/DESKTOP/Font_FAQ_ELAN.spec:15)
  - &quot;FirstFAQTitle&quot; css property &quot;font-family&quot; is &quot;&quot;roboto-bold&quot;&quot; but should be &quot;roboto-bold&quot; (/specs/Sprint2/Elan/DESKTOP/Font_FAQ_ELAN.spec:21)
  - &quot;FirstFAQCollapsedSign&quot; css property &quot;color&quot; is &quot;rgba(255, 255, 255, 1)&quot; but should be &quot;#FFFFFF&quot; (/specs/Sprint2/Elan/DESKTOP/Font_FAQ_ELAN.spec:26)
  - &quot;FirstFAQCollapsedSign&quot; height is 27px instead of 22px (/specs/Sprint2/Elan/DESKTOP/Font_FAQ_ELAN.spec:27)
  - &quot;FirstFAQCollapsedSign&quot; width is 33px instead of 22px (/specs/Sprint2/Elan/DESKTOP/Font_FAQ_ELAN.spec:28)
  - &quot;CollapseContainer&quot; css property &quot;background-color&quot; is &quot;transparent&quot; but should be &quot;rgba(108, 32, 126, 1)&quot; (/specs/Sprint2/Elan/DESKTOP/Font_FAQ_ELAN.spec:31)
">
      <![CDATA[com.galenframework.support.LayoutValidationException: /specs/Sprint2/Elan/DESKTOP/Font_FAQ_ELAN.spec, tags: [Desktop]
  - "FAQPageTitle" css property "font-family" is ""roboto-bold"" but should be "roboto-bold" (/specs/Sprint2/Elan/DESKTOP/Font_FAQ_ELAN.spec:15)
  - "FirstFAQTitle" css property "font-family" is ""roboto-bold"" but should be "roboto-bold" (/specs/Sprint2/Elan/DESKTOP/Font_FAQ_ELAN.spec:21)
  - "FirstFAQCollapsedSign" css property "color" is "rgba(255, 255, 255, 1)" but should be "#FFFFFF" (/specs/Sprint2/Elan/DESKTOP/Font_FAQ_ELAN.spec:26)
  - "FirstFAQCollapsedSign" height is 27px instead of 22px (/specs/Sprint2/Elan/DESKTOP/Font_FAQ_ELAN.spec:27)
  - "FirstFAQCollapsedSign" width is 33px instead of 22px (/specs/Sprint2/Elan/DESKTOP/Font_FAQ_ELAN.spec:28)
  - "CollapseContainer" css property "background-color" is "transparent" but should be "rgba(108, 32, 126, 1)" (/specs/Sprint2/Elan/DESKTOP/Font_FAQ_ELAN.spec:31)

	at com.galenframework.support.GalenJavaTestBase.checkLayout(GalenJavaTestBase.java:129)
	at com.galenframework.support.GalenJavaTestBase.checkLayout(GalenJavaTestBase.java:111)
	at com.galenframework.java.USB.tests.SingleVerification.verify_elanFontBlogListiingPage(SingleVerification.java:346)
	at sun.reflect.NativeMethodAccessorImpl.invoke0(Native Method)
	at sun.reflect.NativeMethodAccessorImpl.invoke(NativeMethodAccessorImpl.java:62)
	at sun.reflect.DelegatingMethodAccessorImpl.invoke(DelegatingMethodAccessorImpl.java:43)
	at java.lang.reflect.Method.invoke(Method.java:498)
	at org.testng.internal.MethodInvocationHelper.invokeMethod(MethodInvocationHelper.java:80)
	at org.testng.internal.Invoker.invokeMethod(Invoker.java:715)
	at org.testng.internal.Invoker.invokeTestMethod(Invoker.java:907)
	at org.testng.internal.Invoker.invokeTestMethods(Invoker.java:1237)
	at org.testng.internal.TestMethodWorker.invokeTestMethods(TestMethodWorker.java:127)
	at org.testng.internal.TestMethodWorker.run(TestMethodWorker.java:111)
	at org.testng.TestRunner.privateRun(TestRunner.java:767)
	at org.testng.TestRunner.run(TestRunner.java:617)
	at org.testng.SuiteRunner.runTest(SuiteRunner.java:334)
	at org.testng.SuiteRunner.runSequentially(SuiteRunner.java:329)
	at org.testng.SuiteRunner.privateRun(SuiteRunner.java:291)
	at org.testng.SuiteRunner.run(SuiteRunner.java:240)
	at org.testng.SuiteRunnerWorker.runSuite(SuiteRunnerWorker.java:51)
	at org.testng.SuiteRunnerWorker.run(SuiteRunnerWorker.java:85)
	at org.testng.TestNG.runSuitesSequentially(TestNG.java:1197)
	at org.testng.TestNG.runSuitesLocally(TestNG.java:1122)
	at org.testng.TestNG.run(TestNG.java:1030)
	at org.testng.remote.AbstractRemoteTestNG.run(AbstractRemoteTestNG.java:132)
	at org.testng.remote.RemoteTestNG.initAndRun(RemoteTestNG.java:230)
	at org.testng.remote.RemoteTestNG.main(RemoteTestNG.java:76)
]]>
    </failure>
  </testcase> <!-- verify_elanFontBlogListiingPage -->
  <testcase name="verify_elanFontBlogListiingPage" time="35.153" classname="com.galenframework.java.USB.tests.SingleVerification">
    <failure type="com.galenframework.support.LayoutValidationException" message="/specs/Sprint2/Elan/DESKTOP/Font_FAQ_ELAN.spec, tags: [tablet]
  - &quot;FAQPageTitle&quot; css property &quot;font-family&quot; is &quot;&quot;roboto-bold&quot;&quot; but should be &quot;roboto-bold&quot; (/specs/Sprint2/Elan/DESKTOP/Font_FAQ_ELAN.spec:43)
  - &quot;FirstFAQTitle&quot; css property &quot;font-family&quot; is &quot;&quot;roboto-bold&quot;&quot; but should be &quot;roboto-bold&quot; (/specs/Sprint2/Elan/DESKTOP/Font_FAQ_ELAN.spec:49)
  - &quot;FirstFAQCollapsedSign&quot; height is 27px instead of 22px (/specs/Sprint2/Elan/DESKTOP/Font_FAQ_ELAN.spec:55)
  - &quot;FirstFAQCollapsedSign&quot; width is 33px instead of 22px (/specs/Sprint2/Elan/DESKTOP/Font_FAQ_ELAN.spec:56)
  - &quot;CollapseContainer&quot; css property &quot;background-color&quot; is &quot;transparent&quot; but should be &quot;rgba(108, 32, 126, 1)&quot; (/specs/Sprint2/Elan/DESKTOP/Font_FAQ_ELAN.spec:59)
">
      <![CDATA[com.galenframework.support.LayoutValidationException: /specs/Sprint2/Elan/DESKTOP/Font_FAQ_ELAN.spec, tags: [tablet]
  - "FAQPageTitle" css property "font-family" is ""roboto-bold"" but should be "roboto-bold" (/specs/Sprint2/Elan/DESKTOP/Font_FAQ_ELAN.spec:43)
  - "FirstFAQTitle" css property "font-family" is ""roboto-bold"" but should be "roboto-bold" (/specs/Sprint2/Elan/DESKTOP/Font_FAQ_ELAN.spec:49)
  - "FirstFAQCollapsedSign" height is 27px instead of 22px (/specs/Sprint2/Elan/DESKTOP/Font_FAQ_ELAN.spec:55)
  - "FirstFAQCollapsedSign" width is 33px instead of 22px (/specs/Sprint2/Elan/DESKTOP/Font_FAQ_ELAN.spec:56)
  - "CollapseContainer" css property "background-color" is "transparent" but should be "rgba(108, 32, 126, 1)" (/specs/Sprint2/Elan/DESKTOP/Font_FAQ_ELAN.spec:59)

	at com.galenframework.support.GalenJavaTestBase.checkLayout(GalenJavaTestBase.java:129)
	at com.galenframework.support.GalenJavaTestBase.checkLayout(GalenJavaTestBase.java:111)
	at com.galenframework.java.USB.tests.SingleVerification.verify_elanFontBlogListiingPage(SingleVerification.java:346)
	at sun.reflect.NativeMethodAccessorImpl.invoke0(Native Method)
	at sun.reflect.NativeMethodAccessorImpl.invoke(NativeMethodAccessorImpl.java:62)
	at sun.reflect.DelegatingMethodAccessorImpl.invoke(DelegatingMethodAccessorImpl.java:43)
	at java.lang.reflect.Method.invoke(Method.java:498)
	at org.testng.internal.MethodInvocationHelper.invokeMethod(MethodInvocationHelper.java:80)
	at org.testng.internal.Invoker.invokeMethod(Invoker.java:715)
	at org.testng.internal.Invoker.invokeTestMethod(Invoker.java:907)
	at org.testng.internal.Invoker.invokeTestMethods(Invoker.java:1237)
	at org.testng.internal.TestMethodWorker.invokeTestMethods(TestMethodWorker.java:127)
	at org.testng.internal.TestMethodWorker.run(TestMethodWorker.java:111)
	at org.testng.TestRunner.privateRun(TestRunner.java:767)
	at org.testng.TestRunner.run(TestRunner.java:617)
	at org.testng.SuiteRunner.runTest(SuiteRunner.java:334)
	at org.testng.SuiteRunner.runSequentially(SuiteRunner.java:329)
	at org.testng.SuiteRunner.privateRun(SuiteRunner.java:291)
	at org.testng.SuiteRunner.run(SuiteRunner.java:240)
	at org.testng.SuiteRunnerWorker.runSuite(SuiteRunnerWorker.java:51)
	at org.testng.SuiteRunnerWorker.run(SuiteRunnerWorker.java:85)
	at org.testng.TestNG.runSuitesSequentially(TestNG.java:1197)
	at org.testng.TestNG.runSuitesLocally(TestNG.java:1122)
	at org.testng.TestNG.run(TestNG.java:1030)
	at org.testng.remote.AbstractRemoteTestNG.run(AbstractRemoteTestNG.java:132)
	at org.testng.remote.RemoteTestNG.initAndRun(RemoteTestNG.java:230)
	at org.testng.remote.RemoteTestNG.main(RemoteTestNG.java:76)
]]>
    </failure>
  </testcase> <!-- verify_elanFontBlogListiingPage -->
  <testcase name="verify_elanFontBlogListiingPage" time="34.231" classname="com.galenframework.java.USB.tests.SingleVerification">
    <failure type="com.galenframework.support.LayoutValidationException" message="/specs/Sprint2/Elan/DESKTOP/Font_FAQ_ELAN.spec, tags: [Mobile]
  - &quot;FAQPageTitle&quot; css property &quot;font-family&quot; is &quot;&quot;roboto-bold&quot;&quot; but should be &quot;roboto-bold&quot; (/specs/Sprint2/Elan/DESKTOP/Font_FAQ_ELAN.spec:72)
  - &quot;FirstFAQTitle&quot; css property &quot;font-family&quot; is &quot;&quot;roboto-medium&quot;&quot; but should be &quot;roboto-bold&quot; (/specs/Sprint2/Elan/DESKTOP/Font_FAQ_ELAN.spec:78)
  - &quot;FirstFAQCollapsedSign&quot; height is 27px instead of 22px (/specs/Sprint2/Elan/DESKTOP/Font_FAQ_ELAN.spec:84)
  - &quot;FirstFAQCollapsedSign&quot; width is 33px instead of 22px (/specs/Sprint2/Elan/DESKTOP/Font_FAQ_ELAN.spec:85)
  - &quot;CollapseContainer&quot; css property &quot;background-color&quot; is &quot;transparent&quot; but should be &quot;rgba(108, 32, 126, 1)&quot; (/specs/Sprint2/Elan/DESKTOP/Font_FAQ_ELAN.spec:88)
">
      <![CDATA[com.galenframework.support.LayoutValidationException: /specs/Sprint2/Elan/DESKTOP/Font_FAQ_ELAN.spec, tags: [Mobile]
  - "FAQPageTitle" css property "font-family" is ""roboto-bold"" but should be "roboto-bold" (/specs/Sprint2/Elan/DESKTOP/Font_FAQ_ELAN.spec:72)
  - "FirstFAQTitle" css property "font-family" is ""roboto-medium"" but should be "roboto-bold" (/specs/Sprint2/Elan/DESKTOP/Font_FAQ_ELAN.spec:78)
  - "FirstFAQCollapsedSign" height is 27px instead of 22px (/specs/Sprint2/Elan/DESKTOP/Font_FAQ_ELAN.spec:84)
  - "FirstFAQCollapsedSign" width is 33px instead of 22px (/specs/Sprint2/Elan/DESKTOP/Font_FAQ_ELAN.spec:85)
  - "CollapseContainer" css property "background-color" is "transparent" but should be "rgba(108, 32, 126, 1)" (/specs/Sprint2/Elan/DESKTOP/Font_FAQ_ELAN.spec:88)

	at com.galenframework.support.GalenJavaTestBase.checkLayout(GalenJavaTestBase.java:129)
	at com.galenframework.support.GalenJavaTestBase.checkLayout(GalenJavaTestBase.java:111)
	at com.galenframework.java.USB.tests.SingleVerification.verify_elanFontBlogListiingPage(SingleVerification.java:346)
	at sun.reflect.NativeMethodAccessorImpl.invoke0(Native Method)
	at sun.reflect.NativeMethodAccessorImpl.invoke(NativeMethodAccessorImpl.java:62)
	at sun.reflect.DelegatingMethodAccessorImpl.invoke(DelegatingMethodAccessorImpl.java:43)
	at java.lang.reflect.Method.invoke(Method.java:498)
	at org.testng.internal.MethodInvocationHelper.invokeMethod(MethodInvocationHelper.java:80)
	at org.testng.internal.Invoker.invokeMethod(Invoker.java:715)
	at org.testng.internal.Invoker.invokeTestMethod(Invoker.java:907)
	at org.testng.internal.Invoker.invokeTestMethods(Invoker.java:1237)
	at org.testng.internal.TestMethodWorker.invokeTestMethods(TestMethodWorker.java:127)
	at org.testng.internal.TestMethodWorker.run(TestMethodWorker.java:111)
	at org.testng.TestRunner.privateRun(TestRunner.java:767)
	at org.testng.TestRunner.run(TestRunner.java:617)
	at org.testng.SuiteRunner.runTest(SuiteRunner.java:334)
	at org.testng.SuiteRunner.runSequentially(SuiteRunner.java:329)
	at org.testng.SuiteRunner.privateRun(SuiteRunner.java:291)
	at org.testng.SuiteRunner.run(SuiteRunner.java:240)
	at org.testng.SuiteRunnerWorker.runSuite(SuiteRunnerWorker.java:51)
	at org.testng.SuiteRunnerWorker.run(SuiteRunnerWorker.java:85)
	at org.testng.TestNG.runSuitesSequentially(TestNG.java:1197)
	at org.testng.TestNG.runSuitesLocally(TestNG.java:1122)
	at org.testng.TestNG.run(TestNG.java:1030)
	at org.testng.remote.AbstractRemoteTestNG.run(AbstractRemoteTestNG.java:132)
	at org.testng.remote.RemoteTestNG.initAndRun(RemoteTestNG.java:230)
	at org.testng.remote.RemoteTestNG.main(RemoteTestNG.java:76)
]]>
    </failure>
  </testcase> <!-- verify_elanFontBlogListiingPage -->
</testsuite> <!-- com.galenframework.java.USB.tests.SingleVerification -->
