<?xml version="1.0" encoding="UTF-8"?>
<!-- Generated by org.testng.reporters.JUnitReportReporter -->
<testsuite hostname="delsban3586781" name="com.galenframework.java.USB.testelavon.FAQVerification" tests="6" failures="6" timestamp="25 Aug 2017 10:40:34 GMT" time="264.723" errors="0">
  <testcase name="verify_ELAVONFAQFONTPage" time="44.573" classname="com.galenframework.java.USB.testelavon.FAQVerification">
    <failure type="com.galenframework.support.LayoutValidationException" message="/specs/Sprint2/Elavon/DESKTOP/Font_FAQ_ELAVON.spec, tags: [Mobile]
  - &quot;FAQPageTitle&quot; css property &quot;font-family&quot; is &quot;&quot;roboto&quot;&quot; but should be &quot;roboto-bold&quot; (/specs/Sprint2/Elavon/DESKTOP/Font_FAQ_ELAVON.spec:72)
  - &quot;FirstFAQTitle&quot; css property &quot;font-family&quot; is &quot;&quot;roboto-medium&quot;&quot; but should be &quot;roboto-bold&quot; (/specs/Sprint2/Elavon/DESKTOP/Font_FAQ_ELAVON.spec:78)
  - &quot;FirstFAQCollapsedSign&quot; height is 27px instead of 22px (/specs/Sprint2/Elavon/DESKTOP/Font_FAQ_ELAVON.spec:84)
  - &quot;FirstFAQCollapsedSign&quot; width is 33px instead of 22px (/specs/Sprint2/Elavon/DESKTOP/Font_FAQ_ELAVON.spec:85)
  - &quot;CollapseContainer&quot; css property &quot;background-color&quot; is &quot;transparent&quot; but should be &quot;rgba(11, 19, 97, 1)&quot; (/specs/Sprint2/Elavon/DESKTOP/Font_FAQ_ELAVON.spec:88)
">
      <![CDATA[com.galenframework.support.LayoutValidationException: /specs/Sprint2/Elavon/DESKTOP/Font_FAQ_ELAVON.spec, tags: [Mobile]
  - "FAQPageTitle" css property "font-family" is ""roboto"" but should be "roboto-bold" (/specs/Sprint2/Elavon/DESKTOP/Font_FAQ_ELAVON.spec:72)
  - "FirstFAQTitle" css property "font-family" is ""roboto-medium"" but should be "roboto-bold" (/specs/Sprint2/Elavon/DESKTOP/Font_FAQ_ELAVON.spec:78)
  - "FirstFAQCollapsedSign" height is 27px instead of 22px (/specs/Sprint2/Elavon/DESKTOP/Font_FAQ_ELAVON.spec:84)
  - "FirstFAQCollapsedSign" width is 33px instead of 22px (/specs/Sprint2/Elavon/DESKTOP/Font_FAQ_ELAVON.spec:85)
  - "CollapseContainer" css property "background-color" is "transparent" but should be "rgba(11, 19, 97, 1)" (/specs/Sprint2/Elavon/DESKTOP/Font_FAQ_ELAVON.spec:88)

	at com.galenframework.support.GalenJavaTestBase.checkLayout(GalenJavaTestBase.java:129)
	at com.galenframework.support.GalenJavaTestBase.checkLayout(GalenJavaTestBase.java:111)
	at com.galenframework.java.USB.testelavon.FAQVerification.verify_ELAVONFAQFONTPage(FAQVerification.java:24)
	at sun.reflect.NativeMethodAccessorImpl.invoke0(Native Method)
	at sun.reflect.NativeMethodAccessorImpl.invoke(NativeMethodAccessorImpl.java:62)
	at sun.reflect.DelegatingMethodAccessorImpl.invoke(DelegatingMethodAccessorImpl.java:43)
	at java.lang.reflect.Method.invoke(Method.java:498)
	at org.testng.internal.MethodInvocationHelper.invokeMethod(MethodInvocationHelper.java:80)
	at org.testng.internal.Invoker.invokeMethod(Invoker.java:715)
	at org.testng.internal.Invoker.invokeTestMethod(Invoker.java:907)
	at org.testng.internal.Invoker.invokeTestMethods(Invoker.java:1237)
	at org.testng.internal.TestMethodWorker.invokeTestMethods(TestMethodWorker.java:127)
	at org.testng.internal.TestMethodWorker.run(TestMethodWorker.java:111)
	at org.testng.TestRunner.privateRun(TestRunner.java:767)
	at org.testng.TestRunner.run(TestRunner.java:617)
	at org.testng.SuiteRunner.runTest(SuiteRunner.java:334)
	at org.testng.SuiteRunner.runSequentially(SuiteRunner.java:329)
	at org.testng.SuiteRunner.privateRun(SuiteRunner.java:291)
	at org.testng.SuiteRunner.run(SuiteRunner.java:240)
	at org.testng.SuiteRunnerWorker.runSuite(SuiteRunnerWorker.java:51)
	at org.testng.SuiteRunnerWorker.run(SuiteRunnerWorker.java:85)
	at org.testng.TestNG.runSuitesSequentially(TestNG.java:1197)
	at org.testng.TestNG.runSuitesLocally(TestNG.java:1122)
	at org.testng.TestNG.run(TestNG.java:1030)
	at org.testng.remote.AbstractRemoteTestNG.run(AbstractRemoteTestNG.java:132)
	at org.testng.remote.RemoteTestNG.initAndRun(RemoteTestNG.java:230)
	at org.testng.remote.RemoteTestNG.main(RemoteTestNG.java:76)
]]>
    </failure>
  </testcase> <!-- verify_ELAVONFAQFONTPage -->
  <testcase name="verify_ELAVONFAQFONTPage" time="44.011" classname="com.galenframework.java.USB.testelavon.FAQVerification">
    <failure type="com.galenframework.support.LayoutValidationException" message="/specs/Sprint2/Elavon/DESKTOP/Font_FAQ_ELAVON.spec, tags: [tablet]
  - &quot;FAQPageTitle&quot; css property &quot;font-family&quot; is &quot;&quot;roboto-bold&quot;&quot; but should be &quot;roboto-bold&quot; (/specs/Sprint2/Elavon/DESKTOP/Font_FAQ_ELAVON.spec:43)
  - &quot;FirstFAQTitle&quot; css property &quot;font-family&quot; is &quot;&quot;roboto&quot;&quot; but should be &quot;roboto-bold&quot; (/specs/Sprint2/Elavon/DESKTOP/Font_FAQ_ELAVON.spec:49)
  - &quot;FirstFAQCollapsedSign&quot; height is 27px instead of 22px (/specs/Sprint2/Elavon/DESKTOP/Font_FAQ_ELAVON.spec:55)
  - &quot;FirstFAQCollapsedSign&quot; width is 33px instead of 22px (/specs/Sprint2/Elavon/DESKTOP/Font_FAQ_ELAVON.spec:56)
  - &quot;CollapseContainer&quot; css property &quot;background-color&quot; is &quot;transparent&quot; but should be &quot;rgba(11, 19, 97, 1)&quot; (/specs/Sprint2/Elavon/DESKTOP/Font_FAQ_ELAVON.spec:59)
">
      <![CDATA[com.galenframework.support.LayoutValidationException: /specs/Sprint2/Elavon/DESKTOP/Font_FAQ_ELAVON.spec, tags: [tablet]
  - "FAQPageTitle" css property "font-family" is ""roboto-bold"" but should be "roboto-bold" (/specs/Sprint2/Elavon/DESKTOP/Font_FAQ_ELAVON.spec:43)
  - "FirstFAQTitle" css property "font-family" is ""roboto"" but should be "roboto-bold" (/specs/Sprint2/Elavon/DESKTOP/Font_FAQ_ELAVON.spec:49)
  - "FirstFAQCollapsedSign" height is 27px instead of 22px (/specs/Sprint2/Elavon/DESKTOP/Font_FAQ_ELAVON.spec:55)
  - "FirstFAQCollapsedSign" width is 33px instead of 22px (/specs/Sprint2/Elavon/DESKTOP/Font_FAQ_ELAVON.spec:56)
  - "CollapseContainer" css property "background-color" is "transparent" but should be "rgba(11, 19, 97, 1)" (/specs/Sprint2/Elavon/DESKTOP/Font_FAQ_ELAVON.spec:59)

	at com.galenframework.support.GalenJavaTestBase.checkLayout(GalenJavaTestBase.java:129)
	at com.galenframework.support.GalenJavaTestBase.checkLayout(GalenJavaTestBase.java:111)
	at com.galenframework.java.USB.testelavon.FAQVerification.verify_ELAVONFAQFONTPage(FAQVerification.java:24)
	at sun.reflect.NativeMethodAccessorImpl.invoke0(Native Method)
	at sun.reflect.NativeMethodAccessorImpl.invoke(NativeMethodAccessorImpl.java:62)
	at sun.reflect.DelegatingMethodAccessorImpl.invoke(DelegatingMethodAccessorImpl.java:43)
	at java.lang.reflect.Method.invoke(Method.java:498)
	at org.testng.internal.MethodInvocationHelper.invokeMethod(MethodInvocationHelper.java:80)
	at org.testng.internal.Invoker.invokeMethod(Invoker.java:715)
	at org.testng.internal.Invoker.invokeTestMethod(Invoker.java:907)
	at org.testng.internal.Invoker.invokeTestMethods(Invoker.java:1237)
	at org.testng.internal.TestMethodWorker.invokeTestMethods(TestMethodWorker.java:127)
	at org.testng.internal.TestMethodWorker.run(TestMethodWorker.java:111)
	at org.testng.TestRunner.privateRun(TestRunner.java:767)
	at org.testng.TestRunner.run(TestRunner.java:617)
	at org.testng.SuiteRunner.runTest(SuiteRunner.java:334)
	at org.testng.SuiteRunner.runSequentially(SuiteRunner.java:329)
	at org.testng.SuiteRunner.privateRun(SuiteRunner.java:291)
	at org.testng.SuiteRunner.run(SuiteRunner.java:240)
	at org.testng.SuiteRunnerWorker.runSuite(SuiteRunnerWorker.java:51)
	at org.testng.SuiteRunnerWorker.run(SuiteRunnerWorker.java:85)
	at org.testng.TestNG.runSuitesSequentially(TestNG.java:1197)
	at org.testng.TestNG.runSuitesLocally(TestNG.java:1122)
	at org.testng.TestNG.run(TestNG.java:1030)
	at org.testng.remote.AbstractRemoteTestNG.run(AbstractRemoteTestNG.java:132)
	at org.testng.remote.RemoteTestNG.initAndRun(RemoteTestNG.java:230)
	at org.testng.remote.RemoteTestNG.main(RemoteTestNG.java:76)
]]>
    </failure>
  </testcase> <!-- verify_ELAVONFAQFONTPage -->
  <testcase name="verify_ELAVONFAQFONTPage" time="47.249" classname="com.galenframework.java.USB.testelavon.FAQVerification">
    <failure type="com.galenframework.support.LayoutValidationException" message="/specs/Sprint2/Elavon/DESKTOP/Font_FAQ_ELAVON.spec, tags: [Desktop]
  - &quot;FAQPageTitle&quot; css property &quot;font-family&quot; is &quot;&quot;roboto-bold&quot;&quot; but should be &quot;roboto-bold&quot; (/specs/Sprint2/Elavon/DESKTOP/Font_FAQ_ELAVON.spec:15)
  - &quot;FirstFAQTitle&quot; css property &quot;font-family&quot; is &quot;&quot;roboto&quot;&quot; but should be &quot;roboto-bold&quot; (/specs/Sprint2/Elavon/DESKTOP/Font_FAQ_ELAVON.spec:21)
  - &quot;FirstFAQCollapsedSign&quot; height is 27px instead of 22px (/specs/Sprint2/Elavon/DESKTOP/Font_FAQ_ELAVON.spec:27)
  - &quot;FirstFAQCollapsedSign&quot; width is 33px instead of 22px (/specs/Sprint2/Elavon/DESKTOP/Font_FAQ_ELAVON.spec:28)
  - &quot;CollapseContainer&quot; css property &quot;background-color&quot; is &quot;transparent&quot; but should be &quot;rgba(11, 19, 97, 1)&quot; (/specs/Sprint2/Elavon/DESKTOP/Font_FAQ_ELAVON.spec:31)
">
      <![CDATA[com.galenframework.support.LayoutValidationException: /specs/Sprint2/Elavon/DESKTOP/Font_FAQ_ELAVON.spec, tags: [Desktop]
  - "FAQPageTitle" css property "font-family" is ""roboto-bold"" but should be "roboto-bold" (/specs/Sprint2/Elavon/DESKTOP/Font_FAQ_ELAVON.spec:15)
  - "FirstFAQTitle" css property "font-family" is ""roboto"" but should be "roboto-bold" (/specs/Sprint2/Elavon/DESKTOP/Font_FAQ_ELAVON.spec:21)
  - "FirstFAQCollapsedSign" height is 27px instead of 22px (/specs/Sprint2/Elavon/DESKTOP/Font_FAQ_ELAVON.spec:27)
  - "FirstFAQCollapsedSign" width is 33px instead of 22px (/specs/Sprint2/Elavon/DESKTOP/Font_FAQ_ELAVON.spec:28)
  - "CollapseContainer" css property "background-color" is "transparent" but should be "rgba(11, 19, 97, 1)" (/specs/Sprint2/Elavon/DESKTOP/Font_FAQ_ELAVON.spec:31)

	at com.galenframework.support.GalenJavaTestBase.checkLayout(GalenJavaTestBase.java:129)
	at com.galenframework.support.GalenJavaTestBase.checkLayout(GalenJavaTestBase.java:111)
	at com.galenframework.java.USB.testelavon.FAQVerification.verify_ELAVONFAQFONTPage(FAQVerification.java:24)
	at sun.reflect.NativeMethodAccessorImpl.invoke0(Native Method)
	at sun.reflect.NativeMethodAccessorImpl.invoke(NativeMethodAccessorImpl.java:62)
	at sun.reflect.DelegatingMethodAccessorImpl.invoke(DelegatingMethodAccessorImpl.java:43)
	at java.lang.reflect.Method.invoke(Method.java:498)
	at org.testng.internal.MethodInvocationHelper.invokeMethod(MethodInvocationHelper.java:80)
	at org.testng.internal.Invoker.invokeMethod(Invoker.java:715)
	at org.testng.internal.Invoker.invokeTestMethod(Invoker.java:907)
	at org.testng.internal.Invoker.invokeTestMethods(Invoker.java:1237)
	at org.testng.internal.TestMethodWorker.invokeTestMethods(TestMethodWorker.java:127)
	at org.testng.internal.TestMethodWorker.run(TestMethodWorker.java:111)
	at org.testng.TestRunner.privateRun(TestRunner.java:767)
	at org.testng.TestRunner.run(TestRunner.java:617)
	at org.testng.SuiteRunner.runTest(SuiteRunner.java:334)
	at org.testng.SuiteRunner.runSequentially(SuiteRunner.java:329)
	at org.testng.SuiteRunner.privateRun(SuiteRunner.java:291)
	at org.testng.SuiteRunner.run(SuiteRunner.java:240)
	at org.testng.SuiteRunnerWorker.runSuite(SuiteRunnerWorker.java:51)
	at org.testng.SuiteRunnerWorker.run(SuiteRunnerWorker.java:85)
	at org.testng.TestNG.runSuitesSequentially(TestNG.java:1197)
	at org.testng.TestNG.runSuitesLocally(TestNG.java:1122)
	at org.testng.TestNG.run(TestNG.java:1030)
	at org.testng.remote.AbstractRemoteTestNG.run(AbstractRemoteTestNG.java:132)
	at org.testng.remote.RemoteTestNG.initAndRun(RemoteTestNG.java:230)
	at org.testng.remote.RemoteTestNG.main(RemoteTestNG.java:76)
]]>
    </failure>
  </testcase> <!-- verify_ELAVONFAQFONTPage -->
  <testcase name="verify_ELAVONPIXELFAQPage" time="42.140" classname="com.galenframework.java.USB.testelavon.FAQVerification">
    <failure type="com.galenframework.support.LayoutValidationException" message="/specs/Sprint2/Elavon/DESKTOP/PIXELS_FAQ_ELAVON.spec, tags: [Mobile]
  - &quot;FAQPageTitle&quot; is 0px left which is not in range of 6 to 10px (/specs/Sprint2/Elavon/DESKTOP/PIXELS_FAQ_ELAVON.spec:52)
  - &quot;FirstFAQTitle&quot; is 6px left which is not in range of 21 to 25px (/specs/Sprint2/Elavon/DESKTOP/PIXELS_FAQ_ELAVON.spec:55)
  - &quot;FirstFAQTitle&quot; is 0px top which is not in range of 12 to 16px (/specs/Sprint2/Elavon/DESKTOP/PIXELS_FAQ_ELAVON.spec:56)
  - &quot;CollapseContainer&quot; is 461px left which is not in range of 445 to 449px (/specs/Sprint2/Elavon/DESKTOP/PIXELS_FAQ_ELAVON.spec:65)
">
      <![CDATA[com.galenframework.support.LayoutValidationException: /specs/Sprint2/Elavon/DESKTOP/PIXELS_FAQ_ELAVON.spec, tags: [Mobile]
  - "FAQPageTitle" is 0px left which is not in range of 6 to 10px (/specs/Sprint2/Elavon/DESKTOP/PIXELS_FAQ_ELAVON.spec:52)
  - "FirstFAQTitle" is 6px left which is not in range of 21 to 25px (/specs/Sprint2/Elavon/DESKTOP/PIXELS_FAQ_ELAVON.spec:55)
  - "FirstFAQTitle" is 0px top which is not in range of 12 to 16px (/specs/Sprint2/Elavon/DESKTOP/PIXELS_FAQ_ELAVON.spec:56)
  - "CollapseContainer" is 461px left which is not in range of 445 to 449px (/specs/Sprint2/Elavon/DESKTOP/PIXELS_FAQ_ELAVON.spec:65)

	at com.galenframework.support.GalenJavaTestBase.checkLayout(GalenJavaTestBase.java:129)
	at com.galenframework.support.GalenJavaTestBase.checkLayout(GalenJavaTestBase.java:111)
	at com.galenframework.java.USB.testelavon.FAQVerification.verify_ELAVONPIXELFAQPage(FAQVerification.java:37)
	at sun.reflect.NativeMethodAccessorImpl.invoke0(Native Method)
	at sun.reflect.NativeMethodAccessorImpl.invoke(NativeMethodAccessorImpl.java:62)
	at sun.reflect.DelegatingMethodAccessorImpl.invoke(DelegatingMethodAccessorImpl.java:43)
	at java.lang.reflect.Method.invoke(Method.java:498)
	at org.testng.internal.MethodInvocationHelper.invokeMethod(MethodInvocationHelper.java:80)
	at org.testng.internal.Invoker.invokeMethod(Invoker.java:715)
	at org.testng.internal.Invoker.invokeTestMethod(Invoker.java:907)
	at org.testng.internal.Invoker.invokeTestMethods(Invoker.java:1237)
	at org.testng.internal.TestMethodWorker.invokeTestMethods(TestMethodWorker.java:127)
	at org.testng.internal.TestMethodWorker.run(TestMethodWorker.java:111)
	at org.testng.TestRunner.privateRun(TestRunner.java:767)
	at org.testng.TestRunner.run(TestRunner.java:617)
	at org.testng.SuiteRunner.runTest(SuiteRunner.java:334)
	at org.testng.SuiteRunner.runSequentially(SuiteRunner.java:329)
	at org.testng.SuiteRunner.privateRun(SuiteRunner.java:291)
	at org.testng.SuiteRunner.run(SuiteRunner.java:240)
	at org.testng.SuiteRunnerWorker.runSuite(SuiteRunnerWorker.java:51)
	at org.testng.SuiteRunnerWorker.run(SuiteRunnerWorker.java:85)
	at org.testng.TestNG.runSuitesSequentially(TestNG.java:1197)
	at org.testng.TestNG.runSuitesLocally(TestNG.java:1122)
	at org.testng.TestNG.run(TestNG.java:1030)
	at org.testng.remote.AbstractRemoteTestNG.run(AbstractRemoteTestNG.java:132)
	at org.testng.remote.RemoteTestNG.initAndRun(RemoteTestNG.java:230)
	at org.testng.remote.RemoteTestNG.main(RemoteTestNG.java:76)
]]>
    </failure>
  </testcase> <!-- verify_ELAVONPIXELFAQPage -->
  <testcase name="verify_ELAVONPIXELFAQPage" time="43.820" classname="com.galenframework.java.USB.testelavon.FAQVerification">
    <failure type="com.galenframework.support.LayoutValidationException" message="/specs/Sprint2/Elavon/DESKTOP/PIXELS_FAQ_ELAVON.spec, tags: [tablet]
  - &quot;FAQPageTitle&quot; is 0px left which is not in range of 9 to 13px (/specs/Sprint2/Elavon/DESKTOP/PIXELS_FAQ_ELAVON.spec:30)
  - &quot;FirstFAQTitle&quot; is 6px left which is not in range of 32 to 36px (/specs/Sprint2/Elavon/DESKTOP/PIXELS_FAQ_ELAVON.spec:33)
  - &quot;FirstFAQTitle&quot; is 0px top which is not in range of 12 to 16px (/specs/Sprint2/Elavon/DESKTOP/PIXELS_FAQ_ELAVON.spec:34)
  - &quot;CollapseContainer&quot; is 873px left which is not in range of 888 to 892px (/specs/Sprint2/Elavon/DESKTOP/PIXELS_FAQ_ELAVON.spec:43)
">
      <![CDATA[com.galenframework.support.LayoutValidationException: /specs/Sprint2/Elavon/DESKTOP/PIXELS_FAQ_ELAVON.spec, tags: [tablet]
  - "FAQPageTitle" is 0px left which is not in range of 9 to 13px (/specs/Sprint2/Elavon/DESKTOP/PIXELS_FAQ_ELAVON.spec:30)
  - "FirstFAQTitle" is 6px left which is not in range of 32 to 36px (/specs/Sprint2/Elavon/DESKTOP/PIXELS_FAQ_ELAVON.spec:33)
  - "FirstFAQTitle" is 0px top which is not in range of 12 to 16px (/specs/Sprint2/Elavon/DESKTOP/PIXELS_FAQ_ELAVON.spec:34)
  - "CollapseContainer" is 873px left which is not in range of 888 to 892px (/specs/Sprint2/Elavon/DESKTOP/PIXELS_FAQ_ELAVON.spec:43)

	at com.galenframework.support.GalenJavaTestBase.checkLayout(GalenJavaTestBase.java:129)
	at com.galenframework.support.GalenJavaTestBase.checkLayout(GalenJavaTestBase.java:111)
	at com.galenframework.java.USB.testelavon.FAQVerification.verify_ELAVONPIXELFAQPage(FAQVerification.java:37)
	at sun.reflect.NativeMethodAccessorImpl.invoke0(Native Method)
	at sun.reflect.NativeMethodAccessorImpl.invoke(NativeMethodAccessorImpl.java:62)
	at sun.reflect.DelegatingMethodAccessorImpl.invoke(DelegatingMethodAccessorImpl.java:43)
	at java.lang.reflect.Method.invoke(Method.java:498)
	at org.testng.internal.MethodInvocationHelper.invokeMethod(MethodInvocationHelper.java:80)
	at org.testng.internal.Invoker.invokeMethod(Invoker.java:715)
	at org.testng.internal.Invoker.invokeTestMethod(Invoker.java:907)
	at org.testng.internal.Invoker.invokeTestMethods(Invoker.java:1237)
	at org.testng.internal.TestMethodWorker.invokeTestMethods(TestMethodWorker.java:127)
	at org.testng.internal.TestMethodWorker.run(TestMethodWorker.java:111)
	at org.testng.TestRunner.privateRun(TestRunner.java:767)
	at org.testng.TestRunner.run(TestRunner.java:617)
	at org.testng.SuiteRunner.runTest(SuiteRunner.java:334)
	at org.testng.SuiteRunner.runSequentially(SuiteRunner.java:329)
	at org.testng.SuiteRunner.privateRun(SuiteRunner.java:291)
	at org.testng.SuiteRunner.run(SuiteRunner.java:240)
	at org.testng.SuiteRunnerWorker.runSuite(SuiteRunnerWorker.java:51)
	at org.testng.SuiteRunnerWorker.run(SuiteRunnerWorker.java:85)
	at org.testng.TestNG.runSuitesSequentially(TestNG.java:1197)
	at org.testng.TestNG.runSuitesLocally(TestNG.java:1122)
	at org.testng.TestNG.run(TestNG.java:1030)
	at org.testng.remote.AbstractRemoteTestNG.run(AbstractRemoteTestNG.java:132)
	at org.testng.remote.RemoteTestNG.initAndRun(RemoteTestNG.java:230)
	at org.testng.remote.RemoteTestNG.main(RemoteTestNG.java:76)
]]>
    </failure>
  </testcase> <!-- verify_ELAVONPIXELFAQPage -->
  <testcase name="verify_ELAVONPIXELFAQPage" time="42.930" classname="com.galenframework.java.USB.testelavon.FAQVerification">
    <failure type="com.galenframework.support.LayoutValidationException" message="/specs/Sprint2/Elavon/DESKTOP/PIXELS_FAQ_ELAVON.spec, tags: [Desktop]
  - &quot;FAQPageTitle&quot; is 195px left which is not in range of 197 to 201px (/specs/Sprint2/Elavon/DESKTOP/PIXELS_FAQ_ELAVON.spec:12)
  - &quot;FirstFAQTitle&quot; is 6px left which is not in range of 28 to 32px (/specs/Sprint2/Elavon/DESKTOP/PIXELS_FAQ_ELAVON.spec:15)
  - &quot;FirstFAQTitle&quot; is 0px top which is not in range of 12 to 16px (/specs/Sprint2/Elavon/DESKTOP/PIXELS_FAQ_ELAVON.spec:16)
  - &quot;FirstFAQCollapsedSign&quot; is 20px left instead of 19px (/specs/Sprint2/Elavon/DESKTOP/PIXELS_FAQ_ELAVON.spec:19)
  - &quot;HeadlineContainer&quot; is 195px left which is not in range of 197 to 201px (/specs/Sprint2/Elavon/DESKTOP/PIXELS_FAQ_ELAVON.spec:22)
  - &quot;CollapseContainer&quot; is 908px left which is not in range of 988 to 992px (/specs/Sprint2/Elavon/DESKTOP/PIXELS_FAQ_ELAVON.spec:25)
">
      <![CDATA[com.galenframework.support.LayoutValidationException: /specs/Sprint2/Elavon/DESKTOP/PIXELS_FAQ_ELAVON.spec, tags: [Desktop]
  - "FAQPageTitle" is 195px left which is not in range of 197 to 201px (/specs/Sprint2/Elavon/DESKTOP/PIXELS_FAQ_ELAVON.spec:12)
  - "FirstFAQTitle" is 6px left which is not in range of 28 to 32px (/specs/Sprint2/Elavon/DESKTOP/PIXELS_FAQ_ELAVON.spec:15)
  - "FirstFAQTitle" is 0px top which is not in range of 12 to 16px (/specs/Sprint2/Elavon/DESKTOP/PIXELS_FAQ_ELAVON.spec:16)
  - "FirstFAQCollapsedSign" is 20px left instead of 19px (/specs/Sprint2/Elavon/DESKTOP/PIXELS_FAQ_ELAVON.spec:19)
  - "HeadlineContainer" is 195px left which is not in range of 197 to 201px (/specs/Sprint2/Elavon/DESKTOP/PIXELS_FAQ_ELAVON.spec:22)
  - "CollapseContainer" is 908px left which is not in range of 988 to 992px (/specs/Sprint2/Elavon/DESKTOP/PIXELS_FAQ_ELAVON.spec:25)

	at com.galenframework.support.GalenJavaTestBase.checkLayout(GalenJavaTestBase.java:129)
	at com.galenframework.support.GalenJavaTestBase.checkLayout(GalenJavaTestBase.java:111)
	at com.galenframework.java.USB.testelavon.FAQVerification.verify_ELAVONPIXELFAQPage(FAQVerification.java:37)
	at sun.reflect.NativeMethodAccessorImpl.invoke0(Native Method)
	at sun.reflect.NativeMethodAccessorImpl.invoke(NativeMethodAccessorImpl.java:62)
	at sun.reflect.DelegatingMethodAccessorImpl.invoke(DelegatingMethodAccessorImpl.java:43)
	at java.lang.reflect.Method.invoke(Method.java:498)
	at org.testng.internal.MethodInvocationHelper.invokeMethod(MethodInvocationHelper.java:80)
	at org.testng.internal.Invoker.invokeMethod(Invoker.java:715)
	at org.testng.internal.Invoker.invokeTestMethod(Invoker.java:907)
	at org.testng.internal.Invoker.invokeTestMethods(Invoker.java:1237)
	at org.testng.internal.TestMethodWorker.invokeTestMethods(TestMethodWorker.java:127)
	at org.testng.internal.TestMethodWorker.run(TestMethodWorker.java:111)
	at org.testng.TestRunner.privateRun(TestRunner.java:767)
	at org.testng.TestRunner.run(TestRunner.java:617)
	at org.testng.SuiteRunner.runTest(SuiteRunner.java:334)
	at org.testng.SuiteRunner.runSequentially(SuiteRunner.java:329)
	at org.testng.SuiteRunner.privateRun(SuiteRunner.java:291)
	at org.testng.SuiteRunner.run(SuiteRunner.java:240)
	at org.testng.SuiteRunnerWorker.runSuite(SuiteRunnerWorker.java:51)
	at org.testng.SuiteRunnerWorker.run(SuiteRunnerWorker.java:85)
	at org.testng.TestNG.runSuitesSequentially(TestNG.java:1197)
	at org.testng.TestNG.runSuitesLocally(TestNG.java:1122)
	at org.testng.TestNG.run(TestNG.java:1030)
	at org.testng.remote.AbstractRemoteTestNG.run(AbstractRemoteTestNG.java:132)
	at org.testng.remote.RemoteTestNG.initAndRun(RemoteTestNG.java:230)
	at org.testng.remote.RemoteTestNG.main(RemoteTestNG.java:76)
]]>
    </failure>
  </testcase> <!-- verify_ELAVONPIXELFAQPage -->
</testsuite> <!-- com.galenframework.java.USB.testelavon.FAQVerification -->
