<?xml version="1.0" encoding="UTF-8"?>
<!-- Generated by org.testng.reporters.JUnitReportReporter -->
<testsuite hostname="delsban3586781" name="com.galenframework.java.USB.tests.USBCreativeVerification" tests="3" failures="3" timestamp="1 Aug 2017 03:48:56 GMT" time="234.714" errors="0">
  <testcase name="usbSecureLandingPage" time="65.512" classname="com.galenframework.java.USB.tests.USBCreativeVerification">
    <failure type="com.galenframework.support.LayoutValidationException" message="/specs/usbsecurelanding.spec, tags: [tablet]
  - &quot;headinggraph1&quot; is absent on page (/specs/usbsecurelanding.spec:159)
  - &quot;headinggraph1&quot; is absent on page (/specs/usbsecurelanding.spec:160)
  - &quot;headinggraph1&quot; is absent on page (/specs/usbsecurelanding.spec:161)
  - &quot;headinggraph1&quot; is absent on page (/specs/usbsecurelanding.spec:162)
  - &quot;headinggraph2&quot; is absent on page (/specs/usbsecurelanding.spec:164)
  - &quot;headinggraph2&quot; is absent on page (/specs/usbsecurelanding.spec:165)
  - &quot;headinggraph2&quot; is absent on page (/specs/usbsecurelanding.spec:166)
  - &quot;headinggraph2&quot; is absent on page (/specs/usbsecurelanding.spec:167)
  - &quot;headinggraph3&quot; is absent on page (/specs/usbsecurelanding.spec:169)
  - &quot;headinggraph3&quot; is absent on page (/specs/usbsecurelanding.spec:170)
  - &quot;headinggraph3&quot; is absent on page (/specs/usbsecurelanding.spec:171)
  - &quot;headinggraph3&quot; is absent on page (/specs/usbsecurelanding.spec:172)
  - &quot;headinggraph4&quot; is absent on page (/specs/usbsecurelanding.spec:174)
  - &quot;headinggraph4&quot; is absent on page (/specs/usbsecurelanding.spec:175)
  - &quot;headinggraph4&quot; is absent on page (/specs/usbsecurelanding.spec:176)
  - &quot;headinggraph4&quot; is absent on page (/specs/usbsecurelanding.spec:177)
  - &quot;graph1&quot; is absent on page (/specs/usbsecurelanding.spec:210)
  - &quot;graph1&quot; is absent on page (/specs/usbsecurelanding.spec:211)
  - &quot;graph2&quot; is absent on page (/specs/usbsecurelanding.spec:213)
  - &quot;graph2&quot; is absent on page (/specs/usbsecurelanding.spec:214)
  - &quot;graph3&quot; is absent on page (/specs/usbsecurelanding.spec:216)
  - &quot;graph3&quot; is absent on page (/specs/usbsecurelanding.spec:217)
  - &quot;graph4&quot; is absent on page (/specs/usbsecurelanding.spec:219)
  - &quot;graph4&quot; is absent on page (/specs/usbsecurelanding.spec:220)
">
      <![CDATA[com.galenframework.support.LayoutValidationException: /specs/usbsecurelanding.spec, tags: [tablet]
  - "headinggraph1" is absent on page (/specs/usbsecurelanding.spec:159)
  - "headinggraph1" is absent on page (/specs/usbsecurelanding.spec:160)
  - "headinggraph1" is absent on page (/specs/usbsecurelanding.spec:161)
  - "headinggraph1" is absent on page (/specs/usbsecurelanding.spec:162)
  - "headinggraph2" is absent on page (/specs/usbsecurelanding.spec:164)
  - "headinggraph2" is absent on page (/specs/usbsecurelanding.spec:165)
  - "headinggraph2" is absent on page (/specs/usbsecurelanding.spec:166)
  - "headinggraph2" is absent on page (/specs/usbsecurelanding.spec:167)
  - "headinggraph3" is absent on page (/specs/usbsecurelanding.spec:169)
  - "headinggraph3" is absent on page (/specs/usbsecurelanding.spec:170)
  - "headinggraph3" is absent on page (/specs/usbsecurelanding.spec:171)
  - "headinggraph3" is absent on page (/specs/usbsecurelanding.spec:172)
  - "headinggraph4" is absent on page (/specs/usbsecurelanding.spec:174)
  - "headinggraph4" is absent on page (/specs/usbsecurelanding.spec:175)
  - "headinggraph4" is absent on page (/specs/usbsecurelanding.spec:176)
  - "headinggraph4" is absent on page (/specs/usbsecurelanding.spec:177)
  - "graph1" is absent on page (/specs/usbsecurelanding.spec:210)
  - "graph1" is absent on page (/specs/usbsecurelanding.spec:211)
  - "graph2" is absent on page (/specs/usbsecurelanding.spec:213)
  - "graph2" is absent on page (/specs/usbsecurelanding.spec:214)
  - "graph3" is absent on page (/specs/usbsecurelanding.spec:216)
  - "graph3" is absent on page (/specs/usbsecurelanding.spec:217)
  - "graph4" is absent on page (/specs/usbsecurelanding.spec:219)
  - "graph4" is absent on page (/specs/usbsecurelanding.spec:220)

	at com.galenframework.support.GalenJavaTestBase.checkLayout(GalenJavaTestBase.java:129)
	at com.galenframework.support.GalenJavaTestBase.checkLayout(GalenJavaTestBase.java:111)
	at com.galenframework.java.USB.tests.USBCreativeVerification.usbSecureLandingPage(USBCreativeVerification.java:50)
	at sun.reflect.NativeMethodAccessorImpl.invoke0(Native Method)
	at sun.reflect.NativeMethodAccessorImpl.invoke(NativeMethodAccessorImpl.java:62)
	at sun.reflect.DelegatingMethodAccessorImpl.invoke(DelegatingMethodAccessorImpl.java:43)
	at java.lang.reflect.Method.invoke(Method.java:498)
	at org.testng.internal.MethodInvocationHelper.invokeMethod(MethodInvocationHelper.java:80)
	at org.testng.internal.Invoker.invokeMethod(Invoker.java:715)
	at org.testng.internal.Invoker.invokeTestMethod(Invoker.java:907)
	at org.testng.internal.Invoker.invokeTestMethods(Invoker.java:1237)
	at org.testng.internal.TestMethodWorker.invokeTestMethods(TestMethodWorker.java:127)
	at org.testng.internal.TestMethodWorker.run(TestMethodWorker.java:111)
	at org.testng.TestRunner.privateRun(TestRunner.java:767)
	at org.testng.TestRunner.run(TestRunner.java:617)
	at org.testng.SuiteRunner.runTest(SuiteRunner.java:334)
	at org.testng.SuiteRunner.runSequentially(SuiteRunner.java:329)
	at org.testng.SuiteRunner.privateRun(SuiteRunner.java:291)
	at org.testng.SuiteRunner.run(SuiteRunner.java:240)
	at org.testng.SuiteRunnerWorker.runSuite(SuiteRunnerWorker.java:51)
	at org.testng.SuiteRunnerWorker.run(SuiteRunnerWorker.java:85)
	at org.testng.TestNG.runSuitesSequentially(TestNG.java:1197)
	at org.testng.TestNG.runSuitesLocally(TestNG.java:1122)
	at org.testng.TestNG.run(TestNG.java:1030)
	at org.testng.remote.AbstractRemoteTestNG.run(AbstractRemoteTestNG.java:132)
	at org.testng.remote.RemoteTestNG.initAndRun(RemoteTestNG.java:230)
	at org.testng.remote.RemoteTestNG.main(RemoteTestNG.java:76)
]]>
    </failure>
  </testcase> <!-- usbSecureLandingPage -->
  <testcase name="usbSecureLandingPage" time="94.694" classname="com.galenframework.java.USB.tests.USBCreativeVerification">
    <failure type="com.galenframework.support.LayoutValidationException" message="/specs/usbsecurelanding.spec, tags: [Mobile]
  - &quot;hamburger&quot; is 0px left which is not in range of 3 to 13px (/specs/usbsecurelanding.spec:52)
  - &quot;logo-img&quot; is 72px left which is not in range of 130 to 140px (/specs/usbsecurelanding.spec:55)
  - &quot;search-icon-container&quot; is 500px left which is not in range of 473 to 485px (/specs/usbsecurelanding.spec:58)
  - &quot;search-icon&quot; is 518px left which is not in range of 533 to 544px (/specs/usbsecurelanding.spec:61)
  - &quot;search-icon&quot; is 16px top which is not in range of 18 to 28px (/specs/usbsecurelanding.spec:62)
  - &quot;appsdropdown&quot; is absent on page (/specs/usbsecurelanding.spec:102)
  - &quot;dateSelectordd&quot; is absent on page (/specs/usbsecurelanding.spec:105)
  - &quot;exportdropdown&quot; is absent on page (/specs/usbsecurelanding.spec:108)
  - &quot;headinggraph1&quot; is absent on page (/specs/usbsecurelanding.spec:137)
  - &quot;headinggraph1&quot; is absent on page (/specs/usbsecurelanding.spec:138)
  - &quot;headinggraph1&quot; is absent on page (/specs/usbsecurelanding.spec:139)
  - &quot;headinggraph1&quot; is absent on page (/specs/usbsecurelanding.spec:140)
  - &quot;headinggraph2&quot; is absent on page (/specs/usbsecurelanding.spec:142)
  - &quot;headinggraph2&quot; is absent on page (/specs/usbsecurelanding.spec:143)
  - &quot;headinggraph2&quot; is absent on page (/specs/usbsecurelanding.spec:144)
  - &quot;headinggraph2&quot; is absent on page (/specs/usbsecurelanding.spec:145)
  - &quot;headinggraph3&quot; is absent on page (/specs/usbsecurelanding.spec:147)
  - &quot;headinggraph3&quot; is absent on page (/specs/usbsecurelanding.spec:148)
  - &quot;headinggraph3&quot; is absent on page (/specs/usbsecurelanding.spec:149)
  - &quot;headinggraph3&quot; is absent on page (/specs/usbsecurelanding.spec:150)
  - &quot;headinggraph4&quot; is absent on page (/specs/usbsecurelanding.spec:152)
  - &quot;headinggraph4&quot; is absent on page (/specs/usbsecurelanding.spec:153)
  - &quot;headinggraph4&quot; is absent on page (/specs/usbsecurelanding.spec:154)
  - &quot;headinggraph4&quot; is absent on page (/specs/usbsecurelanding.spec:155)
  - &quot;graph1&quot; is absent on page (/specs/usbsecurelanding.spec:196)
  - &quot;graph1&quot; is absent on page (/specs/usbsecurelanding.spec:197)
  - &quot;graph2&quot; is absent on page (/specs/usbsecurelanding.spec:199)
  - &quot;graph2&quot; is absent on page (/specs/usbsecurelanding.spec:200)
  - &quot;graph3&quot; is absent on page (/specs/usbsecurelanding.spec:202)
  - &quot;graph3&quot; is absent on page (/specs/usbsecurelanding.spec:203)
  - &quot;graph4&quot; is absent on page (/specs/usbsecurelanding.spec:205)
  - &quot;graph4&quot; is absent on page (/specs/usbsecurelanding.spec:206)
">
      <![CDATA[com.galenframework.support.LayoutValidationException: /specs/usbsecurelanding.spec, tags: [Mobile]
  - "hamburger" is 0px left which is not in range of 3 to 13px (/specs/usbsecurelanding.spec:52)
  - "logo-img" is 72px left which is not in range of 130 to 140px (/specs/usbsecurelanding.spec:55)
  - "search-icon-container" is 500px left which is not in range of 473 to 485px (/specs/usbsecurelanding.spec:58)
  - "search-icon" is 518px left which is not in range of 533 to 544px (/specs/usbsecurelanding.spec:61)
  - "search-icon" is 16px top which is not in range of 18 to 28px (/specs/usbsecurelanding.spec:62)
  - "appsdropdown" is absent on page (/specs/usbsecurelanding.spec:102)
  - "dateSelectordd" is absent on page (/specs/usbsecurelanding.spec:105)
  - "exportdropdown" is absent on page (/specs/usbsecurelanding.spec:108)
  - "headinggraph1" is absent on page (/specs/usbsecurelanding.spec:137)
  - "headinggraph1" is absent on page (/specs/usbsecurelanding.spec:138)
  - "headinggraph1" is absent on page (/specs/usbsecurelanding.spec:139)
  - "headinggraph1" is absent on page (/specs/usbsecurelanding.spec:140)
  - "headinggraph2" is absent on page (/specs/usbsecurelanding.spec:142)
  - "headinggraph2" is absent on page (/specs/usbsecurelanding.spec:143)
  - "headinggraph2" is absent on page (/specs/usbsecurelanding.spec:144)
  - "headinggraph2" is absent on page (/specs/usbsecurelanding.spec:145)
  - "headinggraph3" is absent on page (/specs/usbsecurelanding.spec:147)
  - "headinggraph3" is absent on page (/specs/usbsecurelanding.spec:148)
  - "headinggraph3" is absent on page (/specs/usbsecurelanding.spec:149)
  - "headinggraph3" is absent on page (/specs/usbsecurelanding.spec:150)
  - "headinggraph4" is absent on page (/specs/usbsecurelanding.spec:152)
  - "headinggraph4" is absent on page (/specs/usbsecurelanding.spec:153)
  - "headinggraph4" is absent on page (/specs/usbsecurelanding.spec:154)
  - "headinggraph4" is absent on page (/specs/usbsecurelanding.spec:155)
  - "graph1" is absent on page (/specs/usbsecurelanding.spec:196)
  - "graph1" is absent on page (/specs/usbsecurelanding.spec:197)
  - "graph2" is absent on page (/specs/usbsecurelanding.spec:199)
  - "graph2" is absent on page (/specs/usbsecurelanding.spec:200)
  - "graph3" is absent on page (/specs/usbsecurelanding.spec:202)
  - "graph3" is absent on page (/specs/usbsecurelanding.spec:203)
  - "graph4" is absent on page (/specs/usbsecurelanding.spec:205)
  - "graph4" is absent on page (/specs/usbsecurelanding.spec:206)

	at com.galenframework.support.GalenJavaTestBase.checkLayout(GalenJavaTestBase.java:129)
	at com.galenframework.support.GalenJavaTestBase.checkLayout(GalenJavaTestBase.java:111)
	at com.galenframework.java.USB.tests.USBCreativeVerification.usbSecureLandingPage(USBCreativeVerification.java:50)
	at sun.reflect.NativeMethodAccessorImpl.invoke0(Native Method)
	at sun.reflect.NativeMethodAccessorImpl.invoke(NativeMethodAccessorImpl.java:62)
	at sun.reflect.DelegatingMethodAccessorImpl.invoke(DelegatingMethodAccessorImpl.java:43)
	at java.lang.reflect.Method.invoke(Method.java:498)
	at org.testng.internal.MethodInvocationHelper.invokeMethod(MethodInvocationHelper.java:80)
	at org.testng.internal.Invoker.invokeMethod(Invoker.java:715)
	at org.testng.internal.Invoker.invokeTestMethod(Invoker.java:907)
	at org.testng.internal.Invoker.invokeTestMethods(Invoker.java:1237)
	at org.testng.internal.TestMethodWorker.invokeTestMethods(TestMethodWorker.java:127)
	at org.testng.internal.TestMethodWorker.run(TestMethodWorker.java:111)
	at org.testng.TestRunner.privateRun(TestRunner.java:767)
	at org.testng.TestRunner.run(TestRunner.java:617)
	at org.testng.SuiteRunner.runTest(SuiteRunner.java:334)
	at org.testng.SuiteRunner.runSequentially(SuiteRunner.java:329)
	at org.testng.SuiteRunner.privateRun(SuiteRunner.java:291)
	at org.testng.SuiteRunner.run(SuiteRunner.java:240)
	at org.testng.SuiteRunnerWorker.runSuite(SuiteRunnerWorker.java:51)
	at org.testng.SuiteRunnerWorker.run(SuiteRunnerWorker.java:85)
	at org.testng.TestNG.runSuitesSequentially(TestNG.java:1197)
	at org.testng.TestNG.runSuitesLocally(TestNG.java:1122)
	at org.testng.TestNG.run(TestNG.java:1030)
	at org.testng.remote.AbstractRemoteTestNG.run(AbstractRemoteTestNG.java:132)
	at org.testng.remote.RemoteTestNG.initAndRun(RemoteTestNG.java:230)
	at org.testng.remote.RemoteTestNG.main(RemoteTestNG.java:76)
]]>
    </failure>
  </testcase> <!-- usbSecureLandingPage -->
  <testcase name="usbSecureLandingPage" time="74.508" classname="com.galenframework.java.USB.tests.USBCreativeVerification">
    <failure type="com.galenframework.support.LayoutValidationException" message="/specs/usbsecurelanding.spec, tags: [Desktop]
  - &quot;hamburger&quot; is 0px left which is not in range of 6 to 16px (/specs/usbsecurelanding.spec:27)
  - &quot;hamburger&quot; is 0px top which is not in range of 73 to 85px (/specs/usbsecurelanding.spec:28)
  - &quot;logo-img&quot; is 72px left which is not in range of 51 to 62px (/specs/usbsecurelanding.spec:30)
  - &quot;logo-img&quot; is 13px top which is not in range of 73 to 85px (/specs/usbsecurelanding.spec:31)
  - &quot;for-developers&quot; is 205px left which is not in range of 182 to 196px (/specs/usbsecurelanding.spec:33)
  - &quot;for-developers&quot; is 15px top which is not in range of 73 to 85px (/specs/usbsecurelanding.spec:34)
  - &quot;user-name&quot; is 954px left which is not in range of 1001 to 1013px (/specs/usbsecurelanding.spec:36)
  - &quot;user-name&quot; is 13px top which is not in range of 73 to 85px (/specs/usbsecurelanding.spec:37)
  - &quot;user-name&quot; css property &quot;line-height&quot; is &quot;22px&quot; but should be &quot;21px&quot; (/specs/usbsecurelanding.spec:39)
  - &quot;user-logo&quot; is 1085px left which is not in range of 1100 to 1112px (/specs/usbsecurelanding.spec:41)
  - &quot;user-logo&quot; is 15px top which is not in range of 73 to 85px (/specs/usbsecurelanding.spec:42)
  - &quot;search-icon-container&quot; is 1125px left which is not in range of 1141 to 1152px (/specs/usbsecurelanding.spec:44)
  - &quot;search-icon-container&quot; is 0px top which is not in range of 73 to 85px (/specs/usbsecurelanding.spec:45)
  - &quot;search-icon&quot; is 1143px left which is not in range of 1175 to 1186px (/specs/usbsecurelanding.spec:47)
  - &quot;search-icon&quot; is 16px top which is not in range of 73 to 85px (/specs/usbsecurelanding.spec:48)
  - &quot;appsdropdown&quot; is absent on page (/specs/usbsecurelanding.spec:92)
  - &quot;dateSelectordd&quot; is absent on page (/specs/usbsecurelanding.spec:95)
  - &quot;exportdropdown&quot; is absent on page (/specs/usbsecurelanding.spec:98)
  - &quot;headinggraph1&quot; is absent on page (/specs/usbsecurelanding.spec:115)
  - &quot;headinggraph1&quot; is absent on page (/specs/usbsecurelanding.spec:116)
  - &quot;headinggraph1&quot; is absent on page (/specs/usbsecurelanding.spec:117)
  - &quot;headinggraph1&quot; is absent on page (/specs/usbsecurelanding.spec:118)
  - &quot;headinggraph2&quot; is absent on page (/specs/usbsecurelanding.spec:120)
  - &quot;headinggraph2&quot; is absent on page (/specs/usbsecurelanding.spec:121)
  - &quot;headinggraph2&quot; is absent on page (/specs/usbsecurelanding.spec:122)
  - &quot;headinggraph2&quot; is absent on page (/specs/usbsecurelanding.spec:123)
  - &quot;headinggraph3&quot; is absent on page (/specs/usbsecurelanding.spec:125)
  - &quot;headinggraph3&quot; is absent on page (/specs/usbsecurelanding.spec:126)
  - &quot;headinggraph3&quot; is absent on page (/specs/usbsecurelanding.spec:127)
  - &quot;headinggraph3&quot; is absent on page (/specs/usbsecurelanding.spec:128)
  - &quot;headinggraph4&quot; is absent on page (/specs/usbsecurelanding.spec:130)
  - &quot;headinggraph4&quot; is absent on page (/specs/usbsecurelanding.spec:131)
  - &quot;headinggraph4&quot; is absent on page (/specs/usbsecurelanding.spec:132)
  - &quot;headinggraph4&quot; is absent on page (/specs/usbsecurelanding.spec:133)
  - &quot;graph1&quot; is absent on page (/specs/usbsecurelanding.spec:182)
  - &quot;graph1&quot; is absent on page (/specs/usbsecurelanding.spec:183)
  - &quot;graph2&quot; is absent on page (/specs/usbsecurelanding.spec:185)
  - &quot;graph2&quot; is absent on page (/specs/usbsecurelanding.spec:186)
  - &quot;graph3&quot; is absent on page (/specs/usbsecurelanding.spec:188)
  - &quot;graph3&quot; is absent on page (/specs/usbsecurelanding.spec:189)
  - &quot;graph4&quot; is absent on page (/specs/usbsecurelanding.spec:191)
  - &quot;graph4&quot; is absent on page (/specs/usbsecurelanding.spec:192)
">
      <![CDATA[com.galenframework.support.LayoutValidationException: /specs/usbsecurelanding.spec, tags: [Desktop]
  - "hamburger" is 0px left which is not in range of 6 to 16px (/specs/usbsecurelanding.spec:27)
  - "hamburger" is 0px top which is not in range of 73 to 85px (/specs/usbsecurelanding.spec:28)
  - "logo-img" is 72px left which is not in range of 51 to 62px (/specs/usbsecurelanding.spec:30)
  - "logo-img" is 13px top which is not in range of 73 to 85px (/specs/usbsecurelanding.spec:31)
  - "for-developers" is 205px left which is not in range of 182 to 196px (/specs/usbsecurelanding.spec:33)
  - "for-developers" is 15px top which is not in range of 73 to 85px (/specs/usbsecurelanding.spec:34)
  - "user-name" is 954px left which is not in range of 1001 to 1013px (/specs/usbsecurelanding.spec:36)
  - "user-name" is 13px top which is not in range of 73 to 85px (/specs/usbsecurelanding.spec:37)
  - "user-name" css property "line-height" is "22px" but should be "21px" (/specs/usbsecurelanding.spec:39)
  - "user-logo" is 1085px left which is not in range of 1100 to 1112px (/specs/usbsecurelanding.spec:41)
  - "user-logo" is 15px top which is not in range of 73 to 85px (/specs/usbsecurelanding.spec:42)
  - "search-icon-container" is 1125px left which is not in range of 1141 to 1152px (/specs/usbsecurelanding.spec:44)
  - "search-icon-container" is 0px top which is not in range of 73 to 85px (/specs/usbsecurelanding.spec:45)
  - "search-icon" is 1143px left which is not in range of 1175 to 1186px (/specs/usbsecurelanding.spec:47)
  - "search-icon" is 16px top which is not in range of 73 to 85px (/specs/usbsecurelanding.spec:48)
  - "appsdropdown" is absent on page (/specs/usbsecurelanding.spec:92)
  - "dateSelectordd" is absent on page (/specs/usbsecurelanding.spec:95)
  - "exportdropdown" is absent on page (/specs/usbsecurelanding.spec:98)
  - "headinggraph1" is absent on page (/specs/usbsecurelanding.spec:115)
  - "headinggraph1" is absent on page (/specs/usbsecurelanding.spec:116)
  - "headinggraph1" is absent on page (/specs/usbsecurelanding.spec:117)
  - "headinggraph1" is absent on page (/specs/usbsecurelanding.spec:118)
  - "headinggraph2" is absent on page (/specs/usbsecurelanding.spec:120)
  - "headinggraph2" is absent on page (/specs/usbsecurelanding.spec:121)
  - "headinggraph2" is absent on page (/specs/usbsecurelanding.spec:122)
  - "headinggraph2" is absent on page (/specs/usbsecurelanding.spec:123)
  - "headinggraph3" is absent on page (/specs/usbsecurelanding.spec:125)
  - "headinggraph3" is absent on page (/specs/usbsecurelanding.spec:126)
  - "headinggraph3" is absent on page (/specs/usbsecurelanding.spec:127)
  - "headinggraph3" is absent on page (/specs/usbsecurelanding.spec:128)
  - "headinggraph4" is absent on page (/specs/usbsecurelanding.spec:130)
  - "headinggraph4" is absent on page (/specs/usbsecurelanding.spec:131)
  - "headinggraph4" is absent on page (/specs/usbsecurelanding.spec:132)
  - "headinggraph4" is absent on page (/specs/usbsecurelanding.spec:133)
  - "graph1" is absent on page (/specs/usbsecurelanding.spec:182)
  - "graph1" is absent on page (/specs/usbsecurelanding.spec:183)
  - "graph2" is absent on page (/specs/usbsecurelanding.spec:185)
  - "graph2" is absent on page (/specs/usbsecurelanding.spec:186)
  - "graph3" is absent on page (/specs/usbsecurelanding.spec:188)
  - "graph3" is absent on page (/specs/usbsecurelanding.spec:189)
  - "graph4" is absent on page (/specs/usbsecurelanding.spec:191)
  - "graph4" is absent on page (/specs/usbsecurelanding.spec:192)

	at com.galenframework.support.GalenJavaTestBase.checkLayout(GalenJavaTestBase.java:129)
	at com.galenframework.support.GalenJavaTestBase.checkLayout(GalenJavaTestBase.java:111)
	at com.galenframework.java.USB.tests.USBCreativeVerification.usbSecureLandingPage(USBCreativeVerification.java:50)
	at sun.reflect.NativeMethodAccessorImpl.invoke0(Native Method)
	at sun.reflect.NativeMethodAccessorImpl.invoke(NativeMethodAccessorImpl.java:62)
	at sun.reflect.DelegatingMethodAccessorImpl.invoke(DelegatingMethodAccessorImpl.java:43)
	at java.lang.reflect.Method.invoke(Method.java:498)
	at org.testng.internal.MethodInvocationHelper.invokeMethod(MethodInvocationHelper.java:80)
	at org.testng.internal.Invoker.invokeMethod(Invoker.java:715)
	at org.testng.internal.Invoker.invokeTestMethod(Invoker.java:907)
	at org.testng.internal.Invoker.invokeTestMethods(Invoker.java:1237)
	at org.testng.internal.TestMethodWorker.invokeTestMethods(TestMethodWorker.java:127)
	at org.testng.internal.TestMethodWorker.run(TestMethodWorker.java:111)
	at org.testng.TestRunner.privateRun(TestRunner.java:767)
	at org.testng.TestRunner.run(TestRunner.java:617)
	at org.testng.SuiteRunner.runTest(SuiteRunner.java:334)
	at org.testng.SuiteRunner.runSequentially(SuiteRunner.java:329)
	at org.testng.SuiteRunner.privateRun(SuiteRunner.java:291)
	at org.testng.SuiteRunner.run(SuiteRunner.java:240)
	at org.testng.SuiteRunnerWorker.runSuite(SuiteRunnerWorker.java:51)
	at org.testng.SuiteRunnerWorker.run(SuiteRunnerWorker.java:85)
	at org.testng.TestNG.runSuitesSequentially(TestNG.java:1197)
	at org.testng.TestNG.runSuitesLocally(TestNG.java:1122)
	at org.testng.TestNG.run(TestNG.java:1030)
	at org.testng.remote.AbstractRemoteTestNG.run(AbstractRemoteTestNG.java:132)
	at org.testng.remote.RemoteTestNG.initAndRun(RemoteTestNG.java:230)
	at org.testng.remote.RemoteTestNG.main(RemoteTestNG.java:76)
]]>
    </failure>
  </testcase> <!-- usbSecureLandingPage -->
</testsuite> <!-- com.galenframework.java.USB.tests.USBCreativeVerification -->
