<?xml version="1.0" encoding="UTF-8"?>
<!-- Generated by org.testng.reporters.JUnitReportReporter -->
<testsuite hostname="delsban3586781" name="com.galenframework.java.USB.testelavon.TermsAndConditionsVerification" tests="6" failures="6" timestamp="25 Aug 2017 11:09:18 GMT" time="341.099" errors="0">
  <testcase name="verify_elavonPixelTermsPage" time="54.508" classname="com.galenframework.java.USB.testelavon.TermsAndConditionsVerification">
    <failure type="com.galenframework.support.LayoutValidationException" message="/specs/Sprint2/Elavon/DESKTOP/PIXELSTermsConditionsELAVON.spec, tags: [tablet]
  - &quot;TermsConditionTitle&quot; is 22px left which is not in range of 9 to 13px (/specs/Sprint2/Elavon/DESKTOP/PIXELSTermsConditionsELAVON.spec:32)
  - &quot;PostedByDate&quot; is 22px left which is not in range of 9 to 13px (/specs/Sprint2/Elavon/DESKTOP/PIXELSTermsConditionsELAVON.spec:35)
  - &quot;PostedByDate&quot; is 9px below &quot;TermsConditionTitle&quot; which is not in range of 14 to 18px (/specs/Sprint2/Elavon/DESKTOP/PIXELSTermsConditionsELAVON.spec:36)
  - &quot;TermConditionText&quot; is 22px left which is not in range of 9 to 13px (/specs/Sprint2/Elavon/DESKTOP/PIXELSTermsConditionsELAVON.spec:39)
  - &quot;TermConditionText&quot; is 88px below &quot;PostedByDate&quot; which is not in range of 91 to 95px (/specs/Sprint2/Elavon/DESKTOP/PIXELSTermsConditionsELAVON.spec:40)
  - &quot;FirstTermConditionHeadline&quot; is absent on page (/specs/Sprint2/Elavon/DESKTOP/PIXELSTermsConditionsELAVON.spec:43)
  - &quot;FirstTermConditionText&quot; is 22px left which is not in range of 9 to 13px (/specs/Sprint2/Elavon/DESKTOP/PIXELSTermsConditionsELAVON.spec:46)
">
      <![CDATA[com.galenframework.support.LayoutValidationException: /specs/Sprint2/Elavon/DESKTOP/PIXELSTermsConditionsELAVON.spec, tags: [tablet]
  - "TermsConditionTitle" is 22px left which is not in range of 9 to 13px (/specs/Sprint2/Elavon/DESKTOP/PIXELSTermsConditionsELAVON.spec:32)
  - "PostedByDate" is 22px left which is not in range of 9 to 13px (/specs/Sprint2/Elavon/DESKTOP/PIXELSTermsConditionsELAVON.spec:35)
  - "PostedByDate" is 9px below "TermsConditionTitle" which is not in range of 14 to 18px (/specs/Sprint2/Elavon/DESKTOP/PIXELSTermsConditionsELAVON.spec:36)
  - "TermConditionText" is 22px left which is not in range of 9 to 13px (/specs/Sprint2/Elavon/DESKTOP/PIXELSTermsConditionsELAVON.spec:39)
  - "TermConditionText" is 88px below "PostedByDate" which is not in range of 91 to 95px (/specs/Sprint2/Elavon/DESKTOP/PIXELSTermsConditionsELAVON.spec:40)
  - "FirstTermConditionHeadline" is absent on page (/specs/Sprint2/Elavon/DESKTOP/PIXELSTermsConditionsELAVON.spec:43)
  - "FirstTermConditionText" is 22px left which is not in range of 9 to 13px (/specs/Sprint2/Elavon/DESKTOP/PIXELSTermsConditionsELAVON.spec:46)

	at com.galenframework.support.GalenJavaTestBase.checkLayout(GalenJavaTestBase.java:129)
	at com.galenframework.support.GalenJavaTestBase.checkLayout(GalenJavaTestBase.java:111)
	at com.galenframework.java.USB.testelavon.TermsAndConditionsVerification.verify_elavonPixelTermsPage(TermsAndConditionsVerification.java:37)
	at sun.reflect.NativeMethodAccessorImpl.invoke0(Native Method)
	at sun.reflect.NativeMethodAccessorImpl.invoke(NativeMethodAccessorImpl.java:62)
	at sun.reflect.DelegatingMethodAccessorImpl.invoke(DelegatingMethodAccessorImpl.java:43)
	at java.lang.reflect.Method.invoke(Method.java:498)
	at org.testng.internal.MethodInvocationHelper.invokeMethod(MethodInvocationHelper.java:80)
	at org.testng.internal.Invoker.invokeMethod(Invoker.java:715)
	at org.testng.internal.Invoker.invokeTestMethod(Invoker.java:907)
	at org.testng.internal.Invoker.invokeTestMethods(Invoker.java:1237)
	at org.testng.internal.TestMethodWorker.invokeTestMethods(TestMethodWorker.java:127)
	at org.testng.internal.TestMethodWorker.run(TestMethodWorker.java:111)
	at org.testng.TestRunner.privateRun(TestRunner.java:767)
	at org.testng.TestRunner.run(TestRunner.java:617)
	at org.testng.SuiteRunner.runTest(SuiteRunner.java:334)
	at org.testng.SuiteRunner.runSequentially(SuiteRunner.java:329)
	at org.testng.SuiteRunner.privateRun(SuiteRunner.java:291)
	at org.testng.SuiteRunner.run(SuiteRunner.java:240)
	at org.testng.SuiteRunnerWorker.runSuite(SuiteRunnerWorker.java:51)
	at org.testng.SuiteRunnerWorker.run(SuiteRunnerWorker.java:85)
	at org.testng.TestNG.runSuitesSequentially(TestNG.java:1197)
	at org.testng.TestNG.runSuitesLocally(TestNG.java:1122)
	at org.testng.TestNG.run(TestNG.java:1030)
	at org.testng.remote.AbstractRemoteTestNG.run(AbstractRemoteTestNG.java:132)
	at org.testng.remote.RemoteTestNG.initAndRun(RemoteTestNG.java:230)
	at org.testng.remote.RemoteTestNG.main(RemoteTestNG.java:76)
]]>
    </failure>
  </testcase> <!-- verify_elavonPixelTermsPage -->
  <testcase name="verify_elavonFontTermsPage" time="68.908" classname="com.galenframework.java.USB.testelavon.TermsAndConditionsVerification">
    <failure type="com.galenframework.support.LayoutValidationException" message="/specs/Sprint2/Elavon/DESKTOP/Font_TermsCondition_ELAVON.spec, tags: [tablet]
  - &quot;TermsConditionTitle&quot; css property &quot;color&quot; is &quot;rgba(11, 19, 97, 1)&quot; but should be &quot;rgba(7, 21, 89, 1)&quot; (/specs/Sprint2/Elavon/DESKTOP/Font_TermsCondition_ELAVON.spec:52)
  - &quot;TermsConditionTitle&quot; css property &quot;font-family&quot; is &quot;&quot;roboto&quot;&quot; but should be &quot;roboto-bold&quot; (/specs/Sprint2/Elavon/DESKTOP/Font_TermsCondition_ELAVON.spec:54)
  - &quot;TermsConditionTitle&quot; css property &quot;line-height&quot; is &quot;40px&quot; but should be &quot;38px&quot; (/specs/Sprint2/Elavon/DESKTOP/Font_TermsCondition_ELAVON.spec:55)
  - &quot;PostedByDate&quot; css property &quot;color&quot; is &quot;rgba(11, 19, 97, 1)&quot; but should be &quot;rgba(7, 21, 89, 1)&quot; (/specs/Sprint2/Elavon/DESKTOP/Font_TermsCondition_ELAVON.spec:58)
  - &quot;PostedByDate&quot; css property &quot;font-family&quot; is &quot;&quot;roboto&quot;&quot; but should be &quot;roboto-bold&quot; (/specs/Sprint2/Elavon/DESKTOP/Font_TermsCondition_ELAVON.spec:60)
  - &quot;TermConditionText&quot; css property &quot;font-family&quot; is &quot;&quot;roboto-light&quot;&quot; but should be &quot;roboto-light&quot; (/specs/Sprint2/Elavon/DESKTOP/Font_TermsCondition_ELAVON.spec:66)
  - &quot;FirstTermConditionHeadline&quot; is absent on page (/specs/Sprint2/Elavon/DESKTOP/Font_TermsCondition_ELAVON.spec:70)
  - &quot;FirstTermConditionHeadline&quot; is absent on page (/specs/Sprint2/Elavon/DESKTOP/Font_TermsCondition_ELAVON.spec:71)
  - &quot;FirstTermConditionHeadline&quot; is absent on page (/specs/Sprint2/Elavon/DESKTOP/Font_TermsCondition_ELAVON.spec:72)
  - &quot;FirstTermConditionHeadline&quot; is absent on page (/specs/Sprint2/Elavon/DESKTOP/Font_TermsCondition_ELAVON.spec:73)
  - &quot;FirstTermConditionText&quot; css property &quot;font-family&quot; is &quot;&quot;roboto-light&quot;&quot; but should be &quot;roboto-light&quot; (/specs/Sprint2/Elavon/DESKTOP/Font_TermsCondition_ELAVON.spec:78)
  - &quot;TermsandConditionFooter&quot; css property &quot;font-family&quot; is &quot;&quot;roboto-light&quot;&quot; but should be &quot;roboto-light&quot; (/specs/Sprint2/Elavon/DESKTOP/Font_TermsCondition_ELAVON.spec:84)
  - &quot;TermsandConditionFooter&quot; css property &quot;line-height&quot; is &quot;18px&quot; but should be &quot;19px&quot; (/specs/Sprint2/Elavon/DESKTOP/Font_TermsCondition_ELAVON.spec:85)
">
      <![CDATA[com.galenframework.support.LayoutValidationException: /specs/Sprint2/Elavon/DESKTOP/Font_TermsCondition_ELAVON.spec, tags: [tablet]
  - "TermsConditionTitle" css property "color" is "rgba(11, 19, 97, 1)" but should be "rgba(7, 21, 89, 1)" (/specs/Sprint2/Elavon/DESKTOP/Font_TermsCondition_ELAVON.spec:52)
  - "TermsConditionTitle" css property "font-family" is ""roboto"" but should be "roboto-bold" (/specs/Sprint2/Elavon/DESKTOP/Font_TermsCondition_ELAVON.spec:54)
  - "TermsConditionTitle" css property "line-height" is "40px" but should be "38px" (/specs/Sprint2/Elavon/DESKTOP/Font_TermsCondition_ELAVON.spec:55)
  - "PostedByDate" css property "color" is "rgba(11, 19, 97, 1)" but should be "rgba(7, 21, 89, 1)" (/specs/Sprint2/Elavon/DESKTOP/Font_TermsCondition_ELAVON.spec:58)
  - "PostedByDate" css property "font-family" is ""roboto"" but should be "roboto-bold" (/specs/Sprint2/Elavon/DESKTOP/Font_TermsCondition_ELAVON.spec:60)
  - "TermConditionText" css property "font-family" is ""roboto-light"" but should be "roboto-light" (/specs/Sprint2/Elavon/DESKTOP/Font_TermsCondition_ELAVON.spec:66)
  - "FirstTermConditionHeadline" is absent on page (/specs/Sprint2/Elavon/DESKTOP/Font_TermsCondition_ELAVON.spec:70)
  - "FirstTermConditionHeadline" is absent on page (/specs/Sprint2/Elavon/DESKTOP/Font_TermsCondition_ELAVON.spec:71)
  - "FirstTermConditionHeadline" is absent on page (/specs/Sprint2/Elavon/DESKTOP/Font_TermsCondition_ELAVON.spec:72)
  - "FirstTermConditionHeadline" is absent on page (/specs/Sprint2/Elavon/DESKTOP/Font_TermsCondition_ELAVON.spec:73)
  - "FirstTermConditionText" css property "font-family" is ""roboto-light"" but should be "roboto-light" (/specs/Sprint2/Elavon/DESKTOP/Font_TermsCondition_ELAVON.spec:78)
  - "TermsandConditionFooter" css property "font-family" is ""roboto-light"" but should be "roboto-light" (/specs/Sprint2/Elavon/DESKTOP/Font_TermsCondition_ELAVON.spec:84)
  - "TermsandConditionFooter" css property "line-height" is "18px" but should be "19px" (/specs/Sprint2/Elavon/DESKTOP/Font_TermsCondition_ELAVON.spec:85)

	at com.galenframework.support.GalenJavaTestBase.checkLayout(GalenJavaTestBase.java:129)
	at com.galenframework.support.GalenJavaTestBase.checkLayout(GalenJavaTestBase.java:111)
	at com.galenframework.java.USB.testelavon.TermsAndConditionsVerification.verify_elavonFontTermsPage(TermsAndConditionsVerification.java:24)
	at sun.reflect.NativeMethodAccessorImpl.invoke0(Native Method)
	at sun.reflect.NativeMethodAccessorImpl.invoke(NativeMethodAccessorImpl.java:62)
	at sun.reflect.DelegatingMethodAccessorImpl.invoke(DelegatingMethodAccessorImpl.java:43)
	at java.lang.reflect.Method.invoke(Method.java:498)
	at org.testng.internal.MethodInvocationHelper.invokeMethod(MethodInvocationHelper.java:80)
	at org.testng.internal.Invoker.invokeMethod(Invoker.java:715)
	at org.testng.internal.Invoker.invokeTestMethod(Invoker.java:907)
	at org.testng.internal.Invoker.invokeTestMethods(Invoker.java:1237)
	at org.testng.internal.TestMethodWorker.invokeTestMethods(TestMethodWorker.java:127)
	at org.testng.internal.TestMethodWorker.run(TestMethodWorker.java:111)
	at org.testng.TestRunner.privateRun(TestRunner.java:767)
	at org.testng.TestRunner.run(TestRunner.java:617)
	at org.testng.SuiteRunner.runTest(SuiteRunner.java:334)
	at org.testng.SuiteRunner.runSequentially(SuiteRunner.java:329)
	at org.testng.SuiteRunner.privateRun(SuiteRunner.java:291)
	at org.testng.SuiteRunner.run(SuiteRunner.java:240)
	at org.testng.SuiteRunnerWorker.runSuite(SuiteRunnerWorker.java:51)
	at org.testng.SuiteRunnerWorker.run(SuiteRunnerWorker.java:85)
	at org.testng.TestNG.runSuitesSequentially(TestNG.java:1197)
	at org.testng.TestNG.runSuitesLocally(TestNG.java:1122)
	at org.testng.TestNG.run(TestNG.java:1030)
	at org.testng.remote.AbstractRemoteTestNG.run(AbstractRemoteTestNG.java:132)
	at org.testng.remote.RemoteTestNG.initAndRun(RemoteTestNG.java:230)
	at org.testng.remote.RemoteTestNG.main(RemoteTestNG.java:76)
]]>
    </failure>
  </testcase> <!-- verify_elavonFontTermsPage -->
  <testcase name="verify_elavonFontTermsPage" time="51.940" classname="com.galenframework.java.USB.testelavon.TermsAndConditionsVerification">
    <failure type="com.galenframework.parser.SyntaxException" message="Too many arguments for spec: &quot;
    in /specs/Sprint2/Elavon/DESKTOP/Font_TermsCondition_ELAVON.spec:46">
      <![CDATA[com.galenframework.parser.SyntaxException: Too many arguments for spec: "
    in /specs/Sprint2/Elavon/DESKTOP/Font_TermsCondition_ELAVON.spec:46
	at com.galenframework.speclang2.specs.SpecCssProcessor.process(SpecCssProcessor.java:44)
	at com.galenframework.speclang2.specs.SpecReader.read(SpecReader.java:115)
	at com.galenframework.speclang2.pagespec.PageSectionProcessor.processSpec(PageSectionProcessor.java:220)
	at com.galenframework.speclang2.pagespec.PageSectionProcessor.processObject(PageSectionProcessor.java:191)
	at com.galenframework.speclang2.pagespec.PageSectionProcessor.processSection(PageSectionProcessor.java:75)
	at com.galenframework.speclang2.pagespec.PageSectionProcessor.process(PageSectionProcessor.java:63)
	at com.galenframework.speclang2.pagespec.PostProcessor.processNode(PostProcessor.java:39)
	at com.galenframework.speclang2.pagespec.PostProcessor.process(PostProcessor.java:33)
	at com.galenframework.speclang2.pagespec.PageSpecReader.read(PageSpecReader.java:62)
	at com.galenframework.speclang2.pagespec.PageSpecReader.read(PageSpecReader.java:45)
	at com.galenframework.api.Galen.checkLayout(Galen.java:68)
	at com.galenframework.api.Galen.checkLayout(Galen.java:59)
	at com.galenframework.api.Galen.checkLayout(Galen.java:52)
	at com.galenframework.api.Galen.checkLayout(Galen.java:141)
	at com.galenframework.support.GalenJavaTestBase.checkLayout(GalenJavaTestBase.java:125)
	at com.galenframework.support.GalenJavaTestBase.checkLayout(GalenJavaTestBase.java:111)
	at com.galenframework.java.USB.testelavon.TermsAndConditionsVerification.verify_elavonFontTermsPage(TermsAndConditionsVerification.java:24)
	at sun.reflect.NativeMethodAccessorImpl.invoke0(Native Method)
	at sun.reflect.NativeMethodAccessorImpl.invoke(NativeMethodAccessorImpl.java:62)
	at sun.reflect.DelegatingMethodAccessorImpl.invoke(DelegatingMethodAccessorImpl.java:43)
	at java.lang.reflect.Method.invoke(Method.java:498)
	at org.testng.internal.MethodInvocationHelper.invokeMethod(MethodInvocationHelper.java:80)
	at org.testng.internal.Invoker.invokeMethod(Invoker.java:715)
	at org.testng.internal.Invoker.invokeTestMethod(Invoker.java:907)
	at org.testng.internal.Invoker.invokeTestMethods(Invoker.java:1237)
	at org.testng.internal.TestMethodWorker.invokeTestMethods(TestMethodWorker.java:127)
	at org.testng.internal.TestMethodWorker.run(TestMethodWorker.java:111)
	at org.testng.TestRunner.privateRun(TestRunner.java:767)
	at org.testng.TestRunner.run(TestRunner.java:617)
	at org.testng.SuiteRunner.runTest(SuiteRunner.java:334)
	at org.testng.SuiteRunner.runSequentially(SuiteRunner.java:329)
	at org.testng.SuiteRunner.privateRun(SuiteRunner.java:291)
	at org.testng.SuiteRunner.run(SuiteRunner.java:240)
	at org.testng.SuiteRunnerWorker.runSuite(SuiteRunnerWorker.java:51)
	at org.testng.SuiteRunnerWorker.run(SuiteRunnerWorker.java:85)
	at org.testng.TestNG.runSuitesSequentially(TestNG.java:1197)
	at org.testng.TestNG.runSuitesLocally(TestNG.java:1122)
	at org.testng.TestNG.run(TestNG.java:1030)
	at org.testng.remote.AbstractRemoteTestNG.run(AbstractRemoteTestNG.java:132)
	at org.testng.remote.RemoteTestNG.initAndRun(RemoteTestNG.java:230)
	at org.testng.remote.RemoteTestNG.main(RemoteTestNG.java:76)
]]>
    </failure>
  </testcase> <!-- verify_elavonFontTermsPage -->
  <testcase name="verify_elavonPixelTermsPage" time="68.604" classname="com.galenframework.java.USB.testelavon.TermsAndConditionsVerification">
    <failure type="com.galenframework.support.LayoutValidationException" message="/specs/Sprint2/Elavon/DESKTOP/PIXELSTermsConditionsELAVON.spec, tags: [Desktop]
  - &quot;TermsConditionTitle&quot; is 195px left which is not in range of 197 to 201px (/specs/Sprint2/Elavon/DESKTOP/PIXELSTermsConditionsELAVON.spec:13)
  - &quot;PostedByDate&quot; is 195px left which is not in range of 197 to 201px (/specs/Sprint2/Elavon/DESKTOP/PIXELSTermsConditionsELAVON.spec:16)
  - &quot;PostedByDate&quot; is 36px below &quot;TermsConditionTitle&quot; which is not in range of 14 to 18px (/specs/Sprint2/Elavon/DESKTOP/PIXELSTermsConditionsELAVON.spec:17)
  - &quot;TermConditionText&quot; is 195px left which is not in range of 197 to 201px (/specs/Sprint2/Elavon/DESKTOP/PIXELSTermsConditionsELAVON.spec:20)
  - &quot;TermConditionText&quot; is 24px below &quot;PostedByDate&quot; which is not in range of 91 to 95px (/specs/Sprint2/Elavon/DESKTOP/PIXELSTermsConditionsELAVON.spec:21)
  - &quot;FirstTermConditionHeadline&quot; is absent on page (/specs/Sprint2/Elavon/DESKTOP/PIXELSTermsConditionsELAVON.spec:24)
  - &quot;FirstTermConditionText&quot; is 195px left which is not in range of 197 to 201px (/specs/Sprint2/Elavon/DESKTOP/PIXELSTermsConditionsELAVON.spec:27)
">
      <![CDATA[com.galenframework.support.LayoutValidationException: /specs/Sprint2/Elavon/DESKTOP/PIXELSTermsConditionsELAVON.spec, tags: [Desktop]
  - "TermsConditionTitle" is 195px left which is not in range of 197 to 201px (/specs/Sprint2/Elavon/DESKTOP/PIXELSTermsConditionsELAVON.spec:13)
  - "PostedByDate" is 195px left which is not in range of 197 to 201px (/specs/Sprint2/Elavon/DESKTOP/PIXELSTermsConditionsELAVON.spec:16)
  - "PostedByDate" is 36px below "TermsConditionTitle" which is not in range of 14 to 18px (/specs/Sprint2/Elavon/DESKTOP/PIXELSTermsConditionsELAVON.spec:17)
  - "TermConditionText" is 195px left which is not in range of 197 to 201px (/specs/Sprint2/Elavon/DESKTOP/PIXELSTermsConditionsELAVON.spec:20)
  - "TermConditionText" is 24px below "PostedByDate" which is not in range of 91 to 95px (/specs/Sprint2/Elavon/DESKTOP/PIXELSTermsConditionsELAVON.spec:21)
  - "FirstTermConditionHeadline" is absent on page (/specs/Sprint2/Elavon/DESKTOP/PIXELSTermsConditionsELAVON.spec:24)
  - "FirstTermConditionText" is 195px left which is not in range of 197 to 201px (/specs/Sprint2/Elavon/DESKTOP/PIXELSTermsConditionsELAVON.spec:27)

	at com.galenframework.support.GalenJavaTestBase.checkLayout(GalenJavaTestBase.java:129)
	at com.galenframework.support.GalenJavaTestBase.checkLayout(GalenJavaTestBase.java:111)
	at com.galenframework.java.USB.testelavon.TermsAndConditionsVerification.verify_elavonPixelTermsPage(TermsAndConditionsVerification.java:37)
	at sun.reflect.NativeMethodAccessorImpl.invoke0(Native Method)
	at sun.reflect.NativeMethodAccessorImpl.invoke(NativeMethodAccessorImpl.java:62)
	at sun.reflect.DelegatingMethodAccessorImpl.invoke(DelegatingMethodAccessorImpl.java:43)
	at java.lang.reflect.Method.invoke(Method.java:498)
	at org.testng.internal.MethodInvocationHelper.invokeMethod(MethodInvocationHelper.java:80)
	at org.testng.internal.Invoker.invokeMethod(Invoker.java:715)
	at org.testng.internal.Invoker.invokeTestMethod(Invoker.java:907)
	at org.testng.internal.Invoker.invokeTestMethods(Invoker.java:1237)
	at org.testng.internal.TestMethodWorker.invokeTestMethods(TestMethodWorker.java:127)
	at org.testng.internal.TestMethodWorker.run(TestMethodWorker.java:111)
	at org.testng.TestRunner.privateRun(TestRunner.java:767)
	at org.testng.TestRunner.run(TestRunner.java:617)
	at org.testng.SuiteRunner.runTest(SuiteRunner.java:334)
	at org.testng.SuiteRunner.runSequentially(SuiteRunner.java:329)
	at org.testng.SuiteRunner.privateRun(SuiteRunner.java:291)
	at org.testng.SuiteRunner.run(SuiteRunner.java:240)
	at org.testng.SuiteRunnerWorker.runSuite(SuiteRunnerWorker.java:51)
	at org.testng.SuiteRunnerWorker.run(SuiteRunnerWorker.java:85)
	at org.testng.TestNG.runSuitesSequentially(TestNG.java:1197)
	at org.testng.TestNG.runSuitesLocally(TestNG.java:1122)
	at org.testng.TestNG.run(TestNG.java:1030)
	at org.testng.remote.AbstractRemoteTestNG.run(AbstractRemoteTestNG.java:132)
	at org.testng.remote.RemoteTestNG.initAndRun(RemoteTestNG.java:230)
	at org.testng.remote.RemoteTestNG.main(RemoteTestNG.java:76)
]]>
    </failure>
  </testcase> <!-- verify_elavonPixelTermsPage -->
  <testcase name="verify_elavonFontTermsPage" time="52.641" classname="com.galenframework.java.USB.testelavon.TermsAndConditionsVerification">
    <failure type="com.galenframework.support.LayoutValidationException" message="/specs/Sprint2/Elavon/DESKTOP/Font_TermsCondition_ELAVON.spec, tags: [Mobile]
  - &quot;TermsConditionTitle&quot; css property &quot;color&quot; is &quot;rgba(11, 19, 97, 1)&quot; but should be &quot;rgba(7, 21, 89, 1)&quot; (/specs/Sprint2/Elavon/DESKTOP/Font_TermsCondition_ELAVON.spec:91)
  - &quot;TermsConditionTitle&quot; css property &quot;font-family&quot; is &quot;&quot;roboto&quot;&quot; but should be &quot;roboto-bold&quot; (/specs/Sprint2/Elavon/DESKTOP/Font_TermsCondition_ELAVON.spec:93)
  - &quot;TermsConditionTitle&quot; css property &quot;line-height&quot; is &quot;40px&quot; but should be &quot;38px&quot; (/specs/Sprint2/Elavon/DESKTOP/Font_TermsCondition_ELAVON.spec:94)
  - &quot;PostedByDate&quot; css property &quot;color&quot; is &quot;rgba(11, 19, 97, 1)&quot; but should be &quot;rgba(7, 21, 89, 1)&quot; (/specs/Sprint2/Elavon/DESKTOP/Font_TermsCondition_ELAVON.spec:97)
  - &quot;PostedByDate&quot; css property &quot;font-family&quot; is &quot;&quot;roboto&quot;&quot; but should be &quot;roboto-bold&quot; (/specs/Sprint2/Elavon/DESKTOP/Font_TermsCondition_ELAVON.spec:99)
  - &quot;TermConditionText&quot; css property &quot;font-family&quot; is &quot;&quot;roboto-light&quot;&quot; but should be &quot;roboto-light&quot; (/specs/Sprint2/Elavon/DESKTOP/Font_TermsCondition_ELAVON.spec:105)
  - &quot;FirstTermConditionHeadline&quot; is absent on page (/specs/Sprint2/Elavon/DESKTOP/Font_TermsCondition_ELAVON.spec:109)
  - &quot;FirstTermConditionHeadline&quot; is absent on page (/specs/Sprint2/Elavon/DESKTOP/Font_TermsCondition_ELAVON.spec:110)
  - &quot;FirstTermConditionHeadline&quot; is absent on page (/specs/Sprint2/Elavon/DESKTOP/Font_TermsCondition_ELAVON.spec:111)
  - &quot;FirstTermConditionHeadline&quot; is absent on page (/specs/Sprint2/Elavon/DESKTOP/Font_TermsCondition_ELAVON.spec:112)
  - &quot;FirstTermConditionText&quot; css property &quot;font-family&quot; is &quot;&quot;roboto-light&quot;&quot; but should be &quot;roboto-light&quot; (/specs/Sprint2/Elavon/DESKTOP/Font_TermsCondition_ELAVON.spec:117)
  - &quot;TermsandConditionFooter&quot; css property &quot;font-family&quot; is &quot;&quot;roboto-light&quot;&quot; but should be &quot;roboto-light&quot; (/specs/Sprint2/Elavon/DESKTOP/Font_TermsCondition_ELAVON.spec:123)
">
      <![CDATA[com.galenframework.support.LayoutValidationException: /specs/Sprint2/Elavon/DESKTOP/Font_TermsCondition_ELAVON.spec, tags: [Mobile]
  - "TermsConditionTitle" css property "color" is "rgba(11, 19, 97, 1)" but should be "rgba(7, 21, 89, 1)" (/specs/Sprint2/Elavon/DESKTOP/Font_TermsCondition_ELAVON.spec:91)
  - "TermsConditionTitle" css property "font-family" is ""roboto"" but should be "roboto-bold" (/specs/Sprint2/Elavon/DESKTOP/Font_TermsCondition_ELAVON.spec:93)
  - "TermsConditionTitle" css property "line-height" is "40px" but should be "38px" (/specs/Sprint2/Elavon/DESKTOP/Font_TermsCondition_ELAVON.spec:94)
  - "PostedByDate" css property "color" is "rgba(11, 19, 97, 1)" but should be "rgba(7, 21, 89, 1)" (/specs/Sprint2/Elavon/DESKTOP/Font_TermsCondition_ELAVON.spec:97)
  - "PostedByDate" css property "font-family" is ""roboto"" but should be "roboto-bold" (/specs/Sprint2/Elavon/DESKTOP/Font_TermsCondition_ELAVON.spec:99)
  - "TermConditionText" css property "font-family" is ""roboto-light"" but should be "roboto-light" (/specs/Sprint2/Elavon/DESKTOP/Font_TermsCondition_ELAVON.spec:105)
  - "FirstTermConditionHeadline" is absent on page (/specs/Sprint2/Elavon/DESKTOP/Font_TermsCondition_ELAVON.spec:109)
  - "FirstTermConditionHeadline" is absent on page (/specs/Sprint2/Elavon/DESKTOP/Font_TermsCondition_ELAVON.spec:110)
  - "FirstTermConditionHeadline" is absent on page (/specs/Sprint2/Elavon/DESKTOP/Font_TermsCondition_ELAVON.spec:111)
  - "FirstTermConditionHeadline" is absent on page (/specs/Sprint2/Elavon/DESKTOP/Font_TermsCondition_ELAVON.spec:112)
  - "FirstTermConditionText" css property "font-family" is ""roboto-light"" but should be "roboto-light" (/specs/Sprint2/Elavon/DESKTOP/Font_TermsCondition_ELAVON.spec:117)
  - "TermsandConditionFooter" css property "font-family" is ""roboto-light"" but should be "roboto-light" (/specs/Sprint2/Elavon/DESKTOP/Font_TermsCondition_ELAVON.spec:123)

	at com.galenframework.support.GalenJavaTestBase.checkLayout(GalenJavaTestBase.java:129)
	at com.galenframework.support.GalenJavaTestBase.checkLayout(GalenJavaTestBase.java:111)
	at com.galenframework.java.USB.testelavon.TermsAndConditionsVerification.verify_elavonFontTermsPage(TermsAndConditionsVerification.java:24)
	at sun.reflect.NativeMethodAccessorImpl.invoke0(Native Method)
	at sun.reflect.NativeMethodAccessorImpl.invoke(NativeMethodAccessorImpl.java:62)
	at sun.reflect.DelegatingMethodAccessorImpl.invoke(DelegatingMethodAccessorImpl.java:43)
	at java.lang.reflect.Method.invoke(Method.java:498)
	at org.testng.internal.MethodInvocationHelper.invokeMethod(MethodInvocationHelper.java:80)
	at org.testng.internal.Invoker.invokeMethod(Invoker.java:715)
	at org.testng.internal.Invoker.invokeTestMethod(Invoker.java:907)
	at org.testng.internal.Invoker.invokeTestMethods(Invoker.java:1237)
	at org.testng.internal.TestMethodWorker.invokeTestMethods(TestMethodWorker.java:127)
	at org.testng.internal.TestMethodWorker.run(TestMethodWorker.java:111)
	at org.testng.TestRunner.privateRun(TestRunner.java:767)
	at org.testng.TestRunner.run(TestRunner.java:617)
	at org.testng.SuiteRunner.runTest(SuiteRunner.java:334)
	at org.testng.SuiteRunner.runSequentially(SuiteRunner.java:329)
	at org.testng.SuiteRunner.privateRun(SuiteRunner.java:291)
	at org.testng.SuiteRunner.run(SuiteRunner.java:240)
	at org.testng.SuiteRunnerWorker.runSuite(SuiteRunnerWorker.java:51)
	at org.testng.SuiteRunnerWorker.run(SuiteRunnerWorker.java:85)
	at org.testng.TestNG.runSuitesSequentially(TestNG.java:1197)
	at org.testng.TestNG.runSuitesLocally(TestNG.java:1122)
	at org.testng.TestNG.run(TestNG.java:1030)
	at org.testng.remote.AbstractRemoteTestNG.run(AbstractRemoteTestNG.java:132)
	at org.testng.remote.RemoteTestNG.initAndRun(RemoteTestNG.java:230)
	at org.testng.remote.RemoteTestNG.main(RemoteTestNG.java:76)
]]>
    </failure>
  </testcase> <!-- verify_elavonFontTermsPage -->
  <testcase name="verify_elavonPixelTermsPage" time="44.498" classname="com.galenframework.java.USB.testelavon.TermsAndConditionsVerification">
    <failure type="com.galenframework.parser.SyntaxException" message="Cannot parse range value: &quot;8-&quot;
    in /specs/Sprint2/Elavon/DESKTOP/PIXELSTermsConditionsELAVON.spec:66">
      <![CDATA[com.galenframework.parser.SyntaxException: Cannot parse range value: "8-"
    in /specs/Sprint2/Elavon/DESKTOP/PIXELSTermsConditionsELAVON.spec:66
	at com.galenframework.parser.ExpectRangeValue.read(ExpectRangeValue.java:59)
	at com.galenframework.parser.ExpectRange.read(ExpectRange.java:42)
	at com.galenframework.parser.ExpectRange.read(ExpectRange.java:25)
	at com.galenframework.parser.ExpectLocations.read(ExpectLocations.java:34)
	at com.galenframework.parser.ExpectLocations.read(ExpectLocations.java:27)
	at com.galenframework.speclang2.specs.SpecInsideProcessor.process(SpecInsideProcessor.java:49)
	at com.galenframework.speclang2.specs.SpecReader.read(SpecReader.java:115)
	at com.galenframework.speclang2.pagespec.PageSectionProcessor.processSpec(PageSectionProcessor.java:220)
	at com.galenframework.speclang2.pagespec.PageSectionProcessor.processObject(PageSectionProcessor.java:191)
	at com.galenframework.speclang2.pagespec.PageSectionProcessor.processSection(PageSectionProcessor.java:75)
	at com.galenframework.speclang2.pagespec.PageSectionProcessor.process(PageSectionProcessor.java:63)
	at com.galenframework.speclang2.pagespec.PostProcessor.processNode(PostProcessor.java:39)
	at com.galenframework.speclang2.pagespec.PostProcessor.process(PostProcessor.java:33)
	at com.galenframework.speclang2.pagespec.PageSpecReader.read(PageSpecReader.java:62)
	at com.galenframework.speclang2.pagespec.PageSpecReader.read(PageSpecReader.java:45)
	at com.galenframework.api.Galen.checkLayout(Galen.java:68)
	at com.galenframework.api.Galen.checkLayout(Galen.java:59)
	at com.galenframework.api.Galen.checkLayout(Galen.java:52)
	at com.galenframework.api.Galen.checkLayout(Galen.java:141)
	at com.galenframework.support.GalenJavaTestBase.checkLayout(GalenJavaTestBase.java:125)
	at com.galenframework.support.GalenJavaTestBase.checkLayout(GalenJavaTestBase.java:111)
	at com.galenframework.java.USB.testelavon.TermsAndConditionsVerification.verify_elavonPixelTermsPage(TermsAndConditionsVerification.java:37)
	at sun.reflect.NativeMethodAccessorImpl.invoke0(Native Method)
	at sun.reflect.NativeMethodAccessorImpl.invoke(NativeMethodAccessorImpl.java:62)
	at sun.reflect.DelegatingMethodAccessorImpl.invoke(DelegatingMethodAccessorImpl.java:43)
	at java.lang.reflect.Method.invoke(Method.java:498)
	at org.testng.internal.MethodInvocationHelper.invokeMethod(MethodInvocationHelper.java:80)
	at org.testng.internal.Invoker.invokeMethod(Invoker.java:715)
	at org.testng.internal.Invoker.invokeTestMethod(Invoker.java:907)
	at org.testng.internal.Invoker.invokeTestMethods(Invoker.java:1237)
	at org.testng.internal.TestMethodWorker.invokeTestMethods(TestMethodWorker.java:127)
	at org.testng.internal.TestMethodWorker.run(TestMethodWorker.java:111)
	at org.testng.TestRunner.privateRun(TestRunner.java:767)
	at org.testng.TestRunner.run(TestRunner.java:617)
	at org.testng.SuiteRunner.runTest(SuiteRunner.java:334)
	at org.testng.SuiteRunner.runSequentially(SuiteRunner.java:329)
	at org.testng.SuiteRunner.privateRun(SuiteRunner.java:291)
	at org.testng.SuiteRunner.run(SuiteRunner.java:240)
	at org.testng.SuiteRunnerWorker.runSuite(SuiteRunnerWorker.java:51)
	at org.testng.SuiteRunnerWorker.run(SuiteRunnerWorker.java:85)
	at org.testng.TestNG.runSuitesSequentially(TestNG.java:1197)
	at org.testng.TestNG.runSuitesLocally(TestNG.java:1122)
	at org.testng.TestNG.run(TestNG.java:1030)
	at org.testng.remote.AbstractRemoteTestNG.run(AbstractRemoteTestNG.java:132)
	at org.testng.remote.RemoteTestNG.initAndRun(RemoteTestNG.java:230)
	at org.testng.remote.RemoteTestNG.main(RemoteTestNG.java:76)
Caused by: java.lang.NumberFormatException: For input string: "8-"
	at java.lang.NumberFormatException.forInputString(NumberFormatException.java:65)
	at java.lang.Integer.parseInt(Integer.java:580)
	at java.lang.Integer.parseInt(Integer.java:615)
	at com.galenframework.specs.RangeValue.parseRangeValue(RangeValue.java:164)
	at com.galenframework.parser.ExpectRangeValue.read(ExpectRangeValue.java:56)
	... 45 more
]]>
    </failure>
  </testcase> <!-- verify_elavonPixelTermsPage -->
</testsuite> <!-- com.galenframework.java.USB.testelavon.TermsAndConditionsVerification -->
