<?xml version="1.0" encoding="UTF-8"?>
<!-- Generated by org.testng.reporters.JUnitReportReporter -->
<testsuite hostname="delsban3586781" name="com.galenframework.java.USB.testelavon.ContactUSVerification" tests="6" failures="6" timestamp="25 Aug 2017 12:19:24 GMT" time="871.121" errors="0">
  <testcase name="verify_ElavonPixelContactUsPage" time="540.341" classname="com.galenframework.java.USB.testelavon.ContactUSVerification">
    <failure type="org.openqa.selenium.remote.UnreachableBrowserException" message="Error communicating with the remote browser. It may have died.
Build info: version: &#039;2.53.1&#039;, revision: &#039;a36b8b1cd5757287168e54b817830adce9b0158d&#039;, time: &#039;2016-06-30 19:26:09&#039;
System info: host: &#039;delsban3586781&#039;, ip: &#039;10.207.92.53&#039;, os.name: &#039;Windows 7&#039;, os.arch: &#039;amd64&#039;, os.version: &#039;6.1&#039;, java.version: &#039;1.8.0_131&#039;
Driver info: driver.version: RemoteWebDriver
Capabilities [{applicationCacheEnabled=true, rotatable=false, handlesAlerts=true, databaseEnabled=true, version=46.0, platform=WINDOWS, nativeEvents=false, acceptSslCerts=true, webStorageEnabled=true, locationContextEnabled=true, browserName=firefox, takesScreenshot=true, javascriptEnabled=true, cssSelectorsEnabled=true}]
Session ID: d7792c51-f6c6-478a-b906-f3791468324f">
      <![CDATA[org.openqa.selenium.remote.UnreachableBrowserException: Error communicating with the remote browser. It may have died.
Build info: version: '2.53.1', revision: 'a36b8b1cd5757287168e54b817830adce9b0158d', time: '2016-06-30 19:26:09'
System info: host: 'delsban3586781', ip: '10.207.92.53', os.name: 'Windows 7', os.arch: 'amd64', os.version: '6.1', java.version: '1.8.0_131'
Driver info: driver.version: RemoteWebDriver
Capabilities [{applicationCacheEnabled=true, rotatable=false, handlesAlerts=true, databaseEnabled=true, version=46.0, platform=WINDOWS, nativeEvents=false, acceptSslCerts=true, webStorageEnabled=true, locationContextEnabled=true, browserName=firefox, takesScreenshot=true, javascriptEnabled=true, cssSelectorsEnabled=true}]
Session ID: d7792c51-f6c6-478a-b906-f3791468324f
	at org.openqa.selenium.remote.RemoteWebDriver.execute(RemoteWebDriver.java:665)
	at org.openqa.selenium.remote.RemoteWebDriver.get(RemoteWebDriver.java:316)
	at com.galenframework.java.USB.components.GalenTestBase.load(GalenTestBase.java:79)
	at com.galenframework.java.USB.testelavon.ContactUSVerification.verify_ElavonPixelContactUsPage(ContactUSVerification.java:29)
	at sun.reflect.NativeMethodAccessorImpl.invoke0(Native Method)
	at sun.reflect.NativeMethodAccessorImpl.invoke(NativeMethodAccessorImpl.java:62)
	at sun.reflect.DelegatingMethodAccessorImpl.invoke(DelegatingMethodAccessorImpl.java:43)
	at java.lang.reflect.Method.invoke(Method.java:498)
	at org.testng.internal.MethodInvocationHelper.invokeMethod(MethodInvocationHelper.java:80)
	at org.testng.internal.Invoker.invokeMethod(Invoker.java:715)
	at org.testng.internal.Invoker.invokeTestMethod(Invoker.java:907)
	at org.testng.internal.Invoker.invokeTestMethods(Invoker.java:1237)
	at org.testng.internal.TestMethodWorker.invokeTestMethods(TestMethodWorker.java:127)
	at org.testng.internal.TestMethodWorker.run(TestMethodWorker.java:111)
	at org.testng.TestRunner.privateRun(TestRunner.java:767)
	at org.testng.TestRunner.run(TestRunner.java:617)
	at org.testng.SuiteRunner.runTest(SuiteRunner.java:334)
	at org.testng.SuiteRunner.runSequentially(SuiteRunner.java:329)
	at org.testng.SuiteRunner.privateRun(SuiteRunner.java:291)
	at org.testng.SuiteRunner.run(SuiteRunner.java:240)
	at org.testng.SuiteRunnerWorker.runSuite(SuiteRunnerWorker.java:51)
	at org.testng.SuiteRunnerWorker.run(SuiteRunnerWorker.java:85)
	at org.testng.TestNG.runSuitesSequentially(TestNG.java:1197)
	at org.testng.TestNG.runSuitesLocally(TestNG.java:1122)
	at org.testng.TestNG.run(TestNG.java:1030)
	at org.testng.remote.AbstractRemoteTestNG.run(AbstractRemoteTestNG.java:132)
	at org.testng.remote.RemoteTestNG.initAndRun(RemoteTestNG.java:230)
	at org.testng.remote.RemoteTestNG.main(RemoteTestNG.java:76)
Caused by: org.apache.http.conn.HttpHostConnectException: Connect to 127.0.0.1:7055 [/127.0.0.1] failed: Connection refused: connect
	at org.apache.http.impl.conn.DefaultHttpClientConnectionOperator.connect(DefaultHttpClientConnectionOperator.java:151)
	at org.apache.http.impl.conn.PoolingHttpClientConnectionManager.connect(PoolingHttpClientConnectionManager.java:353)
	at org.apache.http.impl.execchain.MainClientExec.establishRoute(MainClientExec.java:380)
	at org.apache.http.impl.execchain.MainClientExec.execute(MainClientExec.java:236)
	at org.apache.http.impl.execchain.ProtocolExec.execute(ProtocolExec.java:184)
	at org.apache.http.impl.execchain.RetryExec.execute(RetryExec.java:88)
	at org.apache.http.impl.execchain.RedirectExec.execute(RedirectExec.java:110)
	at org.apache.http.impl.client.InternalHttpClient.doExecute(InternalHttpClient.java:184)
	at org.apache.http.impl.client.CloseableHttpClient.execute(CloseableHttpClient.java:71)
	at org.apache.http.impl.client.CloseableHttpClient.execute(CloseableHttpClient.java:55)
	at org.openqa.selenium.remote.internal.ApacheHttpClient.fallBackExecute(ApacheHttpClient.java:162)
	at org.openqa.selenium.remote.internal.ApacheHttpClient.execute(ApacheHttpClient.java:90)
	at org.openqa.selenium.remote.HttpCommandExecutor.execute(HttpCommandExecutor.java:142)
	at org.openqa.selenium.firefox.internal.NewProfileExtensionConnection.execute(NewProfileExtensionConnection.java:160)
	at org.openqa.selenium.firefox.FirefoxDriver$LazyCommandExecutor.execute(FirefoxDriver.java:380)
	at org.openqa.selenium.remote.RemoteWebDriver.execute(RemoteWebDriver.java:644)
	... 27 more
Caused by: java.net.ConnectException: Connection refused: connect
	at java.net.DualStackPlainSocketImpl.waitForConnect(Native Method)
	at java.net.DualStackPlainSocketImpl.socketConnect(DualStackPlainSocketImpl.java:85)
	at java.net.AbstractPlainSocketImpl.doConnect(AbstractPlainSocketImpl.java:350)
	at java.net.AbstractPlainSocketImpl.connectToAddress(AbstractPlainSocketImpl.java:206)
	at java.net.AbstractPlainSocketImpl.connect(AbstractPlainSocketImpl.java:188)
	at java.net.PlainSocketImpl.connect(PlainSocketImpl.java:172)
	at java.net.SocksSocketImpl.connect(SocksSocketImpl.java:392)
	at java.net.Socket.connect(Socket.java:589)
	at org.apache.http.conn.socket.PlainConnectionSocketFactory.connectSocket(PlainConnectionSocketFactory.java:74)
	at org.apache.http.impl.conn.DefaultHttpClientConnectionOperator.connect(DefaultHttpClientConnectionOperator.java:134)
	... 42 more
]]>
    </failure>
  </testcase> <!-- verify_ElavonPixelContactUsPage -->
  <testcase name="verify_ElavonPixelContactUsPage" time="7.310" classname="com.galenframework.java.USB.testelavon.ContactUSVerification">
    <failure type="org.openqa.selenium.remote.UnreachableBrowserException" message="Error communicating with the remote browser. It may have died.
Build info: version: &#039;2.53.1&#039;, revision: &#039;a36b8b1cd5757287168e54b817830adce9b0158d&#039;, time: &#039;2016-06-30 19:26:09&#039;
System info: host: &#039;delsban3586781&#039;, ip: &#039;10.207.92.53&#039;, os.name: &#039;Windows 7&#039;, os.arch: &#039;amd64&#039;, os.version: &#039;6.1&#039;, java.version: &#039;1.8.0_131&#039;
Driver info: driver.version: RemoteWebDriver
Capabilities [{applicationCacheEnabled=true, rotatable=false, handlesAlerts=true, databaseEnabled=true, version=46.0, platform=WINDOWS, nativeEvents=false, acceptSslCerts=true, webStorageEnabled=true, locationContextEnabled=true, browserName=firefox, takesScreenshot=true, javascriptEnabled=true, cssSelectorsEnabled=true}]
Session ID: d7792c51-f6c6-478a-b906-f3791468324f">
      <![CDATA[org.openqa.selenium.remote.UnreachableBrowserException: Error communicating with the remote browser. It may have died.
Build info: version: '2.53.1', revision: 'a36b8b1cd5757287168e54b817830adce9b0158d', time: '2016-06-30 19:26:09'
System info: host: 'delsban3586781', ip: '10.207.92.53', os.name: 'Windows 7', os.arch: 'amd64', os.version: '6.1', java.version: '1.8.0_131'
Driver info: driver.version: RemoteWebDriver
Capabilities [{applicationCacheEnabled=true, rotatable=false, handlesAlerts=true, databaseEnabled=true, version=46.0, platform=WINDOWS, nativeEvents=false, acceptSslCerts=true, webStorageEnabled=true, locationContextEnabled=true, browserName=firefox, takesScreenshot=true, javascriptEnabled=true, cssSelectorsEnabled=true}]
Session ID: d7792c51-f6c6-478a-b906-f3791468324f
	at org.openqa.selenium.remote.RemoteWebDriver.execute(RemoteWebDriver.java:665)
	at org.openqa.selenium.remote.RemoteWebDriver.execute(RemoteWebDriver.java:701)
	at org.openqa.selenium.remote.RemoteWebDriver.quit(RemoteWebDriver.java:526)
	at com.galenframework.support.GalenJavaTestBase.quitDriver(GalenJavaTestBase.java:152)
	at com.galenframework.testng.GalenTestNgTestBase.quitDriver(GalenTestNgTestBase.java:57)
	at sun.reflect.NativeMethodAccessorImpl.invoke0(Native Method)
	at sun.reflect.NativeMethodAccessorImpl.invoke(NativeMethodAccessorImpl.java:62)
	at sun.reflect.DelegatingMethodAccessorImpl.invoke(DelegatingMethodAccessorImpl.java:43)
	at java.lang.reflect.Method.invoke(Method.java:498)
	at org.testng.internal.MethodInvocationHelper.invokeMethod(MethodInvocationHelper.java:80)
	at org.testng.internal.Invoker.invokeConfigurationMethod(Invoker.java:564)
	at org.testng.internal.Invoker.invokeConfigurations(Invoker.java:213)
	at org.testng.internal.Invoker.invokeMethod(Invoker.java:796)
	at org.testng.internal.Invoker.invokeTestMethod(Invoker.java:907)
	at org.testng.internal.Invoker.invokeTestMethods(Invoker.java:1237)
	at org.testng.internal.TestMethodWorker.invokeTestMethods(TestMethodWorker.java:127)
	at org.testng.internal.TestMethodWorker.run(TestMethodWorker.java:111)
	at org.testng.TestRunner.privateRun(TestRunner.java:767)
	at org.testng.TestRunner.run(TestRunner.java:617)
	at org.testng.SuiteRunner.runTest(SuiteRunner.java:334)
	at org.testng.SuiteRunner.runSequentially(SuiteRunner.java:329)
	at org.testng.SuiteRunner.privateRun(SuiteRunner.java:291)
	at org.testng.SuiteRunner.run(SuiteRunner.java:240)
	at org.testng.SuiteRunnerWorker.runSuite(SuiteRunnerWorker.java:51)
	at org.testng.SuiteRunnerWorker.run(SuiteRunnerWorker.java:85)
	at org.testng.TestNG.runSuitesSequentially(TestNG.java:1197)
	at org.testng.TestNG.runSuitesLocally(TestNG.java:1122)
	at org.testng.TestNG.run(TestNG.java:1030)
	at org.testng.remote.AbstractRemoteTestNG.run(AbstractRemoteTestNG.java:132)
	at org.testng.remote.RemoteTestNG.initAndRun(RemoteTestNG.java:230)
	at org.testng.remote.RemoteTestNG.main(RemoteTestNG.java:76)
Caused by: org.apache.http.conn.HttpHostConnectException: Connect to 127.0.0.1:7055 [/127.0.0.1] failed: Connection refused: connect
	at org.apache.http.impl.conn.DefaultHttpClientConnectionOperator.connect(DefaultHttpClientConnectionOperator.java:151)
	at org.apache.http.impl.conn.PoolingHttpClientConnectionManager.connect(PoolingHttpClientConnectionManager.java:353)
	at org.apache.http.impl.execchain.MainClientExec.establishRoute(MainClientExec.java:380)
	at org.apache.http.impl.execchain.MainClientExec.execute(MainClientExec.java:236)
	at org.apache.http.impl.execchain.ProtocolExec.execute(ProtocolExec.java:184)
	at org.apache.http.impl.execchain.RetryExec.execute(RetryExec.java:88)
	at org.apache.http.impl.execchain.RedirectExec.execute(RedirectExec.java:110)
	at org.apache.http.impl.client.InternalHttpClient.doExecute(InternalHttpClient.java:184)
	at org.apache.http.impl.client.CloseableHttpClient.execute(CloseableHttpClient.java:71)
	at org.apache.http.impl.client.CloseableHttpClient.execute(CloseableHttpClient.java:55)
	at org.openqa.selenium.remote.internal.ApacheHttpClient.fallBackExecute(ApacheHttpClient.java:144)
	at org.openqa.selenium.remote.internal.ApacheHttpClient.execute(ApacheHttpClient.java:90)
	at org.openqa.selenium.remote.HttpCommandExecutor.execute(HttpCommandExecutor.java:142)
	at org.openqa.selenium.firefox.internal.NewProfileExtensionConnection.execute(NewProfileExtensionConnection.java:160)
	at org.openqa.selenium.firefox.FirefoxDriver$LazyCommandExecutor.execute(FirefoxDriver.java:380)
	at org.openqa.selenium.remote.RemoteWebDriver.execute(RemoteWebDriver.java:644)
	... 30 more
Caused by: java.net.ConnectException: Connection refused: connect
	at java.net.DualStackPlainSocketImpl.waitForConnect(Native Method)
	at java.net.DualStackPlainSocketImpl.socketConnect(DualStackPlainSocketImpl.java:85)
	at java.net.AbstractPlainSocketImpl.doConnect(AbstractPlainSocketImpl.java:350)
	at java.net.AbstractPlainSocketImpl.connectToAddress(AbstractPlainSocketImpl.java:206)
	at java.net.AbstractPlainSocketImpl.connect(AbstractPlainSocketImpl.java:188)
	at java.net.PlainSocketImpl.connect(PlainSocketImpl.java:172)
	at java.net.SocksSocketImpl.connect(SocksSocketImpl.java:392)
	at java.net.Socket.connect(Socket.java:589)
	at org.apache.http.conn.socket.PlainConnectionSocketFactory.connectSocket(PlainConnectionSocketFactory.java:74)
	at org.apache.http.impl.conn.DefaultHttpClientConnectionOperator.connect(DefaultHttpClientConnectionOperator.java:134)
	... 45 more
]]>
    </failure>
  </testcase> <!-- verify_ElavonPixelContactUsPage -->
  <testcase name="verify_ELAVONFontContactUSPage" time="92.007" classname="com.galenframework.java.USB.testelavon.ContactUSVerification">
    <failure type="com.galenframework.support.LayoutValidationException" message="/specs/Sprint2/Elavon/DESKTOP/Font_CONTACT_ELAVON.spec, tags: [tablet]
  - &quot;ContactUSHeadline&quot; css property &quot;font-family&quot; is &quot;&quot;roboto-bold&quot;&quot; but should be &quot;roboto-bold&quot; (/specs/Sprint2/Elavon/DESKTOP/Font_CONTACT_ELAVON.spec:113)
  - &quot;ContactUSHeadline&quot; css property &quot;line-height&quot; is &quot;40px&quot; but should be &quot;38px&quot; (/specs/Sprint2/Elavon/DESKTOP/Font_CONTACT_ELAVON.spec:114)
  - &quot;ContactUSSubheadline&quot; css property &quot;font-family&quot; is &quot;&quot;roboto-bold&quot;&quot; but should be &quot;roboto-bold&quot; (/specs/Sprint2/Elavon/DESKTOP/Font_CONTACT_ELAVON.spec:119)
  - &quot;ContactFirstNameLabel&quot; css property &quot;font-family&quot; is &quot;&quot;roboto-light&quot;&quot; but should be &quot;roboto-light&quot; (/specs/Sprint2/Elavon/DESKTOP/Font_CONTACT_ELAVON.spec:126)
  - &quot;ContactLastNameLabel&quot; css property &quot;font-family&quot; is &quot;&quot;roboto-light&quot;&quot; but should be &quot;roboto-light&quot; (/specs/Sprint2/Elavon/DESKTOP/Font_CONTACT_ELAVON.spec:133)
  - &quot;ContactEmailLabel&quot; css property &quot;font-family&quot; is &quot;&quot;roboto-light&quot;&quot; but should be &quot;roboto-light&quot; (/specs/Sprint2/Elavon/DESKTOP/Font_CONTACT_ELAVON.spec:140)
  - &quot;ContactSubjectLabel&quot; css property &quot;font-family&quot; is &quot;&quot;roboto-light&quot;&quot; but should be &quot;roboto-light&quot; (/specs/Sprint2/Elavon/DESKTOP/Font_CONTACT_ELAVON.spec:146)
  - &quot;ContactDropDown&quot; css property &quot;color&quot; is &quot;rgba(35, 36, 96, 1)&quot; but should be &quot;rgba(10, 19, 97, 1)&quot; (/specs/Sprint2/Elavon/DESKTOP/Font_CONTACT_ELAVON.spec:150)
  - &quot;ContactMessageLabel&quot; css property &quot;font-family&quot; is &quot;&quot;roboto-light&quot;&quot; but should be &quot;roboto-light&quot; (/specs/Sprint2/Elavon/DESKTOP/Font_CONTACT_ELAVON.spec:156)
  - &quot;ContactSubmitButton&quot; css property &quot;color&quot; is &quot;rgba(255, 255, 255, 1)&quot; but should be &quot;rgba(35, 36, 96, 1)&quot; (/specs/Sprint2/Elavon/DESKTOP/Font_CONTACT_ELAVON.spec:160)
  - &quot;ContactSubmitButton&quot; css property &quot;font-family&quot; is &quot;&quot;roboto-medium&quot;&quot; but should be &quot;roboto-bold&quot; (/specs/Sprint2/Elavon/DESKTOP/Font_CONTACT_ELAVON.spec:162)
  - &quot;MobContactlleftSideText1&quot; css property &quot;font-family&quot; is &quot;&quot;roboto-bold&quot;&quot; but should be &quot;roboto-bold&quot; (/specs/Sprint2/Elavon/DESKTOP/Font_CONTACT_ELAVON.spec:169)
  - &quot;MobContactleftSideText2&quot; css property &quot;font-family&quot; is &quot;&quot;roboto-light&quot;&quot; but should be &quot;roboto-light&quot; (/specs/Sprint2/Elavon/DESKTOP/Font_CONTACT_ELAVON.spec:175)
  - &quot;MobContactleftSideContactNumber&quot; css property &quot;color&quot; is &quot;rgba(51, 51, 51, 1)&quot; but should be &quot;rgba(0, 0, 0, 1)&quot; (/specs/Sprint2/Elavon/DESKTOP/Font_CONTACT_ELAVON.spec:180)
  - &quot;MobContactleftSideContactNumber&quot; css property &quot;font-family&quot; is &quot;&quot;roboto&quot;&quot; but should be &quot;roboto-light&quot; (/specs/Sprint2/Elavon/DESKTOP/Font_CONTACT_ELAVON.spec:182)
  - &quot;MobContactleftSideContactNumber&quot; css property &quot;line-height&quot; is &quot;20px&quot; but should be &quot;18px&quot; (/specs/Sprint2/Elavon/DESKTOP/Font_CONTACT_ELAVON.spec:183)
  - &quot;MobContactleftSideContactEmail&quot; css property &quot;color&quot; is &quot;rgba(51, 51, 51, 1)&quot; but should be &quot;rgba(10, 19, 97, 1)&quot; (/specs/Sprint2/Elavon/DESKTOP/Font_CONTACT_ELAVON.spec:186)
  - &quot;MobContactleftSideContactEmail&quot; css property &quot;font-family&quot; is &quot;&quot;roboto&quot;&quot; but should be &quot;roboto-bold&quot; (/specs/Sprint2/Elavon/DESKTOP/Font_CONTACT_ELAVON.spec:188)
  - &quot;MobContactleftSideContactEmail&quot; css property &quot;line-height&quot; is &quot;20px&quot; but should be &quot;18px&quot; (/specs/Sprint2/Elavon/DESKTOP/Font_CONTACT_ELAVON.spec:189)
">
      <![CDATA[com.galenframework.support.LayoutValidationException: /specs/Sprint2/Elavon/DESKTOP/Font_CONTACT_ELAVON.spec, tags: [tablet]
  - "ContactUSHeadline" css property "font-family" is ""roboto-bold"" but should be "roboto-bold" (/specs/Sprint2/Elavon/DESKTOP/Font_CONTACT_ELAVON.spec:113)
  - "ContactUSHeadline" css property "line-height" is "40px" but should be "38px" (/specs/Sprint2/Elavon/DESKTOP/Font_CONTACT_ELAVON.spec:114)
  - "ContactUSSubheadline" css property "font-family" is ""roboto-bold"" but should be "roboto-bold" (/specs/Sprint2/Elavon/DESKTOP/Font_CONTACT_ELAVON.spec:119)
  - "ContactFirstNameLabel" css property "font-family" is ""roboto-light"" but should be "roboto-light" (/specs/Sprint2/Elavon/DESKTOP/Font_CONTACT_ELAVON.spec:126)
  - "ContactLastNameLabel" css property "font-family" is ""roboto-light"" but should be "roboto-light" (/specs/Sprint2/Elavon/DESKTOP/Font_CONTACT_ELAVON.spec:133)
  - "ContactEmailLabel" css property "font-family" is ""roboto-light"" but should be "roboto-light" (/specs/Sprint2/Elavon/DESKTOP/Font_CONTACT_ELAVON.spec:140)
  - "ContactSubjectLabel" css property "font-family" is ""roboto-light"" but should be "roboto-light" (/specs/Sprint2/Elavon/DESKTOP/Font_CONTACT_ELAVON.spec:146)
  - "ContactDropDown" css property "color" is "rgba(35, 36, 96, 1)" but should be "rgba(10, 19, 97, 1)" (/specs/Sprint2/Elavon/DESKTOP/Font_CONTACT_ELAVON.spec:150)
  - "ContactMessageLabel" css property "font-family" is ""roboto-light"" but should be "roboto-light" (/specs/Sprint2/Elavon/DESKTOP/Font_CONTACT_ELAVON.spec:156)
  - "ContactSubmitButton" css property "color" is "rgba(255, 255, 255, 1)" but should be "rgba(35, 36, 96, 1)" (/specs/Sprint2/Elavon/DESKTOP/Font_CONTACT_ELAVON.spec:160)
  - "ContactSubmitButton" css property "font-family" is ""roboto-medium"" but should be "roboto-bold" (/specs/Sprint2/Elavon/DESKTOP/Font_CONTACT_ELAVON.spec:162)
  - "MobContactlleftSideText1" css property "font-family" is ""roboto-bold"" but should be "roboto-bold" (/specs/Sprint2/Elavon/DESKTOP/Font_CONTACT_ELAVON.spec:169)
  - "MobContactleftSideText2" css property "font-family" is ""roboto-light"" but should be "roboto-light" (/specs/Sprint2/Elavon/DESKTOP/Font_CONTACT_ELAVON.spec:175)
  - "MobContactleftSideContactNumber" css property "color" is "rgba(51, 51, 51, 1)" but should be "rgba(0, 0, 0, 1)" (/specs/Sprint2/Elavon/DESKTOP/Font_CONTACT_ELAVON.spec:180)
  - "MobContactleftSideContactNumber" css property "font-family" is ""roboto"" but should be "roboto-light" (/specs/Sprint2/Elavon/DESKTOP/Font_CONTACT_ELAVON.spec:182)
  - "MobContactleftSideContactNumber" css property "line-height" is "20px" but should be "18px" (/specs/Sprint2/Elavon/DESKTOP/Font_CONTACT_ELAVON.spec:183)
  - "MobContactleftSideContactEmail" css property "color" is "rgba(51, 51, 51, 1)" but should be "rgba(10, 19, 97, 1)" (/specs/Sprint2/Elavon/DESKTOP/Font_CONTACT_ELAVON.spec:186)
  - "MobContactleftSideContactEmail" css property "font-family" is ""roboto"" but should be "roboto-bold" (/specs/Sprint2/Elavon/DESKTOP/Font_CONTACT_ELAVON.spec:188)
  - "MobContactleftSideContactEmail" css property "line-height" is "20px" but should be "18px" (/specs/Sprint2/Elavon/DESKTOP/Font_CONTACT_ELAVON.spec:189)

	at com.galenframework.support.GalenJavaTestBase.checkLayout(GalenJavaTestBase.java:129)
	at com.galenframework.support.GalenJavaTestBase.checkLayout(GalenJavaTestBase.java:111)
	at com.galenframework.java.USB.testelavon.ContactUSVerification.verify_ELAVONFontContactUSPage(ContactUSVerification.java:23)
	at sun.reflect.NativeMethodAccessorImpl.invoke0(Native Method)
	at sun.reflect.NativeMethodAccessorImpl.invoke(NativeMethodAccessorImpl.java:62)
	at sun.reflect.DelegatingMethodAccessorImpl.invoke(DelegatingMethodAccessorImpl.java:43)
	at java.lang.reflect.Method.invoke(Method.java:498)
	at org.testng.internal.MethodInvocationHelper.invokeMethod(MethodInvocationHelper.java:80)
	at org.testng.internal.Invoker.invokeMethod(Invoker.java:715)
	at org.testng.internal.Invoker.invokeTestMethod(Invoker.java:907)
	at org.testng.internal.Invoker.invokeTestMethods(Invoker.java:1237)
	at org.testng.internal.TestMethodWorker.invokeTestMethods(TestMethodWorker.java:127)
	at org.testng.internal.TestMethodWorker.run(TestMethodWorker.java:111)
	at org.testng.TestRunner.privateRun(TestRunner.java:767)
	at org.testng.TestRunner.run(TestRunner.java:617)
	at org.testng.SuiteRunner.runTest(SuiteRunner.java:334)
	at org.testng.SuiteRunner.runSequentially(SuiteRunner.java:329)
	at org.testng.SuiteRunner.privateRun(SuiteRunner.java:291)
	at org.testng.SuiteRunner.run(SuiteRunner.java:240)
	at org.testng.SuiteRunnerWorker.runSuite(SuiteRunnerWorker.java:51)
	at org.testng.SuiteRunnerWorker.run(SuiteRunnerWorker.java:85)
	at org.testng.TestNG.runSuitesSequentially(TestNG.java:1197)
	at org.testng.TestNG.runSuitesLocally(TestNG.java:1122)
	at org.testng.TestNG.run(TestNG.java:1030)
	at org.testng.remote.AbstractRemoteTestNG.run(AbstractRemoteTestNG.java:132)
	at org.testng.remote.RemoteTestNG.initAndRun(RemoteTestNG.java:230)
	at org.testng.remote.RemoteTestNG.main(RemoteTestNG.java:76)
]]>
    </failure>
  </testcase> <!-- verify_ELAVONFontContactUSPage -->
  <testcase name="verify_ELAVONFontContactUSPage" time="161.686" classname="com.galenframework.java.USB.testelavon.ContactUSVerification">
    <failure type="com.galenframework.support.LayoutValidationException" message="/specs/Sprint2/Elavon/DESKTOP/Font_CONTACT_ELAVON.spec, tags: [Mobile]
  - &quot;ContactUSHeadline&quot; css property &quot;font-family&quot; is &quot;&quot;roboto-bold&quot;&quot; but should be &quot;roboto-bold&quot; (/specs/Sprint2/Elavon/DESKTOP/Font_CONTACT_ELAVON.spec:197)
  - &quot;ContactUSSubheadline&quot; css property &quot;font-family&quot; is &quot;&quot;roboto-bold&quot;&quot; but should be &quot;roboto-bold&quot; (/specs/Sprint2/Elavon/DESKTOP/Font_CONTACT_ELAVON.spec:203)
  - &quot;ContactFirstNameLabel&quot; css property &quot;font-family&quot; is &quot;&quot;roboto-light&quot;&quot; but should be &quot;roboto-light&quot; (/specs/Sprint2/Elavon/DESKTOP/Font_CONTACT_ELAVON.spec:210)
  - &quot;ContactLastNameLabel&quot; css property &quot;font-family&quot; is &quot;&quot;roboto-light&quot;&quot; but should be &quot;roboto-light&quot; (/specs/Sprint2/Elavon/DESKTOP/Font_CONTACT_ELAVON.spec:217)
  - &quot;ContactEmailLabel&quot; css property &quot;font-family&quot; is &quot;&quot;roboto-light&quot;&quot; but should be &quot;roboto-light&quot; (/specs/Sprint2/Elavon/DESKTOP/Font_CONTACT_ELAVON.spec:224)
  - &quot;ContactSubjectLabel&quot; css property &quot;font-family&quot; is &quot;&quot;roboto-light&quot;&quot; but should be &quot;roboto-light&quot; (/specs/Sprint2/Elavon/DESKTOP/Font_CONTACT_ELAVON.spec:230)
  - &quot;ContactDropDown&quot; css property &quot;color&quot; is &quot;rgba(35, 36, 96, 1)&quot; but should be &quot;rgba(10, 19, 97, 1)&quot; (/specs/Sprint2/Elavon/DESKTOP/Font_CONTACT_ELAVON.spec:234)
  - &quot;ContactMessageLabel&quot; css property &quot;font-family&quot; is &quot;&quot;roboto-light&quot;&quot; but should be &quot;roboto-light&quot; (/specs/Sprint2/Elavon/DESKTOP/Font_CONTACT_ELAVON.spec:241)
  - &quot;ContactSubmitButton&quot; css property &quot;color&quot; is &quot;rgba(255, 255, 255, 1)&quot; but should be &quot;rgba(35, 36, 96, 1)&quot; (/specs/Sprint2/Elavon/DESKTOP/Font_CONTACT_ELAVON.spec:245)
  - &quot;ContactSubmitButton&quot; css property &quot;font-family&quot; is &quot;&quot;roboto-medium&quot;&quot; but should be &quot;roboto-bold&quot; (/specs/Sprint2/Elavon/DESKTOP/Font_CONTACT_ELAVON.spec:247)
  - &quot;MobContactlleftSideText1&quot; css property &quot;font-family&quot; is &quot;&quot;roboto-bold&quot;&quot; but should be &quot;roboto-bold&quot; (/specs/Sprint2/Elavon/DESKTOP/Font_CONTACT_ELAVON.spec:254)
  - &quot;MobContactleftSideText2&quot; css property &quot;font-family&quot; is &quot;&quot;roboto-light&quot;&quot; but should be &quot;roboto-light&quot; (/specs/Sprint2/Elavon/DESKTOP/Font_CONTACT_ELAVON.spec:260)
  - &quot;MobContactleftSideContactNumber&quot; css property &quot;color&quot; is &quot;rgba(51, 51, 51, 1)&quot; but should be &quot;rgba(0, 0, 0, 1)&quot; (/specs/Sprint2/Elavon/DESKTOP/Font_CONTACT_ELAVON.spec:265)
  - &quot;MobContactleftSideContactNumber&quot; css property &quot;font-family&quot; is &quot;&quot;roboto&quot;&quot; but should be &quot;roboto-light&quot; (/specs/Sprint2/Elavon/DESKTOP/Font_CONTACT_ELAVON.spec:267)
  - &quot;MobContactleftSideContactNumber&quot; css property &quot;line-height&quot; is &quot;20px&quot; but should be &quot;18px&quot; (/specs/Sprint2/Elavon/DESKTOP/Font_CONTACT_ELAVON.spec:268)
  - &quot;MobContactleftSideContactEmail&quot; css property &quot;color&quot; is &quot;rgba(51, 51, 51, 1)&quot; but should be &quot;rgba(10, 19, 97, 1)&quot; (/specs/Sprint2/Elavon/DESKTOP/Font_CONTACT_ELAVON.spec:271)
  - &quot;MobContactleftSideContactEmail&quot; css property &quot;font-family&quot; is &quot;&quot;roboto&quot;&quot; but should be &quot;roboto-bold&quot; (/specs/Sprint2/Elavon/DESKTOP/Font_CONTACT_ELAVON.spec:273)
  - &quot;MobContactleftSideContactEmail&quot; css property &quot;line-height&quot; is &quot;20px&quot; but should be &quot;18px&quot; (/specs/Sprint2/Elavon/DESKTOP/Font_CONTACT_ELAVON.spec:274)
">
      <![CDATA[com.galenframework.support.LayoutValidationException: /specs/Sprint2/Elavon/DESKTOP/Font_CONTACT_ELAVON.spec, tags: [Mobile]
  - "ContactUSHeadline" css property "font-family" is ""roboto-bold"" but should be "roboto-bold" (/specs/Sprint2/Elavon/DESKTOP/Font_CONTACT_ELAVON.spec:197)
  - "ContactUSSubheadline" css property "font-family" is ""roboto-bold"" but should be "roboto-bold" (/specs/Sprint2/Elavon/DESKTOP/Font_CONTACT_ELAVON.spec:203)
  - "ContactFirstNameLabel" css property "font-family" is ""roboto-light"" but should be "roboto-light" (/specs/Sprint2/Elavon/DESKTOP/Font_CONTACT_ELAVON.spec:210)
  - "ContactLastNameLabel" css property "font-family" is ""roboto-light"" but should be "roboto-light" (/specs/Sprint2/Elavon/DESKTOP/Font_CONTACT_ELAVON.spec:217)
  - "ContactEmailLabel" css property "font-family" is ""roboto-light"" but should be "roboto-light" (/specs/Sprint2/Elavon/DESKTOP/Font_CONTACT_ELAVON.spec:224)
  - "ContactSubjectLabel" css property "font-family" is ""roboto-light"" but should be "roboto-light" (/specs/Sprint2/Elavon/DESKTOP/Font_CONTACT_ELAVON.spec:230)
  - "ContactDropDown" css property "color" is "rgba(35, 36, 96, 1)" but should be "rgba(10, 19, 97, 1)" (/specs/Sprint2/Elavon/DESKTOP/Font_CONTACT_ELAVON.spec:234)
  - "ContactMessageLabel" css property "font-family" is ""roboto-light"" but should be "roboto-light" (/specs/Sprint2/Elavon/DESKTOP/Font_CONTACT_ELAVON.spec:241)
  - "ContactSubmitButton" css property "color" is "rgba(255, 255, 255, 1)" but should be "rgba(35, 36, 96, 1)" (/specs/Sprint2/Elavon/DESKTOP/Font_CONTACT_ELAVON.spec:245)
  - "ContactSubmitButton" css property "font-family" is ""roboto-medium"" but should be "roboto-bold" (/specs/Sprint2/Elavon/DESKTOP/Font_CONTACT_ELAVON.spec:247)
  - "MobContactlleftSideText1" css property "font-family" is ""roboto-bold"" but should be "roboto-bold" (/specs/Sprint2/Elavon/DESKTOP/Font_CONTACT_ELAVON.spec:254)
  - "MobContactleftSideText2" css property "font-family" is ""roboto-light"" but should be "roboto-light" (/specs/Sprint2/Elavon/DESKTOP/Font_CONTACT_ELAVON.spec:260)
  - "MobContactleftSideContactNumber" css property "color" is "rgba(51, 51, 51, 1)" but should be "rgba(0, 0, 0, 1)" (/specs/Sprint2/Elavon/DESKTOP/Font_CONTACT_ELAVON.spec:265)
  - "MobContactleftSideContactNumber" css property "font-family" is ""roboto"" but should be "roboto-light" (/specs/Sprint2/Elavon/DESKTOP/Font_CONTACT_ELAVON.spec:267)
  - "MobContactleftSideContactNumber" css property "line-height" is "20px" but should be "18px" (/specs/Sprint2/Elavon/DESKTOP/Font_CONTACT_ELAVON.spec:268)
  - "MobContactleftSideContactEmail" css property "color" is "rgba(51, 51, 51, 1)" but should be "rgba(10, 19, 97, 1)" (/specs/Sprint2/Elavon/DESKTOP/Font_CONTACT_ELAVON.spec:271)
  - "MobContactleftSideContactEmail" css property "font-family" is ""roboto"" but should be "roboto-bold" (/specs/Sprint2/Elavon/DESKTOP/Font_CONTACT_ELAVON.spec:273)
  - "MobContactleftSideContactEmail" css property "line-height" is "20px" but should be "18px" (/specs/Sprint2/Elavon/DESKTOP/Font_CONTACT_ELAVON.spec:274)

	at com.galenframework.support.GalenJavaTestBase.checkLayout(GalenJavaTestBase.java:129)
	at com.galenframework.support.GalenJavaTestBase.checkLayout(GalenJavaTestBase.java:111)
	at com.galenframework.java.USB.testelavon.ContactUSVerification.verify_ELAVONFontContactUSPage(ContactUSVerification.java:23)
	at sun.reflect.NativeMethodAccessorImpl.invoke0(Native Method)
	at sun.reflect.NativeMethodAccessorImpl.invoke(NativeMethodAccessorImpl.java:62)
	at sun.reflect.DelegatingMethodAccessorImpl.invoke(DelegatingMethodAccessorImpl.java:43)
	at java.lang.reflect.Method.invoke(Method.java:498)
	at org.testng.internal.MethodInvocationHelper.invokeMethod(MethodInvocationHelper.java:80)
	at org.testng.internal.Invoker.invokeMethod(Invoker.java:715)
	at org.testng.internal.Invoker.invokeTestMethod(Invoker.java:907)
	at org.testng.internal.Invoker.invokeTestMethods(Invoker.java:1237)
	at org.testng.internal.TestMethodWorker.invokeTestMethods(TestMethodWorker.java:127)
	at org.testng.internal.TestMethodWorker.run(TestMethodWorker.java:111)
	at org.testng.TestRunner.privateRun(TestRunner.java:767)
	at org.testng.TestRunner.run(TestRunner.java:617)
	at org.testng.SuiteRunner.runTest(SuiteRunner.java:334)
	at org.testng.SuiteRunner.runSequentially(SuiteRunner.java:329)
	at org.testng.SuiteRunner.privateRun(SuiteRunner.java:291)
	at org.testng.SuiteRunner.run(SuiteRunner.java:240)
	at org.testng.SuiteRunnerWorker.runSuite(SuiteRunnerWorker.java:51)
	at org.testng.SuiteRunnerWorker.run(SuiteRunnerWorker.java:85)
	at org.testng.TestNG.runSuitesSequentially(TestNG.java:1197)
	at org.testng.TestNG.runSuitesLocally(TestNG.java:1122)
	at org.testng.TestNG.run(TestNG.java:1030)
	at org.testng.remote.AbstractRemoteTestNG.run(AbstractRemoteTestNG.java:132)
	at org.testng.remote.RemoteTestNG.initAndRun(RemoteTestNG.java:230)
	at org.testng.remote.RemoteTestNG.main(RemoteTestNG.java:76)
]]>
    </failure>
  </testcase> <!-- verify_ELAVONFontContactUSPage -->
  <testcase name="verify_ElavonPixelContactUsPage" time="0.441" classname="com.galenframework.java.USB.testelavon.ContactUSVerification">
    <failure type="org.openqa.selenium.remote.UnreachableBrowserException" message="Error communicating with the remote browser. It may have died.
Build info: version: &#039;2.53.1&#039;, revision: &#039;a36b8b1cd5757287168e54b817830adce9b0158d&#039;, time: &#039;2016-06-30 19:26:09&#039;
System info: host: &#039;delsban3586781&#039;, ip: &#039;10.207.92.53&#039;, os.name: &#039;Windows 7&#039;, os.arch: &#039;amd64&#039;, os.version: &#039;6.1&#039;, java.version: &#039;1.8.0_131&#039;
Driver info: driver.version: RemoteWebDriver
Capabilities [{applicationCacheEnabled=true, rotatable=false, handlesAlerts=true, databaseEnabled=true, version=46.0, platform=WINDOWS, nativeEvents=false, acceptSslCerts=true, webStorageEnabled=true, locationContextEnabled=true, browserName=firefox, takesScreenshot=true, javascriptEnabled=true, cssSelectorsEnabled=true}]
Session ID: d7792c51-f6c6-478a-b906-f3791468324f">
      <![CDATA[org.openqa.selenium.remote.UnreachableBrowserException: Error communicating with the remote browser. It may have died.
Build info: version: '2.53.1', revision: 'a36b8b1cd5757287168e54b817830adce9b0158d', time: '2016-06-30 19:26:09'
System info: host: 'delsban3586781', ip: '10.207.92.53', os.name: 'Windows 7', os.arch: 'amd64', os.version: '6.1', java.version: '1.8.0_131'
Driver info: driver.version: RemoteWebDriver
Capabilities [{applicationCacheEnabled=true, rotatable=false, handlesAlerts=true, databaseEnabled=true, version=46.0, platform=WINDOWS, nativeEvents=false, acceptSslCerts=true, webStorageEnabled=true, locationContextEnabled=true, browserName=firefox, takesScreenshot=true, javascriptEnabled=true, cssSelectorsEnabled=true}]
Session ID: d7792c51-f6c6-478a-b906-f3791468324f
	at org.openqa.selenium.remote.RemoteWebDriver.execute(RemoteWebDriver.java:665)
	at org.openqa.selenium.remote.RemoteWebDriver.execute(RemoteWebDriver.java:701)
	at org.openqa.selenium.remote.RemoteWebDriver.quit(RemoteWebDriver.java:526)
	at com.galenframework.support.GalenJavaTestBase.quitDriver(GalenJavaTestBase.java:152)
	at com.galenframework.testng.GalenTestNgTestBase.quitDriver(GalenTestNgTestBase.java:57)
	at sun.reflect.NativeMethodAccessorImpl.invoke0(Native Method)
	at sun.reflect.NativeMethodAccessorImpl.invoke(NativeMethodAccessorImpl.java:62)
	at sun.reflect.DelegatingMethodAccessorImpl.invoke(DelegatingMethodAccessorImpl.java:43)
	at java.lang.reflect.Method.invoke(Method.java:498)
	at org.testng.internal.MethodInvocationHelper.invokeMethod(MethodInvocationHelper.java:80)
	at org.testng.internal.Invoker.invokeConfigurationMethod(Invoker.java:564)
	at org.testng.internal.Invoker.invokeConfigurations(Invoker.java:213)
	at org.testng.internal.Invoker.invokeMethod(Invoker.java:796)
	at org.testng.internal.Invoker.invokeTestMethod(Invoker.java:907)
	at org.testng.internal.Invoker.invokeTestMethods(Invoker.java:1237)
	at org.testng.internal.TestMethodWorker.invokeTestMethods(TestMethodWorker.java:127)
	at org.testng.internal.TestMethodWorker.run(TestMethodWorker.java:111)
	at org.testng.TestRunner.privateRun(TestRunner.java:767)
	at org.testng.TestRunner.run(TestRunner.java:617)
	at org.testng.SuiteRunner.runTest(SuiteRunner.java:334)
	at org.testng.SuiteRunner.runSequentially(SuiteRunner.java:329)
	at org.testng.SuiteRunner.privateRun(SuiteRunner.java:291)
	at org.testng.SuiteRunner.run(SuiteRunner.java:240)
	at org.testng.SuiteRunnerWorker.runSuite(SuiteRunnerWorker.java:51)
	at org.testng.SuiteRunnerWorker.run(SuiteRunnerWorker.java:85)
	at org.testng.TestNG.runSuitesSequentially(TestNG.java:1197)
	at org.testng.TestNG.runSuitesLocally(TestNG.java:1122)
	at org.testng.TestNG.run(TestNG.java:1030)
	at org.testng.remote.AbstractRemoteTestNG.run(AbstractRemoteTestNG.java:132)
	at org.testng.remote.RemoteTestNG.initAndRun(RemoteTestNG.java:230)
	at org.testng.remote.RemoteTestNG.main(RemoteTestNG.java:76)
Caused by: org.apache.http.conn.HttpHostConnectException: Connect to 127.0.0.1:7055 [/127.0.0.1] failed: Connection refused: connect
	at org.apache.http.impl.conn.DefaultHttpClientConnectionOperator.connect(DefaultHttpClientConnectionOperator.java:151)
	at org.apache.http.impl.conn.PoolingHttpClientConnectionManager.connect(PoolingHttpClientConnectionManager.java:353)
	at org.apache.http.impl.execchain.MainClientExec.establishRoute(MainClientExec.java:380)
	at org.apache.http.impl.execchain.MainClientExec.execute(MainClientExec.java:236)
	at org.apache.http.impl.execchain.ProtocolExec.execute(ProtocolExec.java:184)
	at org.apache.http.impl.execchain.RetryExec.execute(RetryExec.java:88)
	at org.apache.http.impl.execchain.RedirectExec.execute(RedirectExec.java:110)
	at org.apache.http.impl.client.InternalHttpClient.doExecute(InternalHttpClient.java:184)
	at org.apache.http.impl.client.CloseableHttpClient.execute(CloseableHttpClient.java:71)
	at org.apache.http.impl.client.CloseableHttpClient.execute(CloseableHttpClient.java:55)
	at org.openqa.selenium.remote.internal.ApacheHttpClient.fallBackExecute(ApacheHttpClient.java:144)
	at org.openqa.selenium.remote.internal.ApacheHttpClient.execute(ApacheHttpClient.java:90)
	at org.openqa.selenium.remote.HttpCommandExecutor.execute(HttpCommandExecutor.java:142)
	at org.openqa.selenium.firefox.internal.NewProfileExtensionConnection.execute(NewProfileExtensionConnection.java:160)
	at org.openqa.selenium.firefox.FirefoxDriver$LazyCommandExecutor.execute(FirefoxDriver.java:380)
	at org.openqa.selenium.remote.RemoteWebDriver.execute(RemoteWebDriver.java:644)
	... 30 more
Caused by: java.net.ConnectException: Connection refused: connect
	at java.net.DualStackPlainSocketImpl.waitForConnect(Native Method)
	at java.net.DualStackPlainSocketImpl.socketConnect(DualStackPlainSocketImpl.java:85)
	at java.net.AbstractPlainSocketImpl.doConnect(AbstractPlainSocketImpl.java:350)
	at java.net.AbstractPlainSocketImpl.connectToAddress(AbstractPlainSocketImpl.java:206)
	at java.net.AbstractPlainSocketImpl.connect(AbstractPlainSocketImpl.java:188)
	at java.net.PlainSocketImpl.connect(PlainSocketImpl.java:172)
	at java.net.SocksSocketImpl.connect(SocksSocketImpl.java:392)
	at java.net.Socket.connect(Socket.java:589)
	at org.apache.http.conn.socket.PlainConnectionSocketFactory.connectSocket(PlainConnectionSocketFactory.java:74)
	at org.apache.http.impl.conn.DefaultHttpClientConnectionOperator.connect(DefaultHttpClientConnectionOperator.java:134)
	... 45 more
]]>
    </failure>
  </testcase> <!-- verify_ElavonPixelContactUsPage -->
  <testcase name="verify_ELAVONFontContactUSPage" time="69.336" classname="com.galenframework.java.USB.testelavon.ContactUSVerification">
    <failure type="com.galenframework.support.LayoutValidationException" message="/specs/Sprint2/Elavon/DESKTOP/Font_CONTACT_ELAVON.spec, tags: [Desktop]
  - &quot;ContactUSHeadline&quot; css property &quot;font-family&quot; is &quot;&quot;roboto-bold&quot;&quot; but should be &quot;roboto-bold&quot; (/specs/Sprint2/Elavon/DESKTOP/Font_CONTACT_ELAVON.spec:30)
  - &quot;ContactUSHeadline&quot; css property &quot;line-height&quot; is &quot;40px&quot; but should be &quot;38px&quot; (/specs/Sprint2/Elavon/DESKTOP/Font_CONTACT_ELAVON.spec:31)
  - &quot;ContactUSSubheadline&quot; css property &quot;font-family&quot; is &quot;&quot;roboto-bold&quot;&quot; but should be &quot;roboto-bold&quot; (/specs/Sprint2/Elavon/DESKTOP/Font_CONTACT_ELAVON.spec:36)
  - &quot;ContactFirstNameLabel&quot; css property &quot;font-family&quot; is &quot;&quot;roboto-light&quot;&quot; but should be &quot;roboto-light&quot; (/specs/Sprint2/Elavon/DESKTOP/Font_CONTACT_ELAVON.spec:43)
  - &quot;ContactLastNameLabel&quot; css property &quot;font-family&quot; is &quot;&quot;roboto-light&quot;&quot; but should be &quot;roboto-light&quot; (/specs/Sprint2/Elavon/DESKTOP/Font_CONTACT_ELAVON.spec:50)
  - &quot;ContactEmailLabel&quot; css property &quot;font-family&quot; is &quot;&quot;roboto-light&quot;&quot; but should be &quot;roboto-light&quot; (/specs/Sprint2/Elavon/DESKTOP/Font_CONTACT_ELAVON.spec:57)
  - &quot;ContactSubjectLabel&quot; css property &quot;font-family&quot; is &quot;&quot;roboto-light&quot;&quot; but should be &quot;roboto-light&quot; (/specs/Sprint2/Elavon/DESKTOP/Font_CONTACT_ELAVON.spec:63)
  - &quot;ContactDropDown&quot; css property &quot;color&quot; is &quot;rgba(35, 36, 96, 1)&quot; but should be &quot;rgba(10, 19, 97, 1)&quot; (/specs/Sprint2/Elavon/DESKTOP/Font_CONTACT_ELAVON.spec:67)
  - &quot;ContactMessageLabel&quot; css property &quot;font-family&quot; is &quot;&quot;roboto-light&quot;&quot; but should be &quot;roboto-light&quot; (/specs/Sprint2/Elavon/DESKTOP/Font_CONTACT_ELAVON.spec:73)
  - &quot;ContactSubmitButton&quot; css property &quot;color&quot; is &quot;rgba(255, 255, 255, 1)&quot; but should be &quot;rgba(35, 36, 96, 1)&quot; (/specs/Sprint2/Elavon/DESKTOP/Font_CONTACT_ELAVON.spec:77)
  - &quot;ContactSubmitButton&quot; css property &quot;font-family&quot; is &quot;&quot;roboto-medium&quot;&quot; but should be &quot;roboto-bold&quot; (/specs/Sprint2/Elavon/DESKTOP/Font_CONTACT_ELAVON.spec:79)
  - &quot;ContactlleftSideText1&quot; css property &quot;font-family&quot; is &quot;&quot;roboto-bold&quot;&quot; but should be &quot;roboto-bold&quot; (/specs/Sprint2/Elavon/DESKTOP/Font_CONTACT_ELAVON.spec:86)
  - &quot;ContactleftSideText2&quot; css property &quot;font-family&quot; is &quot;&quot;roboto-light&quot;&quot; but should be &quot;roboto-light&quot; (/specs/Sprint2/Elavon/DESKTOP/Font_CONTACT_ELAVON.spec:92)
  - &quot;ContactleftSideContactNumber&quot; css property &quot;font-family&quot; is &quot;&quot;roboto-light&quot;&quot; but should be &quot;roboto-light&quot; (/specs/Sprint2/Elavon/DESKTOP/Font_CONTACT_ELAVON.spec:99)
  - &quot;ContactleftSideContactEmail&quot; css property &quot;font-family&quot; is &quot;&quot;roboto-medium&quot;&quot; but should be &quot;roboto-bold&quot; (/specs/Sprint2/Elavon/DESKTOP/Font_CONTACT_ELAVON.spec:105)
">
      <![CDATA[com.galenframework.support.LayoutValidationException: /specs/Sprint2/Elavon/DESKTOP/Font_CONTACT_ELAVON.spec, tags: [Desktop]
  - "ContactUSHeadline" css property "font-family" is ""roboto-bold"" but should be "roboto-bold" (/specs/Sprint2/Elavon/DESKTOP/Font_CONTACT_ELAVON.spec:30)
  - "ContactUSHeadline" css property "line-height" is "40px" but should be "38px" (/specs/Sprint2/Elavon/DESKTOP/Font_CONTACT_ELAVON.spec:31)
  - "ContactUSSubheadline" css property "font-family" is ""roboto-bold"" but should be "roboto-bold" (/specs/Sprint2/Elavon/DESKTOP/Font_CONTACT_ELAVON.spec:36)
  - "ContactFirstNameLabel" css property "font-family" is ""roboto-light"" but should be "roboto-light" (/specs/Sprint2/Elavon/DESKTOP/Font_CONTACT_ELAVON.spec:43)
  - "ContactLastNameLabel" css property "font-family" is ""roboto-light"" but should be "roboto-light" (/specs/Sprint2/Elavon/DESKTOP/Font_CONTACT_ELAVON.spec:50)
  - "ContactEmailLabel" css property "font-family" is ""roboto-light"" but should be "roboto-light" (/specs/Sprint2/Elavon/DESKTOP/Font_CONTACT_ELAVON.spec:57)
  - "ContactSubjectLabel" css property "font-family" is ""roboto-light"" but should be "roboto-light" (/specs/Sprint2/Elavon/DESKTOP/Font_CONTACT_ELAVON.spec:63)
  - "ContactDropDown" css property "color" is "rgba(35, 36, 96, 1)" but should be "rgba(10, 19, 97, 1)" (/specs/Sprint2/Elavon/DESKTOP/Font_CONTACT_ELAVON.spec:67)
  - "ContactMessageLabel" css property "font-family" is ""roboto-light"" but should be "roboto-light" (/specs/Sprint2/Elavon/DESKTOP/Font_CONTACT_ELAVON.spec:73)
  - "ContactSubmitButton" css property "color" is "rgba(255, 255, 255, 1)" but should be "rgba(35, 36, 96, 1)" (/specs/Sprint2/Elavon/DESKTOP/Font_CONTACT_ELAVON.spec:77)
  - "ContactSubmitButton" css property "font-family" is ""roboto-medium"" but should be "roboto-bold" (/specs/Sprint2/Elavon/DESKTOP/Font_CONTACT_ELAVON.spec:79)
  - "ContactlleftSideText1" css property "font-family" is ""roboto-bold"" but should be "roboto-bold" (/specs/Sprint2/Elavon/DESKTOP/Font_CONTACT_ELAVON.spec:86)
  - "ContactleftSideText2" css property "font-family" is ""roboto-light"" but should be "roboto-light" (/specs/Sprint2/Elavon/DESKTOP/Font_CONTACT_ELAVON.spec:92)
  - "ContactleftSideContactNumber" css property "font-family" is ""roboto-light"" but should be "roboto-light" (/specs/Sprint2/Elavon/DESKTOP/Font_CONTACT_ELAVON.spec:99)
  - "ContactleftSideContactEmail" css property "font-family" is ""roboto-medium"" but should be "roboto-bold" (/specs/Sprint2/Elavon/DESKTOP/Font_CONTACT_ELAVON.spec:105)

	at com.galenframework.support.GalenJavaTestBase.checkLayout(GalenJavaTestBase.java:129)
	at com.galenframework.support.GalenJavaTestBase.checkLayout(GalenJavaTestBase.java:111)
	at com.galenframework.java.USB.testelavon.ContactUSVerification.verify_ELAVONFontContactUSPage(ContactUSVerification.java:23)
	at sun.reflect.NativeMethodAccessorImpl.invoke0(Native Method)
	at sun.reflect.NativeMethodAccessorImpl.invoke(NativeMethodAccessorImpl.java:62)
	at sun.reflect.DelegatingMethodAccessorImpl.invoke(DelegatingMethodAccessorImpl.java:43)
	at java.lang.reflect.Method.invoke(Method.java:498)
	at org.testng.internal.MethodInvocationHelper.invokeMethod(MethodInvocationHelper.java:80)
	at org.testng.internal.Invoker.invokeMethod(Invoker.java:715)
	at org.testng.internal.Invoker.invokeTestMethod(Invoker.java:907)
	at org.testng.internal.Invoker.invokeTestMethods(Invoker.java:1237)
	at org.testng.internal.TestMethodWorker.invokeTestMethods(TestMethodWorker.java:127)
	at org.testng.internal.TestMethodWorker.run(TestMethodWorker.java:111)
	at org.testng.TestRunner.privateRun(TestRunner.java:767)
	at org.testng.TestRunner.run(TestRunner.java:617)
	at org.testng.SuiteRunner.runTest(SuiteRunner.java:334)
	at org.testng.SuiteRunner.runSequentially(SuiteRunner.java:329)
	at org.testng.SuiteRunner.privateRun(SuiteRunner.java:291)
	at org.testng.SuiteRunner.run(SuiteRunner.java:240)
	at org.testng.SuiteRunnerWorker.runSuite(SuiteRunnerWorker.java:51)
	at org.testng.SuiteRunnerWorker.run(SuiteRunnerWorker.java:85)
	at org.testng.TestNG.runSuitesSequentially(TestNG.java:1197)
	at org.testng.TestNG.runSuitesLocally(TestNG.java:1122)
	at org.testng.TestNG.run(TestNG.java:1030)
	at org.testng.remote.AbstractRemoteTestNG.run(AbstractRemoteTestNG.java:132)
	at org.testng.remote.RemoteTestNG.initAndRun(RemoteTestNG.java:230)
	at org.testng.remote.RemoteTestNG.main(RemoteTestNG.java:76)
]]>
    </failure>
  </testcase> <!-- verify_ELAVONFontContactUSPage -->
</testsuite> <!-- com.galenframework.java.USB.testelavon.ContactUSVerification -->
